<?xml version="1.0" encoding="UTF-8"?>
<!-- Generated by org.testng.reporters.JUnitXMLReporter -->
<testsuite ignored="8" hostname="LAPTOP-T9TC6QDG" failures="0" tests="1" name="Default test" time="2.964" errors="0" timestamp="2024-03-27T21:25:42 IST">
  <testcase classname="com.billhub.qa.testcases.InvoiceValidationByAccounts_MERU_Test" name="@BeforeClass setup" time="2.881">
    <failure type="org.openqa.selenium.NoSuchWindowException" message="no such window: target window already closed
from unknown error: web view not found
  (Session info: chrome=123.0.6312.60)
Build info: version: &amp;apos;4.17.0&amp;apos;, revision: &amp;apos;e52b1be057*&amp;apos;
System info: os.name: &amp;apos;Windows 11&amp;apos;, os.arch: &amp;apos;amd64&amp;apos;, os.version: &amp;apos;10.0&amp;apos;, java.version: &amp;apos;21.0.2&amp;apos;
Driver info: org.openqa.selenium.chrome.ChromeDriver
Command: [15788a8de357f65032662d8e4b7cfc48, findElement {using=xpath, value=//input[@id=&amp;apos;emailInput&amp;apos;]}]
Capabilities {acceptInsecureCerts: false, browserName: chrome, browserVersion: 123.0.6312.60, chrome: {chromedriverVersion: 123.0.6312.86 (9b72c47a0536..., userDataDir: C:\Users\nisha\AppData\Loca...}, fedcm:accounts: true, goog:chromeOptions: {debuggerAddress: localhost:62024}, networkConnectionEnabled: false, pageLoadStrategy: normal, platformName: windows, proxy: Proxy(), se:cdp: ws://localhost:62024/devtoo..., se:cdpVersion: 123.0.6312.60, setWindowRect: true, strictFileInteractability: false, timeouts: {implicit: 0, pageLoad: 300000, script: 30000}, unhandledPromptBehavior: dismiss and notify, webauthn:extension:credBlob: true, webauthn:extension:largeBlob: true, webauthn:extension:minPinLength: true, webauthn:extension:prf: true, webauthn:virtualAuthenticators: true}
Session ID: 15788a8de357f65032662d8e4b7cfc48">
      <![CDATA[org.openqa.selenium.NoSuchWindowException: no such window: target window already closed
from unknown error: web view not found
  (Session info: chrome=123.0.6312.60)
Build info: version: '4.17.0', revision: 'e52b1be057*'
System info: os.name: 'Windows 11', os.arch: 'amd64', os.version: '10.0', java.version: '21.0.2'
Driver info: org.openqa.selenium.chrome.ChromeDriver
Command: [15788a8de357f65032662d8e4b7cfc48, findElement {using=xpath, value=//input[@id='emailInput']}]
Capabilities {acceptInsecureCerts: false, browserName: chrome, browserVersion: 123.0.6312.60, chrome: {chromedriverVersion: 123.0.6312.86 (9b72c47a0536..., userDataDir: C:\Users\nisha\AppData\Loca...}, fedcm:accounts: true, goog:chromeOptions: {debuggerAddress: localhost:62024}, networkConnectionEnabled: false, pageLoadStrategy: normal, platformName: windows, proxy: Proxy(), se:cdp: ws://localhost:62024/devtoo..., se:cdpVersion: 123.0.6312.60, setWindowRect: true, strictFileInteractability: false, timeouts: {implicit: 0, pageLoad: 300000, script: 30000}, unhandledPromptBehavior: dismiss and notify, webauthn:extension:credBlob: true, webauthn:extension:largeBlob: true, webauthn:extension:minPinLength: true, webauthn:extension:prf: true, webauthn:virtualAuthenticators: true}
Session ID: 15788a8de357f65032662d8e4b7cfc48
at java.base/jdk.internal.reflect.DirectConstructorHandleAccessor.newInstance(DirectConstructorHandleAccessor.java:62)
at java.base/java.lang.reflect.Constructor.newInstanceWithCaller(Constructor.java:502)
at java.base/java.lang.reflect.Constructor.newInstance(Constructor.java:486)
at org.openqa.selenium.remote.codec.w3c.W3CHttpResponseCodec.createException(W3CHttpResponseCodec.java:185)
at org.openqa.selenium.remote.codec.w3c.W3CHttpResponseCodec.decode(W3CHttpResponseCodec.java:134)
at org.openqa.selenium.remote.codec.w3c.W3CHttpResponseCodec.decode(W3CHttpResponseCodec.java:51)
at org.openqa.selenium.remote.HttpCommandExecutor.execute(HttpCommandExecutor.java:190)
at org.openqa.selenium.remote.service.DriverCommandExecutor.invokeExecute(DriverCommandExecutor.java:216)
at org.openqa.selenium.remote.service.DriverCommandExecutor.execute(DriverCommandExecutor.java:174)
at org.openqa.selenium.remote.RemoteWebDriver.execute(RemoteWebDriver.java:519)
at org.openqa.selenium.remote.ElementLocation$ElementFinder$2.findElement(ElementLocation.java:165)
at org.openqa.selenium.remote.ElementLocation.findElement(ElementLocation.java:59)
at org.openqa.selenium.remote.RemoteWebDriver.findElement(RemoteWebDriver.java:356)
at org.openqa.selenium.remote.RemoteWebDriver.findElement(RemoteWebDriver.java:350)
at org.openqa.selenium.support.pagefactory.DefaultElementLocator.findElement(DefaultElementLocator.java:68)
at org.openqa.selenium.support.pagefactory.internal.LocatingElementHandler.invoke(LocatingElementHandler.java:38)
at jdk.proxy2/jdk.proxy2.$Proxy27.sendKeys(Unknown Source)
at com.billhub.qa.pages.LoginPage.loginAsAccount(LoginPage.java:56)
at com.billhub.qa.testcases.InvoiceValidationByAccounts_MERU_Test.setup(InvoiceValidationByAccounts_MERU_Test.java:30)
at java.base/jdk.internal.reflect.DirectMethodHandleAccessor.invoke(DirectMethodHandleAccessor.java:103)
at java.base/java.lang.reflect.Method.invoke(Method.java:580)
at org.testng.internal.invokers.MethodInvocationHelper.invokeMethod(MethodInvocationHelper.java:139)
at org.testng.internal.invokers.MethodInvocationHelper.invokeMethodConsideringTimeout(MethodInvocationHelper.java:69)
at org.testng.internal.invokers.ConfigInvoker.invokeConfigurationMethod(ConfigInvoker.java:393)
at org.testng.internal.invokers.ConfigInvoker.invokeConfigurations(ConfigInvoker.java:326)
at org.testng.internal.invokers.TestMethodWorker.invokeBeforeClassMethods(TestMethodWorker.java:180)
at org.testng.internal.invokers.TestMethodWorker.run(TestMethodWorker.java:122)
at java.base/java.util.ArrayList.forEach(ArrayList.java:1596)
at org.testng.TestRunner.privateRun(TestRunner.java:819)
at org.testng.TestRunner.run(TestRunner.java:619)
at org.testng.SuiteRunner.runTest(SuiteRunner.java:443)
at org.testng.SuiteRunner.runSequentially(SuiteRunner.java:437)
at org.testng.SuiteRunner.privateRun(SuiteRunner.java:397)
at org.testng.SuiteRunner.run(SuiteRunner.java:336)
at org.testng.SuiteRunnerWorker.runSuite(SuiteRunnerWorker.java:52)
at org.testng.SuiteRunnerWorker.run(SuiteRunnerWorker.java:95)
at org.testng.TestNG.runSuitesSequentially(TestNG.java:1301)
at org.testng.TestNG.runSuitesLocally(TestNG.java:1228)
at org.testng.TestNG.runSuites(TestNG.java:1134)
at org.testng.TestNG.run(TestNG.java:1101)
at org.testng.remote.AbstractRemoteTestNG.run(AbstractRemoteTestNG.java:115)
at org.testng.remote.RemoteTestNG.initAndRun(RemoteTestNG.java:251)
at org.testng.remote.RemoteTestNG.main(RemoteTestNG.java:77)
]]>
    </failure>
  </testcase> <!-- @BeforeClass setup -->
  <testcase classname="com.billhub.qa.testcases.InvoiceValidationByAccounts_MERU_Test" name="@AfterClass tearDown" time="0.0">
    <skipped/>
  </testcase> <!-- @AfterClass tearDown -->
  <testcase classname="com.billhub.qa.testcases.InvoiceValidationByAccounts_MERU_Test" name="searchInvoicesWithMultipleFieldsTest" time="0.001">
    <skipped/>
  </testcase> <!-- searchInvoicesWithMultipleFieldsTest -->
  <testcase classname="com.billhub.qa.testcases.InvoiceValidationByAccounts_MERU_Test" name="validateCorrectInvoicesTest" time="0.0">
    <ignored/>
  </testcase> <!-- validateCorrectInvoicesTest -->
  <testcase classname="com.billhub.qa.testcases.InvoiceValidationByAccounts_MERU_Test" name="validateExportButtonTest" time="0.0">
    <ignored/>
  </testcase> <!-- validateExportButtonTest -->
  <testcase classname="com.billhub.qa.testcases.InvoiceValidationByAccounts_MERU_Test" name="validateBlanketApproveTest" time="0.0">
    <ignored/>
  </testcase> <!-- validateBlanketApproveTest -->
  <testcase classname="com.billhub.qa.testcases.InvoiceValidationByAccounts_MERU_Test" name="searchInvoicesWithInvalidData" time="0.0">
    <ignored/>
  </testcase> <!-- searchInvoicesWithInvalidData -->
  <testcase classname="com.billhub.qa.testcases.InvoiceValidationByAccounts_MERU_Test" name="validatePendingInvoicesTest" time="0.0">
    <ignored/>
  </testcase> <!-- validatePendingInvoicesTest -->
  <testcase classname="com.billhub.qa.testcases.InvoiceValidationByAccounts_MERU_Test" name="validateRaiseQueryTest" time="0.0">
    <ignored/>
  </testcase> <!-- validateRaiseQueryTest -->
  <testcase classname="com.billhub.qa.testcases.InvoiceValidationByAccounts_MERU_Test" name="validateDownloadButtonTest" time="0.0">
    <ignored/>
  </testcase> <!-- validateDownloadButtonTest -->
  <testcase classname="com.billhub.qa.testcases.InvoiceValidationByAccounts_MERU_Test" name="validateAllInvoicesTest" time="0.0">
    <ignored/>
  </testcase> <!-- validateAllInvoicesTest -->
</testsuite> <!-- Default test -->
