<?xml version="1.0" encoding="UTF-8"?>
<!-- Generated by org.testng.reporters.JUnitXMLReporter -->
<testsuite ignored="6" hostname="LAPTOP-T9TC6QDG" failures="0" tests="1" name="Default test" time="38.75" errors="0" timestamp="2024-03-04T08:32:44 IST">
  <testcase classname="com.billhub.qa.testcases.CreatePOBasedInvoicePageTest" name="submitMemoWithDuplicateDataTest" time="16.373"/>
  <testcase classname="com.billhub.qa.testcases.CreatePOBasedInvoicePageTest" name="createMultipleInvoiceInSingleMemoTest" time="0.0">
    <ignored/>
  </testcase> <!-- createMultipleInvoiceInSingleMemoTest -->
  <testcase classname="com.billhub.qa.testcases.CreatePOBasedInvoicePageTest" name="tdCodeVerificationTest" time="0.0">
    <ignored/>
  </testcase> <!-- tdCodeVerificationTest -->
  <testcase classname="com.billhub.qa.testcases.CreatePOBasedInvoicePageTest" name="additionalAmountVerificationTest" time="0.0">
    <ignored/>
  </testcase> <!-- additionalAmountVerificationTest -->
  <testcase classname="com.billhub.qa.testcases.CreatePOBasedInvoicePageTest" name="submitMemoWithValidDataTest" time="0.0">
    <ignored/>
  </testcase> <!-- submitMemoWithValidDataTest -->
  <testcase classname="com.billhub.qa.testcases.CreatePOBasedInvoicePageTest" name="gstCodeVerificationTest" time="0.0">
    <ignored/>
  </testcase> <!-- gstCodeVerificationTest -->
  <testcase classname="com.billhub.qa.testcases.CreatePOBasedInvoicePageTest" name="createInvoiceWithoutDataTest" time="0.0">
    <ignored/>
  </testcase> <!-- createInvoiceWithoutDataTest -->
</testsuite> <!-- Default test -->
