<?xml version="1.0" encoding="UTF-8"?>
<!-- Generated by org.testng.reporters.JUnitXMLReporter -->
<testsuite ignored="0" hostname="LAPTOP-T9TC6QDG" failures="0" tests="2" name="Default test" time="25.854" errors="0" timestamp="2024-02-27T17:52:18 IST">
  <testcase classname="com.billhub.qa.testcases.UserPageTest" name="addNewUserWithInactiveStatusTest" time="1.222"/>
  <testcase classname="com.billhub.qa.testcases.UserPageTest" name="createMDMAndReadOnlyUsersTest" time="5.487"/>
</testsuite> <!-- Default test -->
