<?xml version="1.0" encoding="UTF-8"?>
<!-- Generated by org.testng.reporters.JUnitXMLReporter -->
<testsuite ignored="6" hostname="LAPTOP-T9TC6QDG" failures="0" tests="1" name="Default test" time="34.275" errors="0" timestamp="2024-02-22T21:34:18 IST">
  <testcase classname="com.billhub.qa.testcases.ReasonPageTest" name="updateReasonTest" time="1.796"/>
  <testcase classname="com.billhub.qa.testcases.ReasonPageTest" name="searchByReasonNameTest" time="0.0">
    <ignored/>
  </testcase> <!-- searchByReasonNameTest -->
  <testcase classname="com.billhub.qa.testcases.ReasonPageTest" name="addNewReasonWithoutDataTest" time="0.0">
    <ignored/>
  </testcase> <!-- addNewReasonWithoutDataTest -->
  <testcase classname="com.billhub.qa.testcases.ReasonPageTest" name="addNewReasonWithInvalidDataTest" time="0.0">
    <ignored/>
  </testcase> <!-- addNewReasonWithInvalidDataTest -->
  <testcase classname="com.billhub.qa.testcases.ReasonPageTest" name="searchByReasonCodeTest" time="0.0">
    <ignored/>
  </testcase> <!-- searchByReasonCodeTest -->
  <testcase classname="com.billhub.qa.testcases.ReasonPageTest" name="addNewReasonWithDuplicateDataTest" time="0.0">
    <ignored/>
  </testcase> <!-- addNewReasonWithDuplicateDataTest -->
  <testcase classname="com.billhub.qa.testcases.ReasonPageTest" name="addNewReasonWithValidDataTest" time="0.0">
    <ignored/>
  </testcase> <!-- addNewReasonWithValidDataTest -->
</testsuite> <!-- Default test -->
