<?xml version="1.0" encoding="UTF-8"?>
<!-- Generated by org.testng.reporters.JUnitXMLReporter -->
<testsuite ignored="6" hostname="LAPTOP-T9TC6QDG" failures="0" tests="1" name="Default test" time="28.498" errors="0" timestamp="2024-03-28T12:34:29 IST">
  <testcase classname="com.billhub.qa.testcases.CreatePaymentRequestForPOPageTest" name="searchInvoicesByValidBaNameTest" time="2.365"/>
  <testcase classname="com.billhub.qa.testcases.CreatePaymentRequestForPOPageTest" name="searchWithValidRequestNumberTest" time="0.0">
    <ignored/>
  </testcase> <!-- searchWithValidRequestNumberTest -->
  <testcase classname="com.billhub.qa.testcases.CreatePaymentRequestForPOPageTest" name="validateExcelsheetDataTest" time="0.0">
    <ignored/>
  </testcase> <!-- validateExcelsheetDataTest -->
  <testcase classname="com.billhub.qa.testcases.CreatePaymentRequestForPOPageTest" name="searchWithInvalidRequestNumberTest" time="0.0">
    <ignored/>
  </testcase> <!-- searchWithInvalidRequestNumberTest -->
  <testcase classname="com.billhub.qa.testcases.CreatePaymentRequestForPOPageTest" name="ValidateRejectPaymentRequestTest" time="0.0">
    <ignored/>
  </testcase> <!-- ValidateRejectPaymentRequestTest -->
  <testcase classname="com.billhub.qa.testcases.CreatePaymentRequestForPOPageTest" name="ValidateDownloadPaymentRequestTest" time="0.0">
    <ignored/>
  </testcase> <!-- ValidateDownloadPaymentRequestTest -->
  <testcase classname="com.billhub.qa.testcases.CreatePaymentRequestForPOPageTest" name="searchInvoicesByInvalidBaNameTest" time="0.0">
    <ignored/>
  </testcase> <!-- searchInvoicesByInvalidBaNameTest -->
</testsuite> <!-- Default test -->
