<?xml version="1.0" encoding="UTF-8"?>
<!-- Generated by org.testng.reporters.JUnitXMLReporter -->
<testsuite ignored="9" hostname="LAPTOP-T9TC6QDG" failures="0" tests="1" name="Default test" time="129.841" errors="0" timestamp="2024-03-22T11:45:39 IST">
  <testcase classname="com.billhub.qa.testcases.BAPageTest" name="updateBATest" time="101.748"/>
  <testcase classname="com.billhub.qa.testcases.BAPageTest" name="addNewBaWithInvalidDataTest" time="0.0">
    <ignored/>
  </testcase> <!-- addNewBaWithInvalidDataTest -->
  <testcase classname="com.billhub.qa.testcases.BAPageTest" name="searchBAByCodeTest" time="0.0">
    <ignored/>
  </testcase> <!-- searchBAByCodeTest -->
  <testcase classname="com.billhub.qa.testcases.BAPageTest" name="addNewBAWithInactiveStatusTest" time="0.0">
    <ignored/>
  </testcase> <!-- addNewBAWithInactiveStatusTest -->
  <testcase classname="com.billhub.qa.testcases.BAPageTest" name="addNewBaWithValidDataTest" time="0.0">
    <ignored/>
  </testcase> <!-- addNewBaWithValidDataTest -->
  <testcase classname="com.billhub.qa.testcases.BAPageTest" name="searchBAByNameTest" time="0.0">
    <ignored/>
  </testcase> <!-- searchBAByNameTest -->
  <testcase classname="com.billhub.qa.testcases.BAPageTest" name="addNewBAWithActiveStatusTest" time="0.0">
    <ignored/>
  </testcase> <!-- addNewBAWithActiveStatusTest -->
  <testcase classname="com.billhub.qa.testcases.BAPageTest" name="addNewBaWithoutDataTest" time="0.0">
    <ignored/>
  </testcase> <!-- addNewBaWithoutDataTest -->
  <testcase classname="com.billhub.qa.testcases.BAPageTest" name="addNewBAWithDuplicateDataTest" time="0.0">
    <ignored/>
  </testcase> <!-- addNewBAWithDuplicateDataTest -->
  <testcase classname="com.billhub.qa.testcases.BAPageTest" name="validateAddedBAInTheDatabaseTest" time="0.0">
    <ignored/>
  </testcase> <!-- validateAddedBAInTheDatabaseTest -->
</testsuite> <!-- Default test -->
