<?xml version="1.0" encoding="UTF-8"?>
<!-- Generated by org.testng.reporters.JUnitXMLReporter -->
<testsuite ignored="19" hostname="LAPTOP-T9TC6QDG" failures="0" tests="1" name="Default test" time="46.758" errors="0" timestamp="2024-03-14T17:55:39 IST">
  <testcase classname="com.billhub.qa.testcases.POBasedInvoiceAcknowledgementPageTest" name="searchByInvalidTransactionBatchIdTest" time="40.53"/>
  <testcase classname="com.billhub.qa.testcases.POBasedInvoiceAcknowledgementPageTest" name="ValidateRejectTheAcknowledgedInvoiceTest" time="0.0">
    <ignored/>
  </testcase> <!-- ValidateRejectTheAcknowledgedInvoiceTest -->
  <testcase classname="com.billhub.qa.testcases.POBasedInvoiceAcknowledgementPageTest" name="validateAcknowledgedStatusTest" time="0.0">
    <ignored/>
  </testcase> <!-- validateAcknowledgedStatusTest -->
  <testcase classname="com.billhub.qa.testcases.POBasedInvoiceAcknowledgementPageTest" name="downloadingInvoiceBeforeBookingTest" time="0.0">
    <ignored/>
  </testcase> <!-- downloadingInvoiceBeforeBookingTest -->
  <testcase classname="com.billhub.qa.testcases.POBasedInvoiceAcknowledgementPageTest" name="validateInvoiceFilePreviewTest" time="0.0">
    <ignored/>
  </testcase> <!-- validateInvoiceFilePreviewTest -->
  <testcase classname="com.billhub.qa.testcases.POBasedInvoiceAcknowledgementPageTest" name="validatingTwoDocumentNumbersTest" time="0.0">
    <ignored/>
  </testcase> <!-- validatingTwoDocumentNumbersTest -->
  <testcase classname="com.billhub.qa.testcases.POBasedInvoiceAcknowledgementPageTest" name="verifyInvoiceWithInvalidTaxCodeTest" time="0.0">
    <ignored/>
  </testcase> <!-- verifyInvoiceWithInvalidTaxCodeTest -->
  <testcase classname="com.billhub.qa.testcases.POBasedInvoiceAcknowledgementPageTest" name="ValidateReassignTheMemoTest" time="0.0">
    <ignored/>
  </testcase> <!-- ValidateReassignTheMemoTest -->
  <testcase classname="com.billhub.qa.testcases.POBasedInvoiceAcknowledgementPageTest" name="searchingInvoiceWithInvalidDataTest" time="0.0">
    <ignored/>
  </testcase> <!-- searchingInvoiceWithInvalidDataTest -->
  <testcase classname="com.billhub.qa.testcases.POBasedInvoiceAcknowledgementPageTest" name="validateRejectedStatusTest" time="0.0">
    <ignored/>
  </testcase> <!-- validateRejectedStatusTest -->
  <testcase classname="com.billhub.qa.testcases.POBasedInvoiceAcknowledgementPageTest" name="validateVerifiedStatusTest" time="0.0">
    <ignored/>
  </testcase> <!-- validateVerifiedStatusTest -->
  <testcase classname="com.billhub.qa.testcases.POBasedInvoiceAcknowledgementPageTest" name="verifyInvoiceWithValidDataTest" time="0.0">
    <ignored/>
  </testcase> <!-- verifyInvoiceWithValidDataTest -->
  <testcase classname="com.billhub.qa.testcases.POBasedInvoiceAcknowledgementPageTest" name="validateAcknowledgeTheMemoTest" time="0.0">
    <ignored/>
  </testcase> <!-- validateAcknowledgeTheMemoTest -->
  <testcase classname="com.billhub.qa.testcases.POBasedInvoiceAcknowledgementPageTest" name="validateSubmittedPoBasedInvoiceInDashboardTest" time="0.0">
    <ignored/>
  </testcase> <!-- validateSubmittedPoBasedInvoiceInDashboardTest -->
  <testcase classname="com.billhub.qa.testcases.POBasedInvoiceAcknowledgementPageTest" name="searchingInvoiceWithMultipleFieldsTest" time="0.0">
    <ignored/>
  </testcase> <!-- searchingInvoiceWithMultipleFieldsTest -->
  <testcase classname="com.billhub.qa.testcases.POBasedInvoiceAcknowledgementPageTest" name="ValidateRejectTheMemoTest" time="0.0">
    <ignored/>
  </testcase> <!-- ValidateRejectTheMemoTest -->
  <testcase classname="com.billhub.qa.testcases.POBasedInvoiceAcknowledgementPageTest" name="downloadingBookedInvoiceTest" time="0.0">
    <ignored/>
  </testcase> <!-- downloadingBookedInvoiceTest -->
  <testcase classname="com.billhub.qa.testcases.POBasedInvoiceAcknowledgementPageTest" name="searchByTransactionBatchIdTest" time="0.0">
    <ignored/>
  </testcase> <!-- searchByTransactionBatchIdTest -->
  <testcase classname="com.billhub.qa.testcases.POBasedInvoiceAcknowledgementPageTest" name="acknowledgingInvalidGRNTest" time="0.0">
    <ignored/>
  </testcase> <!-- acknowledgingInvalidGRNTest -->
  <testcase classname="com.billhub.qa.testcases.POBasedInvoiceAcknowledgementPageTest" name="bookingInvoiceWithValidDataTest" time="0.0">
    <ignored/>
  </testcase> <!-- bookingInvoiceWithValidDataTest -->
</testsuite> <!-- Default test -->
