<?xml version="1.0" encoding="UTF-8"?>
<!-- Generated by org.testng.reporters.JUnitXMLReporter -->
<testsuite ignored="9" hostname="LAPTOP-T9TC6QDG" failures="1" tests="1" name="Default test" time="17.956" errors="0" timestamp="2024-02-13T20:42:30 IST">
  <testcase classname="com.billhub.qa.testcases.BAPageTest" name="addNewBAWithActiveStatusTest" time="0.252">
    <failure type="java.lang.AssertionError" message="BA with active status was not added or not found in database upon searching. expected [Active] but found [Deactive]">
      <![CDATA[java.lang.AssertionError: BA with active status was not added or not found in database upon searching. expected [Active] but found [Deactive]
at org.testng.Assert.fail(Assert.java:111)
at org.testng.Assert.failNotEquals(Assert.java:1578)
at org.testng.Assert.assertEqualsImpl(Assert.java:150)
at org.testng.Assert.assertEquals(Assert.java:132)
at org.testng.Assert.assertEquals(Assert.java:656)
at com.billhub.qa.testcases.BAPageTest.addNewBAWithActiveStatusTest(BAPageTest.java:102)
at java.base/jdk.internal.reflect.DirectMethodHandleAccessor.invoke(DirectMethodHandleAccessor.java:103)
at java.base/java.lang.reflect.Method.invoke(Method.java:580)
at org.testng.internal.invokers.MethodInvocationHelper.invokeMethod(MethodInvocationHelper.java:139)
at org.testng.internal.invokers.TestInvoker.invokeMethod(TestInvoker.java:664)
at org.testng.internal.invokers.TestInvoker.invokeTestMethod(TestInvoker.java:228)
at org.testng.internal.invokers.MethodRunner.runInSequence(MethodRunner.java:63)
at org.testng.internal.invokers.TestInvoker$MethodInvocationAgent.invoke(TestInvoker.java:961)
at org.testng.internal.invokers.TestInvoker.invokeTestMethods(TestInvoker.java:201)
at org.testng.internal.invokers.TestMethodWorker.invokeTestMethods(TestMethodWorker.java:148)
at org.testng.internal.invokers.TestMethodWorker.run(TestMethodWorker.java:128)
at java.base/java.util.ArrayList.forEach(ArrayList.java:1596)
at org.testng.TestRunner.privateRun(TestRunner.java:819)
at org.testng.TestRunner.run(TestRunner.java:619)
at org.testng.SuiteRunner.runTest(SuiteRunner.java:443)
at org.testng.SuiteRunner.runSequentially(SuiteRunner.java:437)
at org.testng.SuiteRunner.privateRun(SuiteRunner.java:397)
at org.testng.SuiteRunner.run(SuiteRunner.java:336)
at org.testng.SuiteRunnerWorker.runSuite(SuiteRunnerWorker.java:52)
at org.testng.SuiteRunnerWorker.run(SuiteRunnerWorker.java:95)
at org.testng.TestNG.runSuitesSequentially(TestNG.java:1301)
at org.testng.TestNG.runSuitesLocally(TestNG.java:1228)
at org.testng.TestNG.runSuites(TestNG.java:1134)
at org.testng.TestNG.run(TestNG.java:1101)
at org.testng.remote.AbstractRemoteTestNG.run(AbstractRemoteTestNG.java:115)
at org.testng.remote.RemoteTestNG.initAndRun(RemoteTestNG.java:251)
at org.testng.remote.RemoteTestNG.main(RemoteTestNG.java:77)
]]>
    </failure>
  </testcase> <!-- addNewBAWithActiveStatusTest -->
  <testcase classname="com.billhub.qa.testcases.BAPageTest" name="addNewBaWithoutDataTest" time="0.0">
    <ignored/>
  </testcase> <!-- addNewBaWithoutDataTest -->
  <testcase classname="com.billhub.qa.testcases.BAPageTest" name="searchBAByNameTest" time="0.0">
    <ignored/>
  </testcase> <!-- searchBAByNameTest -->
  <testcase classname="com.billhub.qa.testcases.BAPageTest" name="validateAddedBAInTheDatabaseTest" time="0.0">
    <ignored/>
  </testcase> <!-- validateAddedBAInTheDatabaseTest -->
  <testcase classname="com.billhub.qa.testcases.BAPageTest" name="addNewBAWithInactiveStatusTest" time="0.0">
    <ignored/>
  </testcase> <!-- addNewBAWithInactiveStatusTest -->
  <testcase classname="com.billhub.qa.testcases.BAPageTest" name="updateBA" time="0.0">
    <ignored/>
  </testcase> <!-- updateBA -->
  <testcase classname="com.billhub.qa.testcases.BAPageTest" name="searchBAByCodeTest" time="0.0">
    <ignored/>
  </testcase> <!-- searchBAByCodeTest -->
  <testcase classname="com.billhub.qa.testcases.BAPageTest" name="addNewBAWithDuplicateDataTest" time="0.0">
    <ignored/>
  </testcase> <!-- addNewBAWithDuplicateDataTest -->
  <testcase classname="com.billhub.qa.testcases.BAPageTest" name="addNewBaWithValidDataTest" time="0.0">
    <ignored/>
  </testcase> <!-- addNewBaWithValidDataTest -->
  <testcase classname="com.billhub.qa.testcases.BAPageTest" name="addNewBaWithInvalidDataTest" time="0.0">
    <ignored/>
  </testcase> <!-- addNewBaWithInvalidDataTest -->
</testsuite> <!-- Default test -->
