<?xml version="1.0" encoding="UTF-8"?>
<!-- Generated by org.testng.reporters.JUnitXMLReporter -->
<testsuite ignored="8" hostname="LAPTOP-T9TC6QDG" failures="0" tests="1" name="Default test" time="82.138" errors="0" timestamp="2024-03-18T19:46:38 IST">
  <testcase classname="com.billhub.qa.testcases.InvoiceValidationByAccounts_1022_Test" name="searchInvoicesWithInvalidData" time="76.223"/>
  <testcase classname="com.billhub.qa.testcases.InvoiceValidationByAccounts_1022_Test" name="validateAllInvoicesTest" time="0.0">
    <ignored/>
  </testcase> <!-- validateAllInvoicesTest -->
  <testcase classname="com.billhub.qa.testcases.InvoiceValidationByAccounts_1022_Test" name="validateBlanketApproveTest" time="0.0">
    <ignored/>
  </testcase> <!-- validateBlanketApproveTest -->
  <testcase classname="com.billhub.qa.testcases.InvoiceValidationByAccounts_1022_Test" name="validateRaiseQueryTest" time="0.0">
    <ignored/>
  </testcase> <!-- validateRaiseQueryTest -->
  <testcase classname="com.billhub.qa.testcases.InvoiceValidationByAccounts_1022_Test" name="validatePendingInvoicesTest" time="0.0">
    <ignored/>
  </testcase> <!-- validatePendingInvoicesTest -->
  <testcase classname="com.billhub.qa.testcases.InvoiceValidationByAccounts_1022_Test" name="validateExportButtonTest" time="0.0">
    <ignored/>
  </testcase> <!-- validateExportButtonTest -->
  <testcase classname="com.billhub.qa.testcases.InvoiceValidationByAccounts_1022_Test" name="searchInvoicesWithMultipleFieldsTest" time="0.0">
    <ignored/>
  </testcase> <!-- searchInvoicesWithMultipleFieldsTest -->
  <testcase classname="com.billhub.qa.testcases.InvoiceValidationByAccounts_1022_Test" name="validateDownloadButtonTest" time="0.0">
    <ignored/>
  </testcase> <!-- validateDownloadButtonTest -->
  <testcase classname="com.billhub.qa.testcases.InvoiceValidationByAccounts_1022_Test" name="validateCorrectInvoicesTest" time="0.0">
    <ignored/>
  </testcase> <!-- validateCorrectInvoicesTest -->
</testsuite> <!-- Default test -->
