<?xml version="1.0" encoding="UTF-8"?>
<!-- Generated by org.testng.reporters.JUnitXMLReporter -->
<testsuite ignored="9" hostname="LAPTOP-T9TC6QDG" failures="0" tests="1" name="Default test" time="11.8" errors="0" timestamp="2024-03-08T18:25:21 IST">
  <testcase classname="com.billhub.qa.testcases.CommercialDashboardPageTest" name="ValidateLoadDashboardButtonFunctionalityTest" time="5.422"/>
  <testcase classname="com.billhub.qa.testcases.CommercialDashboardPageTest" name="filterByCompanyAndLocationTest" time="0.0">
    <ignored/>
  </testcase> <!-- filterByCompanyAndLocationTest -->
  <testcase classname="com.billhub.qa.testcases.CommercialDashboardPageTest" name="filterByServiceTest" time="0.0">
    <ignored/>
  </testcase> <!-- filterByServiceTest -->
  <testcase classname="com.billhub.qa.testcases.CommercialDashboardPageTest" name="filterByCompanyServiceAndMemoTest" time="0.0">
    <ignored/>
  </testcase> <!-- filterByCompanyServiceAndMemoTest -->
  <testcase classname="com.billhub.qa.testcases.CommercialDashboardPageTest" name="filterByLocationTest" time="0.0">
    <ignored/>
  </testcase> <!-- filterByLocationTest -->
  <testcase classname="com.billhub.qa.testcases.CommercialDashboardPageTest" name="filterByPoTest" time="0.0">
    <ignored/>
  </testcase> <!-- filterByPoTest -->
  <testcase classname="com.billhub.qa.testcases.CommercialDashboardPageTest" name="filterByCompanyTest" time="0.0">
    <ignored/>
  </testcase> <!-- filterByCompanyTest -->
  <testcase classname="com.billhub.qa.testcases.CommercialDashboardPageTest" name="filterByNonPoTest" time="0.0">
    <ignored/>
  </testcase> <!-- filterByNonPoTest -->
  <testcase classname="com.billhub.qa.testcases.CommercialDashboardPageTest" name="filterByBothTest" time="0.0">
    <ignored/>
  </testcase> <!-- filterByBothTest -->
  <testcase classname="com.billhub.qa.testcases.CommercialDashboardPageTest" name="filterByInvoiceServiceAndLocationTest" time="0.0">
    <ignored/>
  </testcase> <!-- filterByInvoiceServiceAndLocationTest -->
</testsuite> <!-- Default test -->
