<?xml version="1.0" encoding="UTF-8"?>
<testng-results ignored="0" total="6" passed="5" failed="1" skipped="0">
  <reporter-output>
  </reporter-output>
  <suite started-at="2024-03-29T16:15:33 IST" name="BillHub Test Automation Test Suite" finished-at="2024-03-29T16:17:04 IST" duration-ms="91729">
    <groups>
    </groups>
    <test started-at="2024-03-29T16:15:33 IST" name="BillHub App Test Cases" finished-at="2024-03-29T16:17:04 IST" duration-ms="91729">
      <class name="com.billhub.qa.testcases.VerificationWithExcelsheetForPoTest">
        <test-method is-config="true" signature="setup()[pri:0, instance:com.billhub.qa.testcases.VerificationWithExcelsheetForPoTest@6d5620ce]" started-at="2024-03-29T16:15:33 IST" name="setup" finished-at="2024-03-29T16:15:59 IST" duration-ms="26440" status="PASS">
          <reporter-output>
          </reporter-output>
        </test-method> <!-- setup -->
        <test-method signature="InvoiceVerificationWithValidDataTest()[pri:1, instance:com.billhub.qa.testcases.VerificationWithExcelsheetForPoTest@6d5620ce]" started-at="2024-03-29T16:15:59 IST" name="InvoiceVerificationWithValidDataTest" finished-at="2024-03-29T16:16:06 IST" duration-ms="7202" status="PASS">
          <reporter-output>
          </reporter-output>
        </test-method> <!-- InvoiceVerificationWithValidDataTest -->
        <test-method signature="validateVerifiedStatusTest()[pri:2, instance:com.billhub.qa.testcases.VerificationWithExcelsheetForPoTest@6d5620ce]" started-at="2024-03-29T16:16:06 IST" name="validateVerifiedStatusTest" finished-at="2024-03-29T16:16:10 IST" duration-ms="3531" status="PASS">
          <reporter-output>
          </reporter-output>
        </test-method> <!-- validateVerifiedStatusTest -->
        <test-method signature="validateInvoiceVerificationWithInvalidTaxCodeTest()[pri:3, instance:com.billhub.qa.testcases.VerificationWithExcelsheetForPoTest@6d5620ce]" started-at="2024-03-29T16:16:10 IST" name="validateInvoiceVerificationWithInvalidTaxCodeTest" finished-at="2024-03-29T16:16:12 IST" duration-ms="2609" status="PASS">
          <reporter-output>
          </reporter-output>
        </test-method> <!-- validateInvoiceVerificationWithInvalidTaxCodeTest -->
        <test-method signature="validateLogButtonFunctionalityTest()[pri:4, instance:com.billhub.qa.testcases.VerificationWithExcelsheetForPoTest@6d5620ce]" started-at="2024-03-29T16:16:12 IST" name="validateLogButtonFunctionalityTest" finished-at="2024-03-29T16:16:13 IST" duration-ms="746" status="PASS">
          <reporter-output>
          </reporter-output>
        </test-method> <!-- validateLogButtonFunctionalityTest -->
        <test-method signature="InvoiceVerificationWithDifferentDataInTwoSheetsTest()[pri:5, instance:com.billhub.qa.testcases.VerificationWithExcelsheetForPoTest@6d5620ce]" started-at="2024-03-29T16:16:13 IST" name="InvoiceVerificationWithDifferentDataInTwoSheetsTest" finished-at="2024-03-29T16:16:59 IST" duration-ms="45857" status="FAIL">
          <exception class="java.lang.AssertionError">
            <message>
              <![CDATA[Invoice was verified with different data in two sheets. expected [true] but found [false]]]>
            </message>
            <full-stacktrace>
              <![CDATA[java.lang.AssertionError: Invoice was verified with different data in two sheets. expected [true] but found [false]
at org.testng.Assert.fail(Assert.java:111)
at org.testng.Assert.failNotEquals(Assert.java:1578)
at org.testng.Assert.assertTrue(Assert.java:57)
at com.billhub.qa.testcases.VerificationWithExcelsheetForPoTest.InvoiceVerificationWithDifferentDataInTwoSheetsTest(VerificationWithExcelsheetForPoTest.java:72)
at java.base/jdk.internal.reflect.DirectMethodHandleAccessor.invoke(DirectMethodHandleAccessor.java:103)
at java.base/java.lang.reflect.Method.invoke(Method.java:580)
at org.testng.internal.invokers.MethodInvocationHelper.invokeMethod(MethodInvocationHelper.java:139)
at org.testng.internal.invokers.TestInvoker.invokeMethod(TestInvoker.java:664)
at org.testng.internal.invokers.TestInvoker.invokeTestMethod(TestInvoker.java:228)
at org.testng.internal.invokers.MethodRunner.runInSequence(MethodRunner.java:63)
at org.testng.internal.invokers.TestInvoker$MethodInvocationAgent.invoke(TestInvoker.java:961)
at org.testng.internal.invokers.TestInvoker.invokeTestMethods(TestInvoker.java:201)
at org.testng.internal.invokers.TestMethodWorker.invokeTestMethods(TestMethodWorker.java:148)
at org.testng.internal.invokers.TestMethodWorker.run(TestMethodWorker.java:128)
at java.base/java.util.ArrayList.forEach(ArrayList.java:1596)
at org.testng.TestRunner.privateRun(TestRunner.java:819)
at org.testng.TestRunner.run(TestRunner.java:619)
at org.testng.SuiteRunner.runTest(SuiteRunner.java:443)
at org.testng.SuiteRunner.runSequentially(SuiteRunner.java:437)
at org.testng.SuiteRunner.privateRun(SuiteRunner.java:397)
at org.testng.SuiteRunner.run(SuiteRunner.java:336)
at org.testng.SuiteRunnerWorker.runSuite(SuiteRunnerWorker.java:52)
at org.testng.SuiteRunnerWorker.run(SuiteRunnerWorker.java:95)
at org.testng.TestNG.runSuitesSequentially(TestNG.java:1301)
at org.testng.TestNG.runSuitesLocally(TestNG.java:1228)
at org.testng.TestNG.runSuites(TestNG.java:1134)
at org.testng.TestNG.run(TestNG.java:1101)
at org.testng.remote.AbstractRemoteTestNG.run(AbstractRemoteTestNG.java:115)
at org.testng.remote.RemoteTestNG.initAndRun(RemoteTestNG.java:251)
at org.testng.remote.RemoteTestNG.main(RemoteTestNG.java:77)
]]>
            </full-stacktrace>
          </exception> <!-- java.lang.AssertionError -->
          <reporter-output>
          </reporter-output>
        </test-method> <!-- InvoiceVerificationWithDifferentDataInTwoSheetsTest -->
        <test-method signature="InvoiceVerificationWithInvalidDataTest()[pri:6, instance:com.billhub.qa.testcases.VerificationWithExcelsheetForPoTest@6d5620ce]" started-at="2024-03-29T16:16:59 IST" name="InvoiceVerificationWithInvalidDataTest" finished-at="2024-03-29T16:17:04 IST" duration-ms="5118" status="PASS">
          <reporter-output>
          </reporter-output>
        </test-method> <!-- InvoiceVerificationWithInvalidDataTest -->
      </class> <!-- com.billhub.qa.testcases.VerificationWithExcelsheetForPoTest -->
    </test> <!-- BillHub App Test Cases -->
  </suite> <!-- BillHub Test Automation Test Suite -->
</testng-results>
