<?xml version="1.0" encoding="UTF-8"?>
<testng-results ignored="0" total="13" passed="12" failed="1" skipped="0">
  <reporter-output>
  </reporter-output>
  <suite started-at="2024-03-20T16:31:55 IST" name="BillHub Test Automation Test Suite" finished-at="2024-03-20T16:50:40 IST" duration-ms="1125501">
    <groups>
    </groups>
    <test started-at="2024-03-20T16:31:55 IST" name="BillHub App Test Cases" finished-at="2024-03-20T16:50:40 IST" duration-ms="1125501">
      <class name="com.billhub.qa.testcases.UserPageTest">
        <test-method is-config="true" signature="setup()[pri:0, instance:com.billhub.qa.testcases.UserPageTest@15d49048]" started-at="2024-03-20T16:31:55 IST" name="setup" finished-at="2024-03-20T16:32:27 IST" duration-ms="31981" status="PASS">
          <reporter-output>
          </reporter-output>
        </test-method> <!-- setup -->
        <test-method signature="addNewUserWithValidDataTest()[pri:1, instance:com.billhub.qa.testcases.UserPageTest@15d49048]" started-at="2024-03-20T16:32:27 IST" name="addNewUserWithValidDataTest" finished-at="2024-03-20T16:33:49 IST" duration-ms="81820" status="PASS">
          <reporter-output>
          </reporter-output>
        </test-method> <!-- addNewUserWithValidDataTest -->
        <test-method signature="addNewUserWithInactiveStatusTest()[pri:2, instance:com.billhub.qa.testcases.UserPageTest@15d49048]" started-at="2024-03-20T16:33:49 IST" name="addNewUserWithInactiveStatusTest" finished-at="2024-03-20T16:35:10 IST" duration-ms="81627" status="PASS">
          <reporter-output>
          </reporter-output>
        </test-method> <!-- addNewUserWithInactiveStatusTest -->
        <test-method signature="addNewUserWithActiveStatusTest()[pri:3, instance:com.billhub.qa.testcases.UserPageTest@15d49048]" started-at="2024-03-20T16:35:10 IST" name="addNewUserWithActiveStatusTest" finished-at="2024-03-20T16:36:31 IST" duration-ms="80503" status="PASS">
          <reporter-output>
          </reporter-output>
        </test-method> <!-- addNewUserWithActiveStatusTest -->
        <test-method signature="validateAddedUserInTheDatabaseTest()[pri:4, instance:com.billhub.qa.testcases.UserPageTest@15d49048]" started-at="2024-03-20T16:36:31 IST" name="validateAddedUserInTheDatabaseTest" finished-at="2024-03-20T16:37:51 IST" duration-ms="80447" status="PASS">
          <reporter-output>
          </reporter-output>
        </test-method> <!-- validateAddedUserInTheDatabaseTest -->
        <test-method signature="addNewUserWithInvalidDataTest()[pri:5, instance:com.billhub.qa.testcases.UserPageTest@15d49048]" started-at="2024-03-20T16:37:51 IST" name="addNewUserWithInvalidDataTest" finished-at="2024-03-20T16:39:12 IST" duration-ms="81034" status="PASS">
          <reporter-output>
          </reporter-output>
        </test-method> <!-- addNewUserWithInvalidDataTest -->
        <test-method signature="addNewUserWithDuplicateDataTest()[pri:6, instance:com.billhub.qa.testcases.UserPageTest@15d49048]" started-at="2024-03-20T16:39:12 IST" name="addNewUserWithDuplicateDataTest" finished-at="2024-03-20T16:40:14 IST" duration-ms="61611" status="PASS">
          <reporter-output>
          </reporter-output>
        </test-method> <!-- addNewUserWithDuplicateDataTest -->
        <test-method signature="addNewUserWithoutDataTest()[pri:7, instance:com.billhub.qa.testcases.UserPageTest@15d49048]" started-at="2024-03-20T16:40:14 IST" name="addNewUserWithoutDataTest" finished-at="2024-03-20T16:41:35 IST" duration-ms="80790" status="PASS">
          <reporter-output>
          </reporter-output>
        </test-method> <!-- addNewUserWithoutDataTest -->
        <test-method signature="searchUserByNameTest()[pri:8, instance:com.billhub.qa.testcases.UserPageTest@15d49048]" started-at="2024-03-20T16:41:35 IST" name="searchUserByNameTest" finished-at="2024-03-20T16:42:35 IST" duration-ms="60463" status="PASS">
          <reporter-output>
          </reporter-output>
        </test-method> <!-- searchUserByNameTest -->
        <test-method signature="searchUserByBAGroupIDTest()[pri:9, instance:com.billhub.qa.testcases.UserPageTest@15d49048]" started-at="2024-03-20T16:42:35 IST" name="searchUserByBAGroupIDTest" finished-at="2024-03-20T16:43:36 IST" duration-ms="60376" status="PASS">
          <reporter-output>
          </reporter-output>
        </test-method> <!-- searchUserByBAGroupIDTest -->
        <test-method signature="createCommercialForDifferentLocationTest()[pri:10, instance:com.billhub.qa.testcases.UserPageTest@15d49048]" started-at="2024-03-20T16:43:36 IST" name="createCommercialForDifferentLocationTest" finished-at="2024-03-20T16:44:56 IST" duration-ms="80288" status="PASS">
          <reporter-output>
          </reporter-output>
        </test-method> <!-- createCommercialForDifferentLocationTest -->
        <test-method signature="createMDMAndReadOnlyUsersTest()[pri:11, instance:com.billhub.qa.testcases.UserPageTest@15d49048]" started-at="2024-03-20T16:44:56 IST" name="createMDMAndReadOnlyUsersTest" finished-at="2024-03-20T16:47:38 IST" duration-ms="162056" status="FAIL">
          <exception class="java.lang.AssertionError">
            <message>
              <![CDATA[User is present but not found on searching expected [true] but found [false]]]>
            </message>
            <full-stacktrace>
              <![CDATA[java.lang.AssertionError: User is present but not found on searching expected [true] but found [false]
at org.testng.Assert.fail(Assert.java:111)
at org.testng.Assert.failNotEquals(Assert.java:1578)
at org.testng.Assert.assertTrue(Assert.java:57)
at com.billhub.qa.testcases.UserPageTest.createMDMAndReadOnlyUsersTest(UserPageTest.java:152)
at java.base/jdk.internal.reflect.DirectMethodHandleAccessor.invoke(DirectMethodHandleAccessor.java:103)
at java.base/java.lang.reflect.Method.invoke(Method.java:580)
at org.testng.internal.invokers.MethodInvocationHelper.invokeMethod(MethodInvocationHelper.java:139)
at org.testng.internal.invokers.TestInvoker.invokeMethod(TestInvoker.java:664)
at org.testng.internal.invokers.TestInvoker.invokeTestMethod(TestInvoker.java:228)
at org.testng.internal.invokers.MethodRunner.runInSequence(MethodRunner.java:63)
at org.testng.internal.invokers.TestInvoker$MethodInvocationAgent.invoke(TestInvoker.java:961)
at org.testng.internal.invokers.TestInvoker.invokeTestMethods(TestInvoker.java:201)
at org.testng.internal.invokers.TestMethodWorker.invokeTestMethods(TestMethodWorker.java:148)
at org.testng.internal.invokers.TestMethodWorker.run(TestMethodWorker.java:128)
at java.base/java.util.ArrayList.forEach(ArrayList.java:1596)
at org.testng.TestRunner.privateRun(TestRunner.java:819)
at org.testng.TestRunner.run(TestRunner.java:619)
at org.testng.SuiteRunner.runTest(SuiteRunner.java:443)
at org.testng.SuiteRunner.runSequentially(SuiteRunner.java:437)
at org.testng.SuiteRunner.privateRun(SuiteRunner.java:397)
at org.testng.SuiteRunner.run(SuiteRunner.java:336)
at org.testng.SuiteRunnerWorker.runSuite(SuiteRunnerWorker.java:52)
at org.testng.SuiteRunnerWorker.run(SuiteRunnerWorker.java:95)
at org.testng.TestNG.runSuitesSequentially(TestNG.java:1301)
at org.testng.TestNG.runSuitesLocally(TestNG.java:1228)
at org.testng.TestNG.runSuites(TestNG.java:1134)
at org.testng.TestNG.run(TestNG.java:1101)
at org.testng.remote.AbstractRemoteTestNG.run(AbstractRemoteTestNG.java:115)
at org.testng.remote.RemoteTestNG.initAndRun(RemoteTestNG.java:251)
at org.testng.remote.RemoteTestNG.main(RemoteTestNG.java:77)
]]>
            </full-stacktrace>
          </exception> <!-- java.lang.AssertionError -->
          <reporter-output>
          </reporter-output>
        </test-method> <!-- createMDMAndReadOnlyUsersTest -->
        <test-method signature="createAccountForSpecificCompanyTest()[pri:12, instance:com.billhub.qa.testcases.UserPageTest@15d49048]" started-at="2024-03-20T16:47:38 IST" name="createAccountForSpecificCompanyTest" finished-at="2024-03-20T16:48:59 IST" duration-ms="80435" status="PASS">
          <reporter-output>
          </reporter-output>
        </test-method> <!-- createAccountForSpecificCompanyTest -->
        <test-method signature="updateUserTest()[pri:13, instance:com.billhub.qa.testcases.UserPageTest@15d49048]" started-at="2024-03-20T16:48:59 IST" name="updateUserTest" finished-at="2024-03-20T16:50:40 IST" duration-ms="101710" status="PASS">
          <reporter-output>
          </reporter-output>
        </test-method> <!-- updateUserTest -->
        <test-method is-config="true" signature="tearDown()[pri:0, instance:com.billhub.qa.testcases.UserPageTest@15d49048]" started-at="2024-03-20T16:50:40 IST" name="tearDown" finished-at="2024-03-20T16:50:40 IST" duration-ms="99" status="PASS">
          <reporter-output>
          </reporter-output>
        </test-method> <!-- tearDown -->
      </class> <!-- com.billhub.qa.testcases.UserPageTest -->
    </test> <!-- BillHub App Test Cases -->
  </suite> <!-- BillHub Test Automation Test Suite -->
</testng-results>
