<?xml version="1.0" encoding="UTF-8"?>
<testng-results ignored="0" total="1" passed="1" failed="0" skipped="0">
  <reporter-output>
  </reporter-output>
  <suite started-at="2024-03-18T19:45:16 IST" name="Default suite" finished-at="2024-03-18T19:46:38 IST" duration-ms="82138">
    <groups>
    </groups>
    <test started-at="2024-03-18T19:45:16 IST" name="Default test" finished-at="2024-03-18T19:46:38 IST" duration-ms="82138">
      <class name="com.billhub.qa.testcases.InvoiceValidationByAccounts_1022_Test">
        <test-method is-config="true" signature="setup()[pri:0, instance:com.billhub.qa.testcases.InvoiceValidationByAccounts_1022_Test@71a3a190]" started-at="2024-03-18T19:45:16 IST" name="setup" finished-at="2024-03-18T19:45:22 IST" duration-ms="5877" status="PASS">
          <reporter-output>
          </reporter-output>
        </test-method> <!-- setup -->
        <test-method signature="searchInvoicesWithInvalidData()[pri:2, instance:com.billhub.qa.testcases.InvoiceValidationByAccounts_1022_Test@71a3a190]" started-at="2024-03-18T19:45:22 IST" name="searchInvoicesWithInvalidData" finished-at="2024-03-18T19:46:38 IST" duration-ms="76223" status="PASS">
          <reporter-output>
          </reporter-output>
        </test-method> <!-- searchInvoicesWithInvalidData -->
      </class> <!-- com.billhub.qa.testcases.InvoiceValidationByAccounts_1022_Test -->
    </test> <!-- Default test -->
  </suite> <!-- Default suite -->
</testng-results>
