<?xml version="1.0" encoding="UTF-8"?>
<testng-results ignored="0" total="1" passed="1" failed="0" skipped="0">
  <reporter-output>
  </reporter-output>
  <suite started-at="2024-03-04T08:32:05 IST" name="Default suite" finished-at="2024-03-04T08:32:44 IST" duration-ms="38750">
    <groups>
    </groups>
    <test started-at="2024-03-04T08:32:05 IST" name="Default test" finished-at="2024-03-04T08:32:44 IST" duration-ms="38750">
      <class name="com.billhub.qa.testcases.CreatePOBasedInvoicePageTest">
        <test-method is-config="true" signature="setup()[pri:0, instance:com.billhub.qa.testcases.CreatePOBasedInvoicePageTest@6f8f8a80]" started-at="2024-03-04T08:32:05 IST" name="setup" finished-at="2024-03-04T08:32:28 IST" duration-ms="22240" status="PASS">
          <reporter-output>
          </reporter-output>
        </test-method> <!-- setup -->
        <test-method signature="submitMemoWithDuplicateDataTest()[pri:6, instance:com.billhub.qa.testcases.CreatePOBasedInvoicePageTest@6f8f8a80]" started-at="2024-03-04T08:32:28 IST" name="submitMemoWithDuplicateDataTest" finished-at="2024-03-04T08:32:44 IST" duration-ms="16373" status="PASS">
          <reporter-output>
          </reporter-output>
        </test-method> <!-- submitMemoWithDuplicateDataTest -->
        <test-method is-config="true" signature="tearDown()[pri:0, instance:com.billhub.qa.testcases.CreatePOBasedInvoicePageTest@6f8f8a80]" started-at="2024-03-04T08:32:44 IST" name="tearDown" finished-at="2024-03-04T08:32:44 IST" duration-ms="96" status="PASS">
          <reporter-output>
          </reporter-output>
        </test-method> <!-- tearDown -->
      </class> <!-- com.billhub.qa.testcases.CreatePOBasedInvoicePageTest -->
    </test> <!-- Default test -->
  </suite> <!-- Default suite -->
</testng-results>
