<?xml version="1.0" encoding="UTF-8"?>
<testng-results ignored="0" total="2" passed="2" failed="0" skipped="0">
  <reporter-output>
  </reporter-output>
  <suite started-at="2024-02-27T17:51:52 IST" name="Default suite" finished-at="2024-02-27T17:52:18 IST" duration-ms="25854">
    <groups>
    </groups>
    <test started-at="2024-02-27T17:51:52 IST" name="Default test" finished-at="2024-02-27T17:52:18 IST" duration-ms="25854">
      <class name="com.billhub.qa.testcases.UserPageTest">
        <test-method is-config="true" signature="setup()[pri:0, instance:com.billhub.qa.testcases.UserPageTest@206a70ef]" started-at="2024-02-27T17:51:52 IST" name="setup" finished-at="2024-02-27T17:52:11 IST" duration-ms="19039" status="PASS">
          <reporter-output>
          </reporter-output>
        </test-method> <!-- setup -->
        <test-method signature="addNewUserWithInactiveStatusTest()[pri:2, instance:com.billhub.qa.testcases.UserPageTest@206a70ef]" started-at="2024-02-27T17:52:11 IST" name="addNewUserWithInactiveStatusTest" finished-at="2024-02-27T17:52:12 IST" duration-ms="1222" status="PASS">
          <reporter-output>
          </reporter-output>
        </test-method> <!-- addNewUserWithInactiveStatusTest -->
        <test-method signature="createMDMAndReadOnlyUsersTest()[pri:11, instance:com.billhub.qa.testcases.UserPageTest@206a70ef]" started-at="2024-02-27T17:52:12 IST" name="createMDMAndReadOnlyUsersTest" finished-at="2024-02-27T17:52:18 IST" duration-ms="5487" status="PASS">
          <reporter-output>
          </reporter-output>
        </test-method> <!-- createMDMAndReadOnlyUsersTest -->
        <test-method is-config="true" signature="tearDown()[pri:0, instance:com.billhub.qa.testcases.UserPageTest@206a70ef]" started-at="2024-02-27T17:52:18 IST" name="tearDown" finished-at="2024-02-27T17:52:18 IST" duration-ms="64" status="PASS">
          <reporter-output>
          </reporter-output>
        </test-method> <!-- tearDown -->
      </class> <!-- com.billhub.qa.testcases.UserPageTest -->
    </test> <!-- Default test -->
  </suite> <!-- Default suite -->
</testng-results>
