<?xml version="1.0" encoding="UTF-8"?>
<testng-results ignored="0" total="20" passed="18" failed="2" skipped="0">
  <reporter-output>
  </reporter-output>
  <suite started-at="2024-02-19T16:09:09 IST" name="BillHub Test Automation Test Suite" finished-at="2024-02-19T16:16:51 IST" duration-ms="462047">
    <groups>
    </groups>
    <test started-at="2024-02-19T16:09:09 IST" name="BillHub App Test Cases" finished-at="2024-02-19T16:16:51 IST" duration-ms="462047">
      <class name="com.billhub.qa.testcases.BAPageTest">
        <test-method is-config="true" signature="setup()[pri:0, instance:com.billhub.qa.testcases.BAPageTest@4a3329b9]" started-at="2024-02-19T16:09:09 IST" name="setup" finished-at="2024-02-19T16:09:32 IST" duration-ms="23446" status="PASS">
          <reporter-output>
          </reporter-output>
        </test-method> <!-- setup -->
        <test-method signature="addNewBaWithValidDataTest()[pri:1, instance:com.billhub.qa.testcases.BAPageTest@4a3329b9]" started-at="2024-02-19T16:09:32 IST" name="addNewBaWithValidDataTest" finished-at="2024-02-19T16:09:34 IST" duration-ms="2035" status="PASS">
          <reporter-output>
          </reporter-output>
        </test-method> <!-- addNewBaWithValidDataTest -->
        <test-method is-config="true" signature="tearDown()[pri:0, instance:com.billhub.qa.testcases.BAPageTest@4a3329b9]" started-at="2024-02-19T16:09:34 IST" name="tearDown" finished-at="2024-02-19T16:09:35 IST" duration-ms="105" status="PASS">
          <reporter-output>
          </reporter-output>
        </test-method> <!-- tearDown -->
        <test-method is-config="true" signature="setup()[pri:0, instance:com.billhub.qa.testcases.BAPageTest@4a3329b9]" started-at="2024-02-19T16:09:35 IST" name="setup" finished-at="2024-02-19T16:09:52 IST" duration-ms="16957" status="PASS">
          <reporter-output>
          </reporter-output>
        </test-method> <!-- setup -->
        <test-method signature="addNewBAWithInactiveStatusTest()[pri:2, instance:com.billhub.qa.testcases.BAPageTest@4a3329b9]" started-at="2024-02-19T16:09:52 IST" name="addNewBAWithInactiveStatusTest" finished-at="2024-02-19T16:09:54 IST" duration-ms="1995" status="PASS">
          <reporter-output>
          </reporter-output>
        </test-method> <!-- addNewBAWithInactiveStatusTest -->
        <test-method is-config="true" signature="tearDown()[pri:0, instance:com.billhub.qa.testcases.BAPageTest@4a3329b9]" started-at="2024-02-19T16:09:54 IST" name="tearDown" finished-at="2024-02-19T16:09:54 IST" duration-ms="73" status="PASS">
          <reporter-output>
          </reporter-output>
        </test-method> <!-- tearDown -->
        <test-method is-config="true" signature="setup()[pri:0, instance:com.billhub.qa.testcases.BAPageTest@4a3329b9]" started-at="2024-02-19T16:09:54 IST" name="setup" finished-at="2024-02-19T16:10:12 IST" duration-ms="18747" status="PASS">
          <reporter-output>
          </reporter-output>
        </test-method> <!-- setup -->
        <test-method signature="addNewBaWithInvalidDataTest()[pri:3, instance:com.billhub.qa.testcases.BAPageTest@4a3329b9]" started-at="2024-02-19T16:10:12 IST" name="addNewBaWithInvalidDataTest" finished-at="2024-02-19T16:10:24 IST" duration-ms="11744" status="PASS">
          <reporter-output>
          </reporter-output>
        </test-method> <!-- addNewBaWithInvalidDataTest -->
        <test-method is-config="true" signature="tearDown()[pri:0, instance:com.billhub.qa.testcases.BAPageTest@4a3329b9]" started-at="2024-02-19T16:10:24 IST" name="tearDown" finished-at="2024-02-19T16:10:24 IST" duration-ms="107" status="PASS">
          <reporter-output>
          </reporter-output>
        </test-method> <!-- tearDown -->
        <test-method is-config="true" signature="setup()[pri:0, instance:com.billhub.qa.testcases.BAPageTest@4a3329b9]" started-at="2024-02-19T16:10:24 IST" name="setup" finished-at="2024-02-19T16:10:40 IST" duration-ms="15784" status="PASS">
          <reporter-output>
          </reporter-output>
        </test-method> <!-- setup -->
        <test-method signature="addNewBAWithDuplicateDataTest()[pri:4, instance:com.billhub.qa.testcases.BAPageTest@4a3329b9]" started-at="2024-02-19T16:10:40 IST" name="addNewBAWithDuplicateDataTest" finished-at="2024-02-19T16:10:52 IST" duration-ms="11871" status="PASS">
          <reporter-output>
          </reporter-output>
        </test-method> <!-- addNewBAWithDuplicateDataTest -->
        <test-method is-config="true" signature="tearDown()[pri:0, instance:com.billhub.qa.testcases.BAPageTest@4a3329b9]" started-at="2024-02-19T16:10:52 IST" name="tearDown" finished-at="2024-02-19T16:10:52 IST" duration-ms="106" status="PASS">
          <reporter-output>
          </reporter-output>
        </test-method> <!-- tearDown -->
        <test-method is-config="true" signature="setup()[pri:0, instance:com.billhub.qa.testcases.BAPageTest@4a3329b9]" started-at="2024-02-19T16:10:52 IST" name="setup" finished-at="2024-02-19T16:11:15 IST" duration-ms="22687" status="PASS">
          <reporter-output>
          </reporter-output>
        </test-method> <!-- setup -->
        <test-method signature="updateBATest()[pri:5, instance:com.billhub.qa.testcases.BAPageTest@4a3329b9]" started-at="2024-02-19T16:11:15 IST" name="updateBATest" finished-at="2024-02-19T16:11:17 IST" duration-ms="1966" status="PASS">
          <reporter-output>
          </reporter-output>
        </test-method> <!-- updateBATest -->
        <test-method is-config="true" signature="tearDown()[pri:0, instance:com.billhub.qa.testcases.BAPageTest@4a3329b9]" started-at="2024-02-19T16:11:17 IST" name="tearDown" finished-at="2024-02-19T16:11:17 IST" duration-ms="109" status="PASS">
          <reporter-output>
          </reporter-output>
        </test-method> <!-- tearDown -->
        <test-method is-config="true" signature="setup()[pri:0, instance:com.billhub.qa.testcases.BAPageTest@4a3329b9]" started-at="2024-02-19T16:11:17 IST" name="setup" finished-at="2024-02-19T16:11:34 IST" duration-ms="17002" status="PASS">
          <reporter-output>
          </reporter-output>
        </test-method> <!-- setup -->
        <test-method signature="addNewBAWithActiveStatusTest()[pri:6, instance:com.billhub.qa.testcases.BAPageTest@4a3329b9]" started-at="2024-02-19T16:11:34 IST" name="addNewBAWithActiveStatusTest" finished-at="2024-02-19T16:11:35 IST" duration-ms="1523" status="PASS">
          <reporter-output>
          </reporter-output>
        </test-method> <!-- addNewBAWithActiveStatusTest -->
        <test-method is-config="true" signature="tearDown()[pri:0, instance:com.billhub.qa.testcases.BAPageTest@4a3329b9]" started-at="2024-02-19T16:11:35 IST" name="tearDown" finished-at="2024-02-19T16:11:35 IST" duration-ms="100" status="PASS">
          <reporter-output>
          </reporter-output>
        </test-method> <!-- tearDown -->
        <test-method is-config="true" signature="setup()[pri:0, instance:com.billhub.qa.testcases.BAPageTest@4a3329b9]" started-at="2024-02-19T16:11:35 IST" name="setup" finished-at="2024-02-19T16:11:53 IST" duration-ms="17812" status="PASS">
          <reporter-output>
          </reporter-output>
        </test-method> <!-- setup -->
        <test-method signature="validateAddedBAInTheDatabaseTest()[pri:7, instance:com.billhub.qa.testcases.BAPageTest@4a3329b9]" started-at="2024-02-19T16:11:53 IST" name="validateAddedBAInTheDatabaseTest" finished-at="2024-02-19T16:11:54 IST" duration-ms="1228" status="PASS">
          <reporter-output>
          </reporter-output>
        </test-method> <!-- validateAddedBAInTheDatabaseTest -->
        <test-method is-config="true" signature="tearDown()[pri:0, instance:com.billhub.qa.testcases.BAPageTest@4a3329b9]" started-at="2024-02-19T16:11:54 IST" name="tearDown" finished-at="2024-02-19T16:11:54 IST" duration-ms="69" status="PASS">
          <reporter-output>
          </reporter-output>
        </test-method> <!-- tearDown -->
        <test-method is-config="true" signature="setup()[pri:0, instance:com.billhub.qa.testcases.BAPageTest@4a3329b9]" started-at="2024-02-19T16:11:54 IST" name="setup" finished-at="2024-02-19T16:12:12 IST" duration-ms="17928" status="PASS">
          <reporter-output>
          </reporter-output>
        </test-method> <!-- setup -->
        <test-method signature="addNewBaWithoutDataTest()[pri:8, instance:com.billhub.qa.testcases.BAPageTest@4a3329b9]" started-at="2024-02-19T16:12:12 IST" name="addNewBaWithoutDataTest" finished-at="2024-02-19T16:12:24 IST" duration-ms="11620" status="FAIL">
          <exception class="java.lang.AssertionError">
            <message>
              <![CDATA[Expected error popup box found none. expected [true] but found [false]]]>
            </message>
            <full-stacktrace>
              <![CDATA[java.lang.AssertionError: Expected error popup box found none. expected [true] but found [false]
at org.testng.Assert.fail(Assert.java:111)
at org.testng.Assert.failNotEquals(Assert.java:1578)
at org.testng.Assert.assertTrue(Assert.java:57)
at com.billhub.qa.testcases.BAPageTest.addNewBaWithoutDataTest(BAPageTest.java:116)
at java.base/jdk.internal.reflect.DirectMethodHandleAccessor.invoke(DirectMethodHandleAccessor.java:103)
at java.base/java.lang.reflect.Method.invoke(Method.java:580)
at org.testng.internal.invokers.MethodInvocationHelper.invokeMethod(MethodInvocationHelper.java:139)
at org.testng.internal.invokers.TestInvoker.invokeMethod(TestInvoker.java:664)
at org.testng.internal.invokers.TestInvoker.invokeTestMethod(TestInvoker.java:228)
at org.testng.internal.invokers.MethodRunner.runInSequence(MethodRunner.java:63)
at org.testng.internal.invokers.TestInvoker$MethodInvocationAgent.invoke(TestInvoker.java:961)
at org.testng.internal.invokers.TestInvoker.invokeTestMethods(TestInvoker.java:201)
at org.testng.internal.invokers.TestMethodWorker.invokeTestMethods(TestMethodWorker.java:148)
at org.testng.internal.invokers.TestMethodWorker.run(TestMethodWorker.java:128)
at java.base/java.util.ArrayList.forEach(ArrayList.java:1596)
at org.testng.TestRunner.privateRun(TestRunner.java:819)
at org.testng.TestRunner.run(TestRunner.java:619)
at org.testng.SuiteRunner.runTest(SuiteRunner.java:443)
at org.testng.SuiteRunner.runSequentially(SuiteRunner.java:437)
at org.testng.SuiteRunner.privateRun(SuiteRunner.java:397)
at org.testng.SuiteRunner.run(SuiteRunner.java:336)
at org.testng.SuiteRunnerWorker.runSuite(SuiteRunnerWorker.java:52)
at org.testng.SuiteRunnerWorker.run(SuiteRunnerWorker.java:95)
at org.testng.TestNG.runSuitesSequentially(TestNG.java:1301)
at org.testng.TestNG.runSuitesLocally(TestNG.java:1228)
at org.testng.TestNG.runSuites(TestNG.java:1134)
at org.testng.TestNG.run(TestNG.java:1101)
at org.testng.remote.AbstractRemoteTestNG.run(AbstractRemoteTestNG.java:115)
at org.testng.remote.RemoteTestNG.initAndRun(RemoteTestNG.java:251)
at org.testng.remote.RemoteTestNG.main(RemoteTestNG.java:77)
]]>
            </full-stacktrace>
          </exception> <!-- java.lang.AssertionError -->
          <reporter-output>
          </reporter-output>
        </test-method> <!-- addNewBaWithoutDataTest -->
        <test-method is-config="true" signature="tearDown()[pri:0, instance:com.billhub.qa.testcases.BAPageTest@4a3329b9]" started-at="2024-02-19T16:12:24 IST" name="tearDown" finished-at="2024-02-19T16:12:24 IST" duration-ms="99" status="PASS">
          <reporter-output>
          </reporter-output>
        </test-method> <!-- tearDown -->
        <test-method is-config="true" signature="setup()[pri:0, instance:com.billhub.qa.testcases.BAPageTest@4a3329b9]" started-at="2024-02-19T16:12:24 IST" name="setup" finished-at="2024-02-19T16:12:42 IST" duration-ms="17594" status="PASS">
          <reporter-output>
          </reporter-output>
        </test-method> <!-- setup -->
        <test-method signature="searchBAByNameTest()[pri:9, instance:com.billhub.qa.testcases.BAPageTest@4a3329b9]" started-at="2024-02-19T16:12:42 IST" name="searchBAByNameTest" finished-at="2024-02-19T16:12:42 IST" duration-ms="760" status="PASS">
          <reporter-output>
          </reporter-output>
        </test-method> <!-- searchBAByNameTest -->
        <test-method is-config="true" signature="tearDown()[pri:0, instance:com.billhub.qa.testcases.BAPageTest@4a3329b9]" started-at="2024-02-19T16:12:42 IST" name="tearDown" finished-at="2024-02-19T16:12:43 IST" duration-ms="66" status="PASS">
          <reporter-output>
          </reporter-output>
        </test-method> <!-- tearDown -->
        <test-method is-config="true" signature="setup()[pri:0, instance:com.billhub.qa.testcases.BAPageTest@4a3329b9]" started-at="2024-02-19T16:12:43 IST" name="setup" finished-at="2024-02-19T16:13:00 IST" duration-ms="17554" status="PASS">
          <reporter-output>
          </reporter-output>
        </test-method> <!-- setup -->
        <test-method signature="searchBAByCodeTest()[pri:10, instance:com.billhub.qa.testcases.BAPageTest@4a3329b9]" started-at="2024-02-19T16:13:00 IST" name="searchBAByCodeTest" finished-at="2024-02-19T16:13:01 IST" duration-ms="1255" status="PASS">
          <reporter-output>
          </reporter-output>
        </test-method> <!-- searchBAByCodeTest -->
        <test-method is-config="true" signature="tearDown()[pri:0, instance:com.billhub.qa.testcases.BAPageTest@4a3329b9]" started-at="2024-02-19T16:13:01 IST" name="tearDown" finished-at="2024-02-19T16:13:01 IST" duration-ms="66" status="PASS">
          <reporter-output>
          </reporter-output>
        </test-method> <!-- tearDown -->
      </class> <!-- com.billhub.qa.testcases.BAPageTest -->
      <class name="com.billhub.qa.testcases.UserPageTest">
        <test-method is-config="true" signature="setup()[pri:0, instance:com.billhub.qa.testcases.UserPageTest@75e01201]" started-at="2024-02-19T16:13:01 IST" name="setup" finished-at="2024-02-19T16:13:18 IST" duration-ms="17080" status="PASS">
          <reporter-output>
          </reporter-output>
        </test-method> <!-- setup -->
        <test-method signature="addNewUserWithValidDataTest()[pri:1, instance:com.billhub.qa.testcases.UserPageTest@75e01201]" started-at="2024-02-19T16:13:18 IST" name="addNewUserWithValidDataTest" finished-at="2024-02-19T16:13:23 IST" duration-ms="4750" status="PASS">
          <reporter-output>
          </reporter-output>
        </test-method> <!-- addNewUserWithValidDataTest -->
        <test-method is-config="true" signature="tearDown()[pri:0, instance:com.billhub.qa.testcases.UserPageTest@75e01201]" started-at="2024-02-19T16:13:23 IST" name="tearDown" finished-at="2024-02-19T16:13:23 IST" duration-ms="110" status="PASS">
          <reporter-output>
          </reporter-output>
        </test-method> <!-- tearDown -->
        <test-method is-config="true" signature="setup()[pri:0, instance:com.billhub.qa.testcases.UserPageTest@75e01201]" started-at="2024-02-19T16:13:23 IST" name="setup" finished-at="2024-02-19T16:13:50 IST" duration-ms="27129" status="PASS">
          <reporter-output>
          </reporter-output>
        </test-method> <!-- setup -->
        <test-method signature="addNewUserWithInactiveStatusTest()[pri:2, instance:com.billhub.qa.testcases.UserPageTest@75e01201]" started-at="2024-02-19T16:13:50 IST" name="addNewUserWithInactiveStatusTest" finished-at="2024-02-19T16:13:52 IST" duration-ms="1956" status="PASS">
          <reporter-output>
          </reporter-output>
        </test-method> <!-- addNewUserWithInactiveStatusTest -->
        <test-method is-config="true" signature="tearDown()[pri:0, instance:com.billhub.qa.testcases.UserPageTest@75e01201]" started-at="2024-02-19T16:13:52 IST" name="tearDown" finished-at="2024-02-19T16:13:52 IST" duration-ms="59" status="PASS">
          <reporter-output>
          </reporter-output>
        </test-method> <!-- tearDown -->
        <test-method is-config="true" signature="setup()[pri:0, instance:com.billhub.qa.testcases.UserPageTest@75e01201]" started-at="2024-02-19T16:13:52 IST" name="setup" finished-at="2024-02-19T16:14:09 IST" duration-ms="16189" status="PASS">
          <reporter-output>
          </reporter-output>
        </test-method> <!-- setup -->
        <test-method signature="addNewUserWithInvalidDataTest()[pri:3, instance:com.billhub.qa.testcases.UserPageTest@75e01201]" started-at="2024-02-19T16:14:09 IST" name="addNewUserWithInvalidDataTest" finished-at="2024-02-19T16:14:20 IST" duration-ms="11520" status="PASS">
          <reporter-output>
          </reporter-output>
        </test-method> <!-- addNewUserWithInvalidDataTest -->
        <test-method is-config="true" signature="tearDown()[pri:0, instance:com.billhub.qa.testcases.UserPageTest@75e01201]" started-at="2024-02-19T16:14:20 IST" name="tearDown" finished-at="2024-02-19T16:14:20 IST" duration-ms="63" status="PASS">
          <reporter-output>
          </reporter-output>
        </test-method> <!-- tearDown -->
        <test-method is-config="true" signature="setup()[pri:0, instance:com.billhub.qa.testcases.UserPageTest@75e01201]" started-at="2024-02-19T16:14:20 IST" name="setup" finished-at="2024-02-19T16:14:38 IST" duration-ms="17794" status="PASS">
          <reporter-output>
          </reporter-output>
        </test-method> <!-- setup -->
        <test-method signature="addNewUserWithDuplicateDataTest()[pri:4, instance:com.billhub.qa.testcases.UserPageTest@75e01201]" started-at="2024-02-19T16:14:38 IST" name="addNewUserWithDuplicateDataTest" finished-at="2024-02-19T16:14:50 IST" duration-ms="11548" status="PASS">
          <reporter-output>
          </reporter-output>
        </test-method> <!-- addNewUserWithDuplicateDataTest -->
        <test-method is-config="true" signature="tearDown()[pri:0, instance:com.billhub.qa.testcases.UserPageTest@75e01201]" started-at="2024-02-19T16:14:50 IST" name="tearDown" finished-at="2024-02-19T16:14:50 IST" duration-ms="69" status="PASS">
          <reporter-output>
          </reporter-output>
        </test-method> <!-- tearDown -->
        <test-method is-config="true" signature="setup()[pri:0, instance:com.billhub.qa.testcases.UserPageTest@75e01201]" started-at="2024-02-19T16:14:50 IST" name="setup" finished-at="2024-02-19T16:15:09 IST" duration-ms="19034" status="PASS">
          <reporter-output>
          </reporter-output>
        </test-method> <!-- setup -->
        <test-method signature="updateUserTest()[pri:5, instance:com.billhub.qa.testcases.UserPageTest@75e01201]" started-at="2024-02-19T16:15:09 IST" name="updateUserTest" finished-at="2024-02-19T16:15:11 IST" duration-ms="2314" status="PASS">
          <reporter-output>
          </reporter-output>
        </test-method> <!-- updateUserTest -->
        <test-method is-config="true" signature="tearDown()[pri:0, instance:com.billhub.qa.testcases.UserPageTest@75e01201]" started-at="2024-02-19T16:15:11 IST" name="tearDown" finished-at="2024-02-19T16:15:11 IST" duration-ms="103" status="PASS">
          <reporter-output>
          </reporter-output>
        </test-method> <!-- tearDown -->
        <test-method is-config="true" signature="setup()[pri:0, instance:com.billhub.qa.testcases.UserPageTest@75e01201]" started-at="2024-02-19T16:15:11 IST" name="setup" finished-at="2024-02-19T16:15:27 IST" duration-ms="15503" status="PASS">
          <reporter-output>
          </reporter-output>
        </test-method> <!-- setup -->
        <test-method signature="addNewUserWithActiveStatusTest()[pri:6, instance:com.billhub.qa.testcases.UserPageTest@75e01201]" started-at="2024-02-19T16:15:27 IST" name="addNewUserWithActiveStatusTest" finished-at="2024-02-19T16:15:28 IST" duration-ms="1224" status="PASS">
          <reporter-output>
          </reporter-output>
        </test-method> <!-- addNewUserWithActiveStatusTest -->
        <test-method is-config="true" signature="tearDown()[pri:0, instance:com.billhub.qa.testcases.UserPageTest@75e01201]" started-at="2024-02-19T16:15:28 IST" name="tearDown" finished-at="2024-02-19T16:15:28 IST" duration-ms="108" status="PASS">
          <reporter-output>
          </reporter-output>
        </test-method> <!-- tearDown -->
        <test-method is-config="true" signature="setup()[pri:0, instance:com.billhub.qa.testcases.UserPageTest@75e01201]" started-at="2024-02-19T16:15:28 IST" name="setup" finished-at="2024-02-19T16:15:44 IST" duration-ms="16408" status="PASS">
          <reporter-output>
          </reporter-output>
        </test-method> <!-- setup -->
        <test-method signature="validateAddedUserInTheDatabaseTest()[pri:7, instance:com.billhub.qa.testcases.UserPageTest@75e01201]" started-at="2024-02-19T16:15:44 IST" name="validateAddedUserInTheDatabaseTest" finished-at="2024-02-19T16:15:46 IST" duration-ms="1359" status="PASS">
          <reporter-output>
          </reporter-output>
        </test-method> <!-- validateAddedUserInTheDatabaseTest -->
        <test-method is-config="true" signature="tearDown()[pri:0, instance:com.billhub.qa.testcases.UserPageTest@75e01201]" started-at="2024-02-19T16:15:46 IST" name="tearDown" finished-at="2024-02-19T16:15:46 IST" duration-ms="74" status="PASS">
          <reporter-output>
          </reporter-output>
        </test-method> <!-- tearDown -->
        <test-method is-config="true" signature="setup()[pri:0, instance:com.billhub.qa.testcases.UserPageTest@75e01201]" started-at="2024-02-19T16:15:46 IST" name="setup" finished-at="2024-02-19T16:16:04 IST" duration-ms="18320" status="PASS">
          <reporter-output>
          </reporter-output>
        </test-method> <!-- setup -->
        <test-method signature="addNewUserWithoutDataTest()[pri:8, instance:com.billhub.qa.testcases.UserPageTest@75e01201]" started-at="2024-02-19T16:16:04 IST" name="addNewUserWithoutDataTest" finished-at="2024-02-19T16:16:15 IST" duration-ms="11274" status="FAIL">
          <exception class="java.lang.AssertionError">
            <message>
              <![CDATA[Expected error popup box found none. expected [true] but found [false]]]>
            </message>
            <full-stacktrace>
              <![CDATA[java.lang.AssertionError: Expected error popup box found none. expected [true] but found [false]
at org.testng.Assert.fail(Assert.java:111)
at org.testng.Assert.failNotEquals(Assert.java:1578)
at org.testng.Assert.assertTrue(Assert.java:57)
at com.billhub.qa.testcases.UserPageTest.addNewUserWithoutDataTest(UserPageTest.java:106)
at java.base/jdk.internal.reflect.DirectMethodHandleAccessor.invoke(DirectMethodHandleAccessor.java:103)
at java.base/java.lang.reflect.Method.invoke(Method.java:580)
at org.testng.internal.invokers.MethodInvocationHelper.invokeMethod(MethodInvocationHelper.java:139)
at org.testng.internal.invokers.TestInvoker.invokeMethod(TestInvoker.java:664)
at org.testng.internal.invokers.TestInvoker.invokeTestMethod(TestInvoker.java:228)
at org.testng.internal.invokers.MethodRunner.runInSequence(MethodRunner.java:63)
at org.testng.internal.invokers.TestInvoker$MethodInvocationAgent.invoke(TestInvoker.java:961)
at org.testng.internal.invokers.TestInvoker.invokeTestMethods(TestInvoker.java:201)
at org.testng.internal.invokers.TestMethodWorker.invokeTestMethods(TestMethodWorker.java:148)
at org.testng.internal.invokers.TestMethodWorker.run(TestMethodWorker.java:128)
at java.base/java.util.ArrayList.forEach(ArrayList.java:1596)
at org.testng.TestRunner.privateRun(TestRunner.java:819)
at org.testng.TestRunner.run(TestRunner.java:619)
at org.testng.SuiteRunner.runTest(SuiteRunner.java:443)
at org.testng.SuiteRunner.runSequentially(SuiteRunner.java:437)
at org.testng.SuiteRunner.privateRun(SuiteRunner.java:397)
at org.testng.SuiteRunner.run(SuiteRunner.java:336)
at org.testng.SuiteRunnerWorker.runSuite(SuiteRunnerWorker.java:52)
at org.testng.SuiteRunnerWorker.run(SuiteRunnerWorker.java:95)
at org.testng.TestNG.runSuitesSequentially(TestNG.java:1301)
at org.testng.TestNG.runSuitesLocally(TestNG.java:1228)
at org.testng.TestNG.runSuites(TestNG.java:1134)
at org.testng.TestNG.run(TestNG.java:1101)
at org.testng.remote.AbstractRemoteTestNG.run(AbstractRemoteTestNG.java:115)
at org.testng.remote.RemoteTestNG.initAndRun(RemoteTestNG.java:251)
at org.testng.remote.RemoteTestNG.main(RemoteTestNG.java:77)
]]>
            </full-stacktrace>
          </exception> <!-- java.lang.AssertionError -->
          <reporter-output>
          </reporter-output>
        </test-method> <!-- addNewUserWithoutDataTest -->
        <test-method is-config="true" signature="tearDown()[pri:0, instance:com.billhub.qa.testcases.UserPageTest@75e01201]" started-at="2024-02-19T16:16:15 IST" name="tearDown" finished-at="2024-02-19T16:16:16 IST" duration-ms="109" status="PASS">
          <reporter-output>
          </reporter-output>
        </test-method> <!-- tearDown -->
        <test-method is-config="true" signature="setup()[pri:0, instance:com.billhub.qa.testcases.UserPageTest@75e01201]" started-at="2024-02-19T16:16:16 IST" name="setup" finished-at="2024-02-19T16:16:32 IST" duration-ms="16305" status="PASS">
          <reporter-output>
          </reporter-output>
        </test-method> <!-- setup -->
        <test-method signature="searchUserByNameTest()[pri:9, instance:com.billhub.qa.testcases.UserPageTest@75e01201]" started-at="2024-02-19T16:16:32 IST" name="searchUserByNameTest" finished-at="2024-02-19T16:16:33 IST" duration-ms="1183" status="PASS">
          <reporter-output>
          </reporter-output>
        </test-method> <!-- searchUserByNameTest -->
        <test-method is-config="true" signature="tearDown()[pri:0, instance:com.billhub.qa.testcases.UserPageTest@75e01201]" started-at="2024-02-19T16:16:33 IST" name="tearDown" finished-at="2024-02-19T16:16:33 IST" duration-ms="61" status="PASS">
          <reporter-output>
          </reporter-output>
        </test-method> <!-- tearDown -->
        <test-method is-config="true" signature="setup()[pri:0, instance:com.billhub.qa.testcases.UserPageTest@75e01201]" started-at="2024-02-19T16:16:33 IST" name="setup" finished-at="2024-02-19T16:16:50 IST" duration-ms="16550" status="PASS">
          <reporter-output>
          </reporter-output>
        </test-method> <!-- setup -->
        <test-method signature="searchUserByBAGroupIDTest()[pri:10, instance:com.billhub.qa.testcases.UserPageTest@75e01201]" started-at="2024-02-19T16:16:50 IST" name="searchUserByBAGroupIDTest" finished-at="2024-02-19T16:16:51 IST" duration-ms="1220" status="PASS">
          <reporter-output>
          </reporter-output>
        </test-method> <!-- searchUserByBAGroupIDTest -->
        <test-method is-config="true" signature="tearDown()[pri:0, instance:com.billhub.qa.testcases.UserPageTest@75e01201]" started-at="2024-02-19T16:16:51 IST" name="tearDown" finished-at="2024-02-19T16:16:51 IST" duration-ms="111" status="PASS">
          <reporter-output>
          </reporter-output>
        </test-method> <!-- tearDown -->
      </class> <!-- com.billhub.qa.testcases.UserPageTest -->
    </test> <!-- BillHub App Test Cases -->
  </suite> <!-- BillHub Test Automation Test Suite -->
</testng-results>
