<?xml version="1.0" encoding="UTF-8"?>
<testng-results ignored="0" total="1" passed="1" failed="0" skipped="0">
  <reporter-output>
  </reporter-output>
  <suite started-at="2024-03-14T17:54:52 IST" name="Default suite" finished-at="2024-03-14T17:55:39 IST" duration-ms="46758">
    <groups>
    </groups>
    <test started-at="2024-03-14T17:54:52 IST" name="Default test" finished-at="2024-03-14T17:55:39 IST" duration-ms="46758">
      <class name="com.billhub.qa.testcases.POBasedInvoiceAcknowledgementPageTest">
        <test-method is-config="true" signature="setup()[pri:0, instance:com.billhub.qa.testcases.POBasedInvoiceAcknowledgementPageTest@3703bf3c]" started-at="2024-03-14T17:54:52 IST" name="setup" finished-at="2024-03-14T17:54:58 IST" duration-ms="6180" status="PASS">
          <reporter-output>
          </reporter-output>
        </test-method> <!-- setup -->
        <test-method signature="searchByInvalidTransactionBatchIdTest()[pri:20, instance:com.billhub.qa.testcases.POBasedInvoiceAcknowledgementPageTest@3703bf3c]" started-at="2024-03-14T17:54:58 IST" name="searchByInvalidTransactionBatchIdTest" finished-at="2024-03-14T17:55:39 IST" duration-ms="40530" status="PASS">
          <reporter-output>
          </reporter-output>
        </test-method> <!-- searchByInvalidTransactionBatchIdTest -->
      </class> <!-- com.billhub.qa.testcases.POBasedInvoiceAcknowledgementPageTest -->
    </test> <!-- Default test -->
  </suite> <!-- Default suite -->
</testng-results>
