<?xml version="1.0" encoding="UTF-8"?>
<testng-results ignored="0" total="1" passed="1" failed="0" skipped="0">
  <reporter-output>
  </reporter-output>
  <suite started-at="2024-02-28T16:00:32 IST" name="Default suite" finished-at="2024-02-28T16:01:43 IST" duration-ms="71113">
    <groups>
    </groups>
    <test started-at="2024-02-28T16:00:32 IST" name="Default test" finished-at="2024-02-28T16:01:43 IST" duration-ms="71113">
      <class name="com.billhub.qa.testcases.CreatePOBasedInvoicePageTest">
        <test-method is-config="true" signature="setup()[pri:0, instance:com.billhub.qa.testcases.CreatePOBasedInvoicePageTest@206a70ef]" started-at="2024-02-28T16:00:32 IST" name="setup" finished-at="2024-02-28T16:00:50 IST" duration-ms="18075" status="PASS">
          <reporter-output>
          </reporter-output>
        </test-method> <!-- setup -->
        <test-method signature="createInvoiceTest()[pri:0, instance:com.billhub.qa.testcases.CreatePOBasedInvoicePageTest@206a70ef]" started-at="2024-02-28T16:00:50 IST" name="createInvoiceTest" finished-at="2024-02-28T16:01:43 IST" duration-ms="52990" status="PASS">
          <reporter-output>
          </reporter-output>
        </test-method> <!-- createInvoiceTest -->
      </class> <!-- com.billhub.qa.testcases.CreatePOBasedInvoicePageTest -->
    </test> <!-- Default test -->
  </suite> <!-- Default suite -->
</testng-results>
