<?xml version="1.0" encoding="UTF-8"?>
<testng-results ignored="0" total="11" passed="11" failed="0" skipped="0">
  <reporter-output>
  </reporter-output>
  <suite started-at="2024-03-28T19:40:13 IST" name="BillHub Test Automation Test Suite" finished-at="2024-03-28T19:43:35 IST" duration-ms="201846">
    <groups>
    </groups>
    <test started-at="2024-03-28T19:40:13 IST" name="BillHub App Test Cases" finished-at="2024-03-28T19:43:35 IST" duration-ms="201846">
      <class name="com.billhub.qa.testcases.InvoiceValidationByTaxation_1022_Test">
        <test-method is-config="true" signature="setup()[pri:0, instance:com.billhub.qa.testcases.InvoiceValidationByTaxation_1022_Test@41b0ae4c]" started-at="2024-03-28T19:42:18 IST" name="setup" finished-at="2024-03-28T19:42:43 IST" duration-ms="25041" status="PASS">
          <reporter-output>
          </reporter-output>
        </test-method> <!-- setup -->
        <test-method signature="validateCorrectInvoicesTest()[pri:7, instance:com.billhub.qa.testcases.InvoiceValidationByTaxation_1022_Test@41b0ae4c]" started-at="2024-03-28T19:42:43 IST" name="validateCorrectInvoicesTest" finished-at="2024-03-28T19:42:46 IST" duration-ms="2580" status="PASS">
          <reporter-output>
          </reporter-output>
        </test-method> <!-- validateCorrectInvoicesTest -->
        <test-method is-config="true" signature="tearDown()[pri:0, instance:com.billhub.qa.testcases.InvoiceValidationByTaxation_1022_Test@41b0ae4c]" started-at="2024-03-28T19:42:46 IST" name="tearDown" finished-at="2024-03-28T19:42:46 IST" duration-ms="179" status="PASS">
          <reporter-output>
          </reporter-output>
        </test-method> <!-- tearDown -->
      </class> <!-- com.billhub.qa.testcases.InvoiceValidationByTaxation_1022_Test -->
      <class name="com.billhub.qa.testcases.POBasedInvoiceAcknowledgementPageTest">
        <test-method is-config="true" signature="setup()[pri:0, instance:com.billhub.qa.testcases.POBasedInvoiceAcknowledgementPageTest@40298285]" started-at="2024-03-28T19:41:03 IST" name="setup" finished-at="2024-03-28T19:41:28 IST" duration-ms="24754" status="PASS">
          <reporter-output>
          </reporter-output>
        </test-method> <!-- setup -->
        <test-method signature="validateAcknowledgeTheMemoTest()[pri:2, instance:com.billhub.qa.testcases.POBasedInvoiceAcknowledgementPageTest@40298285]" started-at="2024-03-28T19:41:28 IST" name="validateAcknowledgeTheMemoTest" finished-at="2024-03-28T19:41:32 IST" duration-ms="4220" status="PASS">
          <reporter-output>
          </reporter-output>
        </test-method> <!-- validateAcknowledgeTheMemoTest -->
        <test-method signature="validateAcknowledgedStatusTest()[pri:3, instance:com.billhub.qa.testcases.POBasedInvoiceAcknowledgementPageTest@40298285]" started-at="2024-03-28T19:41:32 IST" name="validateAcknowledgedStatusTest" finished-at="2024-03-28T19:41:35 IST" duration-ms="2586" status="PASS">
          <reporter-output>
          </reporter-output>
        </test-method> <!-- validateAcknowledgedStatusTest -->
        <test-method signature="verifyInvoiceWithValidDataTest()[pri:4, instance:com.billhub.qa.testcases.POBasedInvoiceAcknowledgementPageTest@40298285]" started-at="2024-03-28T19:41:35 IST" name="verifyInvoiceWithValidDataTest" finished-at="2024-03-28T19:41:40 IST" duration-ms="4983" status="PASS">
          <reporter-output>
          </reporter-output>
        </test-method> <!-- verifyInvoiceWithValidDataTest -->
        <test-method signature="validateVerifiedStatusTest()[pri:5, instance:com.billhub.qa.testcases.POBasedInvoiceAcknowledgementPageTest@40298285]" started-at="2024-03-28T19:41:40 IST" name="validateVerifiedStatusTest" finished-at="2024-03-28T19:41:42 IST" duration-ms="2400" status="PASS">
          <reporter-output>
          </reporter-output>
        </test-method> <!-- validateVerifiedStatusTest -->
        <test-method signature="bookingInvoiceWithValidDataTest()[pri:6, instance:com.billhub.qa.testcases.POBasedInvoiceAcknowledgementPageTest@40298285]" started-at="2024-03-28T19:41:42 IST" name="bookingInvoiceWithValidDataTest" finished-at="2024-03-28T19:41:45 IST" duration-ms="2845" status="PASS">
          <reporter-output>
          </reporter-output>
        </test-method> <!-- bookingInvoiceWithValidDataTest -->
        <test-method signature="searchByTransactionBatchIdTest()[pri:7, instance:com.billhub.qa.testcases.POBasedInvoiceAcknowledgementPageTest@40298285]" started-at="2024-03-28T19:41:45 IST" name="searchByTransactionBatchIdTest" finished-at="2024-03-28T19:41:50 IST" duration-ms="4881" status="PASS">
          <reporter-output>
          </reporter-output>
        </test-method> <!-- searchByTransactionBatchIdTest -->
        <test-method is-config="true" signature="tearDown()[pri:0, instance:com.billhub.qa.testcases.POBasedInvoiceAcknowledgementPageTest@40298285]" started-at="2024-03-28T19:41:50 IST" name="tearDown" finished-at="2024-03-28T19:41:50 IST" duration-ms="188" status="PASS">
          <reporter-output>
          </reporter-output>
        </test-method> <!-- tearDown -->
      </class> <!-- com.billhub.qa.testcases.POBasedInvoiceAcknowledgementPageTest -->
      <class name="com.billhub.qa.testcases.CreatePaymentRequestForPOPageTest">
        <test-method is-config="true" signature="setup()[pri:0, instance:com.billhub.qa.testcases.CreatePaymentRequestForPOPageTest@af9a89f]" started-at="2024-03-28T19:42:46 IST" name="setup" finished-at="2024-03-28T19:43:22 IST" duration-ms="36084" status="PASS">
          <reporter-output>
          </reporter-output>
        </test-method> <!-- setup -->
        <test-method signature="validateExcelsheetDataTest()[pri:3, instance:com.billhub.qa.testcases.CreatePaymentRequestForPOPageTest@af9a89f]" started-at="2024-03-28T19:43:22 IST" name="validateExcelsheetDataTest" finished-at="2024-03-28T19:43:29 IST" duration-ms="6659" status="PASS">
          <reporter-output>
          </reporter-output>
        </test-method> <!-- validateExcelsheetDataTest -->
        <test-method signature="ValidateDownloadPaymentRequestTest()[pri:6, instance:com.billhub.qa.testcases.CreatePaymentRequestForPOPageTest@af9a89f]" started-at="2024-03-28T19:43:29 IST" name="ValidateDownloadPaymentRequestTest" finished-at="2024-03-28T19:43:35 IST" duration-ms="6334" status="PASS">
          <reporter-output>
          </reporter-output>
        </test-method> <!-- ValidateDownloadPaymentRequestTest -->
        <test-method is-config="true" signature="tearDown()[pri:0, instance:com.billhub.qa.testcases.CreatePaymentRequestForPOPageTest@af9a89f]" started-at="2024-03-28T19:43:35 IST" name="tearDown" finished-at="2024-03-28T19:43:35 IST" duration-ms="174" status="PASS">
          <reporter-output>
          </reporter-output>
        </test-method> <!-- tearDown -->
      </class> <!-- com.billhub.qa.testcases.CreatePaymentRequestForPOPageTest -->
      <class name="com.billhub.qa.testcases.InvoiceValidationByAccounts_1022_Test">
        <test-method is-config="true" signature="setup()[pri:0, instance:com.billhub.qa.testcases.InvoiceValidationByAccounts_1022_Test@22367b8]" started-at="2024-03-28T19:41:50 IST" name="setup" finished-at="2024-03-28T19:42:15 IST" duration-ms="25009" status="PASS">
          <reporter-output>
          </reporter-output>
        </test-method> <!-- setup -->
        <test-method signature="validateCorrectInvoicesTest()[pri:7, instance:com.billhub.qa.testcases.InvoiceValidationByAccounts_1022_Test@22367b8]" started-at="2024-03-28T19:42:15 IST" name="validateCorrectInvoicesTest" finished-at="2024-03-28T19:42:18 IST" duration-ms="3070" status="PASS">
          <reporter-output>
          </reporter-output>
        </test-method> <!-- validateCorrectInvoicesTest -->
        <test-method is-config="true" signature="tearDown()[pri:0, instance:com.billhub.qa.testcases.InvoiceValidationByAccounts_1022_Test@22367b8]" started-at="2024-03-28T19:42:18 IST" name="tearDown" finished-at="2024-03-28T19:42:18 IST" duration-ms="108" status="PASS">
          <reporter-output>
          </reporter-output>
        </test-method> <!-- tearDown -->
      </class> <!-- com.billhub.qa.testcases.InvoiceValidationByAccounts_1022_Test -->
      <class name="com.billhub.qa.testcases.CreatePOBasedInvoicePageTest">
        <test-method is-config="true" signature="setup()[pri:0, instance:com.billhub.qa.testcases.CreatePOBasedInvoicePageTest@18eec010]" started-at="2024-03-28T19:40:13 IST" name="setup" finished-at="2024-03-28T19:40:49 IST" duration-ms="35809" status="PASS">
          <reporter-output>
          </reporter-output>
        </test-method> <!-- setup -->
        <test-method signature="submitMemoWithValidDataTest()[pri:5, instance:com.billhub.qa.testcases.CreatePOBasedInvoicePageTest@18eec010]" started-at="2024-03-28T19:40:49 IST" name="submitMemoWithValidDataTest" finished-at="2024-03-28T19:41:03 IST" duration-ms="13700" status="PASS">
          <reporter-output>
          </reporter-output>
        </test-method> <!-- submitMemoWithValidDataTest -->
        <test-method is-config="true" signature="tearDown()[pri:0, instance:com.billhub.qa.testcases.CreatePOBasedInvoicePageTest@18eec010]" started-at="2024-03-28T19:41:03 IST" name="tearDown" finished-at="2024-03-28T19:41:03 IST" duration-ms="138" status="PASS">
          <reporter-output>
          </reporter-output>
        </test-method> <!-- tearDown -->
      </class> <!-- com.billhub.qa.testcases.CreatePOBasedInvoicePageTest -->
    </test> <!-- BillHub App Test Cases -->
  </suite> <!-- BillHub Test Automation Test Suite -->
</testng-results>
