<?xml version="1.0" encoding="UTF-8"?>
<testng-results ignored="0" total="1" passed="1" failed="0" skipped="0">
  <reporter-output>
  </reporter-output>
  <suite started-at="2024-03-08T18:25:10 IST" name="Default suite" finished-at="2024-03-08T18:25:21 IST" duration-ms="11800">
    <groups>
    </groups>
    <test started-at="2024-03-08T18:25:10 IST" name="Default test" finished-at="2024-03-08T18:25:21 IST" duration-ms="11800">
      <class name="com.billhub.qa.testcases.CommercialDashboardPageTest">
        <test-method is-config="true" signature="setup()[pri:0, instance:com.billhub.qa.testcases.CommercialDashboardPageTest@6025e1b6]" started-at="2024-03-08T18:25:10 IST" name="setup" finished-at="2024-03-08T18:25:16 IST" duration-ms="6178" status="PASS">
          <reporter-output>
          </reporter-output>
        </test-method> <!-- setup -->
        <test-method signature="ValidateLoadDashboardButtonFunctionalityTest()[pri:10, instance:com.billhub.qa.testcases.CommercialDashboardPageTest@6025e1b6]" started-at="2024-03-08T18:25:16 IST" name="ValidateLoadDashboardButtonFunctionalityTest" finished-at="2024-03-08T18:25:21 IST" duration-ms="5422" status="PASS">
          <reporter-output>
          </reporter-output>
        </test-method> <!-- ValidateLoadDashboardButtonFunctionalityTest -->
        <test-method is-config="true" signature="tearDown()[pri:0, instance:com.billhub.qa.testcases.CommercialDashboardPageTest@6025e1b6]" started-at="2024-03-08T18:25:21 IST" name="tearDown" finished-at="2024-03-08T18:25:21 IST" duration-ms="159" status="PASS">
          <reporter-output>
          </reporter-output>
        </test-method> <!-- tearDown -->
      </class> <!-- com.billhub.qa.testcases.CommercialDashboardPageTest -->
    </test> <!-- Default test -->
  </suite> <!-- Default suite -->
</testng-results>
