<?xml version="1.0" encoding="UTF-8"?>
<testng-results ignored="0" total="6" passed="5" failed="1" skipped="0">
  <reporter-output>
  </reporter-output>
  <suite started-at="2024-03-19T14:55:18 IST" name="BillHub Test Automation Test Suite" finished-at="2024-03-19T15:00:05 IST" duration-ms="286593">
    <groups>
    </groups>
    <test started-at="2024-03-19T14:55:18 IST" name="BillHub App Test Cases" finished-at="2024-03-19T15:00:05 IST" duration-ms="286593">
      <class name="com.billhub.qa.testcases.WithholdingTaxPageTest">
        <test-method is-config="true" signature="setup()[pri:0, instance:com.billhub.qa.testcases.WithholdingTaxPageTest@21be3395]" started-at="2024-03-19T14:55:18 IST" name="setup" finished-at="2024-03-19T14:55:46 IST" duration-ms="27169" status="PASS">
          <reporter-output>
          </reporter-output>
        </test-method> <!-- setup -->
        <test-method signature="AddTaxWithValidDataTest()[pri:1, instance:com.billhub.qa.testcases.WithholdingTaxPageTest@21be3395]" started-at="2024-03-19T14:55:46 IST" name="AddTaxWithValidDataTest" finished-at="2024-03-19T14:56:32 IST" duration-ms="46402" status="PASS">
          <reporter-output>
          </reporter-output>
        </test-method> <!-- AddTaxWithValidDataTest -->
        <test-method signature="duplicateWithholdingTaxAddTest()[pri:2, instance:com.billhub.qa.testcases.WithholdingTaxPageTest@21be3395]" started-at="2024-03-19T14:56:32 IST" name="duplicateWithholdingTaxAddTest" finished-at="2024-03-19T14:57:18 IST" duration-ms="45884" status="FAIL">
          <exception class="java.lang.AssertionError">
            <message>
              <![CDATA[Test Failed!: duplicate credentials has been saved expected [false] but found [true]]]>
            </message>
            <full-stacktrace>
              <![CDATA[java.lang.AssertionError: Test Failed!: duplicate credentials has been saved expected [false] but found [true]
at org.testng.Assert.fail(Assert.java:111)
at org.testng.Assert.failNotEquals(Assert.java:1578)
at org.testng.Assert.assertFalse(Assert.java:79)
at com.billhub.qa.testcases.WithholdingTaxPageTest.duplicateWithholdingTaxAddTest(WithholdingTaxPageTest.java:62)
at java.base/jdk.internal.reflect.DirectMethodHandleAccessor.invoke(DirectMethodHandleAccessor.java:103)
at java.base/java.lang.reflect.Method.invoke(Method.java:580)
at org.testng.internal.invokers.MethodInvocationHelper.invokeMethod(MethodInvocationHelper.java:139)
at org.testng.internal.invokers.TestInvoker.invokeMethod(TestInvoker.java:664)
at org.testng.internal.invokers.TestInvoker.invokeTestMethod(TestInvoker.java:228)
at org.testng.internal.invokers.MethodRunner.runInSequence(MethodRunner.java:63)
at org.testng.internal.invokers.TestInvoker$MethodInvocationAgent.invoke(TestInvoker.java:961)
at org.testng.internal.invokers.TestInvoker.invokeTestMethods(TestInvoker.java:201)
at org.testng.internal.invokers.TestMethodWorker.invokeTestMethods(TestMethodWorker.java:148)
at org.testng.internal.invokers.TestMethodWorker.run(TestMethodWorker.java:128)
at java.base/java.util.ArrayList.forEach(ArrayList.java:1596)
at org.testng.TestRunner.privateRun(TestRunner.java:819)
at org.testng.TestRunner.run(TestRunner.java:619)
at org.testng.SuiteRunner.runTest(SuiteRunner.java:443)
at org.testng.SuiteRunner.runSequentially(SuiteRunner.java:437)
at org.testng.SuiteRunner.privateRun(SuiteRunner.java:397)
at org.testng.SuiteRunner.run(SuiteRunner.java:336)
at org.testng.SuiteRunnerWorker.runSuite(SuiteRunnerWorker.java:52)
at org.testng.SuiteRunnerWorker.run(SuiteRunnerWorker.java:95)
at org.testng.TestNG.runSuitesSequentially(TestNG.java:1301)
at org.testng.TestNG.runSuitesLocally(TestNG.java:1228)
at org.testng.TestNG.runSuites(TestNG.java:1134)
at org.testng.TestNG.run(TestNG.java:1101)
at org.testng.remote.AbstractRemoteTestNG.run(AbstractRemoteTestNG.java:115)
at org.testng.remote.RemoteTestNG.initAndRun(RemoteTestNG.java:251)
at org.testng.remote.RemoteTestNG.main(RemoteTestNG.java:77)
]]>
            </full-stacktrace>
          </exception> <!-- java.lang.AssertionError -->
          <reporter-output>
          </reporter-output>
        </test-method> <!-- duplicateWithholdingTaxAddTest -->
        <test-method signature="SearchWithholdingTaxByRate()[pri:3, instance:com.billhub.qa.testcases.WithholdingTaxPageTest@21be3395]" started-at="2024-03-19T14:57:18 IST" name="SearchWithholdingTaxByRate" finished-at="2024-03-19T14:57:33 IST" duration-ms="15270" status="PASS">
          <reporter-output>
          </reporter-output>
        </test-method> <!-- SearchWithholdingTaxByRate -->
        <test-method signature="withholdingTaxAppearanceTest()[pri:4, instance:com.billhub.qa.testcases.WithholdingTaxPageTest@21be3395]" started-at="2024-03-19T14:57:33 IST" name="withholdingTaxAppearanceTest" finished-at="2024-03-19T14:58:04 IST" duration-ms="30199" status="PASS">
          <reporter-output>
          </reporter-output>
        </test-method> <!-- withholdingTaxAppearanceTest -->
        <test-method signature="AddTaxWithBlankDataTest()[pri:5, instance:com.billhub.qa.testcases.WithholdingTaxPageTest@21be3395]" started-at="2024-03-19T14:58:04 IST" name="AddTaxWithBlankDataTest" finished-at="2024-03-19T14:59:04 IST" duration-ms="60759" status="PASS">
          <reporter-output>
          </reporter-output>
        </test-method> <!-- AddTaxWithBlankDataTest -->
        <test-method signature="AddTaxWithInvalidDataTest()[pri:6, instance:com.billhub.qa.testcases.WithholdingTaxPageTest@21be3395]" started-at="2024-03-19T14:59:04 IST" name="AddTaxWithInvalidDataTest" finished-at="2024-03-19T15:00:05 IST" duration-ms="60614" status="PASS">
          <reporter-output>
          </reporter-output>
        </test-method> <!-- AddTaxWithInvalidDataTest -->
        <test-method is-config="true" signature="tearDown()[pri:0, instance:com.billhub.qa.testcases.WithholdingTaxPageTest@21be3395]" started-at="2024-03-19T15:00:05 IST" name="tearDown" finished-at="2024-03-19T15:00:05 IST" duration-ms="63" status="PASS">
          <reporter-output>
          </reporter-output>
        </test-method> <!-- tearDown -->
      </class> <!-- com.billhub.qa.testcases.WithholdingTaxPageTest -->
    </test> <!-- BillHub App Test Cases -->
  </suite> <!-- BillHub Test Automation Test Suite -->
</testng-results>
