<?xml version="1.0" encoding="UTF-8"?>
<testng-results ignored="0" total="8" passed="8" failed="0" skipped="0">
  <reporter-output>
  </reporter-output>
  <suite started-at="2024-03-07T09:55:30 IST" name="BillHub Test Automation Test Suite" finished-at="2024-03-07T10:05:30 IST" duration-ms="599726">
    <groups>
    </groups>
    <test started-at="2024-03-07T09:55:30 IST" name="BillHub App Test Cases" finished-at="2024-03-07T10:05:30 IST" duration-ms="599726">
      <class name="com.billhub.qa.testcases.CreatePOBasedInvoiceWithExcelsheetTest">
        <test-method is-config="true" signature="setup()[pri:0, instance:com.billhub.qa.testcases.CreatePOBasedInvoiceWithExcelsheetTest@69da0b12]" started-at="2024-03-07T09:55:30 IST" name="setup" finished-at="2024-03-07T09:57:05 IST" duration-ms="95039" status="PASS">
          <reporter-output>
          </reporter-output>
        </test-method> <!-- setup -->
        <test-method signature="gstCodeVerificationTest()[pri:1, instance:com.billhub.qa.testcases.CreatePOBasedInvoiceWithExcelsheetTest@69da0b12]" started-at="2024-03-07T09:57:05 IST" name="gstCodeVerificationTest" finished-at="2024-03-07T09:57:06 IST" duration-ms="398" status="PASS">
          <reporter-output>
          </reporter-output>
        </test-method> <!-- gstCodeVerificationTest -->
        <test-method signature="tdCodeVerificationTest()[pri:2, instance:com.billhub.qa.testcases.CreatePOBasedInvoiceWithExcelsheetTest@69da0b12]" started-at="2024-03-07T09:57:06 IST" name="tdCodeVerificationTest" finished-at="2024-03-07T09:57:06 IST" duration-ms="353" status="PASS">
          <reporter-output>
          </reporter-output>
        </test-method> <!-- tdCodeVerificationTest -->
        <test-method signature="additionalAmountVerificationTest()[pri:3, instance:com.billhub.qa.testcases.CreatePOBasedInvoiceWithExcelsheetTest@69da0b12]" started-at="2024-03-07T09:57:06 IST" name="additionalAmountVerificationTest" finished-at="2024-03-07T09:57:06 IST" duration-ms="357" status="PASS">
          <reporter-output>
          </reporter-output>
        </test-method> <!-- additionalAmountVerificationTest -->
        <test-method signature="submitMemoWithValidDataTest()[pri:4, instance:com.billhub.qa.testcases.CreatePOBasedInvoiceWithExcelsheetTest@69da0b12]" started-at="2024-03-07T09:57:06 IST" name="submitMemoWithValidDataTest" finished-at="2024-03-07T09:58:25 IST" duration-ms="78368" status="PASS">
          <reporter-output>
          </reporter-output>
        </test-method> <!-- submitMemoWithValidDataTest -->
        <test-method signature="submitMemoWithDuplicateDataTest()[pri:5, instance:com.billhub.qa.testcases.CreatePOBasedInvoiceWithExcelsheetTest@69da0b12]" started-at="2024-03-07T09:58:25 IST" name="submitMemoWithDuplicateDataTest" finished-at="2024-03-07T10:00:01 IST" duration-ms="96422" status="PASS">
          <reporter-output>
          </reporter-output>
        </test-method> <!-- submitMemoWithDuplicateDataTest -->
        <test-method signature="submitMemoWithoutDataTest()[pri:6, instance:com.billhub.qa.testcases.CreatePOBasedInvoiceWithExcelsheetTest@69da0b12]" started-at="2024-03-07T10:00:01 IST" name="submitMemoWithoutDataTest" finished-at="2024-03-07T10:01:34 IST" duration-ms="92821" status="PASS">
          <reporter-output>
          </reporter-output>
        </test-method> <!-- submitMemoWithoutDataTest -->
        <test-method signature="createMultipleInvoiceInSingleMemoTest()[pri:7, instance:com.billhub.qa.testcases.CreatePOBasedInvoiceWithExcelsheetTest@69da0b12]" started-at="2024-03-07T10:01:34 IST" name="createMultipleInvoiceInSingleMemoTest" finished-at="2024-03-07T10:05:30 IST" duration-ms="235916" status="PASS">
          <reporter-output>
          </reporter-output>
        </test-method> <!-- createMultipleInvoiceInSingleMemoTest -->
        <test-method signature="splitPoQuantityAndCreateMultipleInvoicesTest()[pri:8, instance:com.billhub.qa.testcases.CreatePOBasedInvoiceWithExcelsheetTest@69da0b12]" started-at="2024-03-07T10:05:30 IST" name="splitPoQuantityAndCreateMultipleInvoicesTest" finished-at="2024-03-07T10:05:30 IST" duration-ms="2" status="PASS">
          <reporter-output>
          </reporter-output>
        </test-method> <!-- splitPoQuantityAndCreateMultipleInvoicesTest -->
      </class> <!-- com.billhub.qa.testcases.CreatePOBasedInvoiceWithExcelsheetTest -->
    </test> <!-- BillHub App Test Cases -->
  </suite> <!-- BillHub Test Automation Test Suite -->
</testng-results>
