<?xml version="1.0" encoding="UTF-8"?>
<testng-results ignored="0" total="1" passed="1" failed="0" skipped="0">
  <reporter-output>
  </reporter-output>
  <suite started-at="2024-02-03T01:17:15 IST" name="Default suite" finished-at="2024-02-03T01:17:44 IST" duration-ms="28756">
    <groups>
    </groups>
    <test started-at="2024-02-03T01:17:15 IST" name="Default test" finished-at="2024-02-03T01:17:44 IST" duration-ms="28756">
      <class name="com.billhub.qa.testcases.ReasonPageTest">
        <test-method is-config="true" signature="setup()[pri:0, instance:com.billhub.qa.testcases.ReasonPageTest@3c19aaa5]" started-at="2024-02-03T01:17:15 IST" name="setup" finished-at="2024-02-03T01:17:36 IST" duration-ms="20944" status="PASS">
          <reporter-output>
          </reporter-output>
        </test-method> <!-- setup -->
        <test-method signature="addNewUserTest()[pri:0, instance:com.billhub.qa.testcases.ReasonPageTest@3c19aaa5]" started-at="2024-02-03T01:17:36 IST" name="addNewUserTest" finished-at="2024-02-03T01:17:43 IST" duration-ms="7701" status="PASS">
          <reporter-output>
          </reporter-output>
        </test-method> <!-- addNewUserTest -->
        <test-method is-config="true" signature="tearDown()[pri:0, instance:com.billhub.qa.testcases.ReasonPageTest@3c19aaa5]" started-at="2024-02-03T01:17:43 IST" name="tearDown" finished-at="2024-02-03T01:17:44 IST" duration-ms="70" status="PASS">
          <reporter-output>
          </reporter-output>
        </test-method> <!-- tearDown -->
      </class> <!-- com.billhub.qa.testcases.ReasonPageTest -->
    </test> <!-- Default test -->
  </suite> <!-- Default suite -->
</testng-results>
