<?xml version="1.0" encoding="UTF-8"?>
<testng-results ignored="0" total="8" passed="8" failed="0" skipped="0">
  <reporter-output>
  </reporter-output>
  <suite started-at="2024-03-08T12:18:52 IST" name="BillHub Test Automation Test Suite" finished-at="2024-03-08T12:29:21 IST" duration-ms="629074">
    <groups>
    </groups>
    <test started-at="2024-03-08T12:18:52 IST" name="BillHub App Test Cases" finished-at="2024-03-08T12:29:21 IST" duration-ms="629074">
      <class name="com.billhub.qa.testcases.CreatePOBasedInvoiceWithExcelsheetTest">
        <test-method is-config="true" signature="setup()[pri:0, instance:com.billhub.qa.testcases.CreatePOBasedInvoiceWithExcelsheetTest@408b87aa]" started-at="2024-03-08T12:18:52 IST" name="setup" finished-at="2024-03-08T12:20:50 IST" duration-ms="117793" status="PASS">
          <reporter-output>
          </reporter-output>
        </test-method> <!-- setup -->
        <test-method signature="gstCodeVerificationTest()[pri:1, instance:com.billhub.qa.testcases.CreatePOBasedInvoiceWithExcelsheetTest@408b87aa]" started-at="2024-03-08T12:20:50 IST" name="gstCodeVerificationTest" finished-at="2024-03-08T12:20:51 IST" duration-ms="589" status="PASS">
          <reporter-output>
          </reporter-output>
        </test-method> <!-- gstCodeVerificationTest -->
        <test-method signature="tdCodeVerificationTest()[pri:2, instance:com.billhub.qa.testcases.CreatePOBasedInvoiceWithExcelsheetTest@408b87aa]" started-at="2024-03-08T12:20:51 IST" name="tdCodeVerificationTest" finished-at="2024-03-08T12:20:51 IST" duration-ms="663" status="PASS">
          <reporter-output>
          </reporter-output>
        </test-method> <!-- tdCodeVerificationTest -->
        <test-method signature="additionalAmountVerificationTest()[pri:3, instance:com.billhub.qa.testcases.CreatePOBasedInvoiceWithExcelsheetTest@408b87aa]" started-at="2024-03-08T12:20:51 IST" name="additionalAmountVerificationTest" finished-at="2024-03-08T12:20:52 IST" duration-ms="609" status="PASS">
          <reporter-output>
          </reporter-output>
        </test-method> <!-- additionalAmountVerificationTest -->
        <test-method signature="submitMemoWithValidDataTest()[pri:4, instance:com.billhub.qa.testcases.CreatePOBasedInvoiceWithExcelsheetTest@408b87aa]" started-at="2024-03-08T12:20:52 IST" name="submitMemoWithValidDataTest" finished-at="2024-03-08T12:22:10 IST" duration-ms="78096" status="PASS">
          <reporter-output>
          </reporter-output>
        </test-method> <!-- submitMemoWithValidDataTest -->
        <test-method signature="submitMemoWithDuplicateDataTest()[pri:5, instance:com.billhub.qa.testcases.CreatePOBasedInvoiceWithExcelsheetTest@408b87aa]" started-at="2024-03-08T12:22:10 IST" name="submitMemoWithDuplicateDataTest" finished-at="2024-03-08T12:23:47 IST" duration-ms="96905" status="PASS">
          <reporter-output>
          </reporter-output>
        </test-method> <!-- submitMemoWithDuplicateDataTest -->
        <test-method signature="submitMemoWithoutDataTest()[pri:6, instance:com.billhub.qa.testcases.CreatePOBasedInvoiceWithExcelsheetTest@408b87aa]" started-at="2024-03-08T12:23:47 IST" name="submitMemoWithoutDataTest" finished-at="2024-03-08T12:25:24 IST" duration-ms="96998" status="PASS">
          <reporter-output>
          </reporter-output>
        </test-method> <!-- submitMemoWithoutDataTest -->
        <test-method signature="createMultipleInvoiceInSingleMemoTest()[pri:7, instance:com.billhub.qa.testcases.CreatePOBasedInvoiceWithExcelsheetTest@408b87aa]" started-at="2024-03-08T12:25:24 IST" name="createMultipleInvoiceInSingleMemoTest" finished-at="2024-03-08T12:29:21 IST" duration-ms="237375" status="PASS">
          <reporter-output>
          </reporter-output>
        </test-method> <!-- createMultipleInvoiceInSingleMemoTest -->
        <test-method signature="splitPoQuantityAndCreateMultipleInvoicesTest()[pri:8, instance:com.billhub.qa.testcases.CreatePOBasedInvoiceWithExcelsheetTest@408b87aa]" started-at="2024-03-08T12:29:21 IST" name="splitPoQuantityAndCreateMultipleInvoicesTest" finished-at="2024-03-08T12:29:21 IST" duration-ms="1" status="PASS">
          <reporter-output>
          </reporter-output>
        </test-method> <!-- splitPoQuantityAndCreateMultipleInvoicesTest -->
      </class> <!-- com.billhub.qa.testcases.CreatePOBasedInvoiceWithExcelsheetTest -->
    </test> <!-- BillHub App Test Cases -->
  </suite> <!-- BillHub Test Automation Test Suite -->
</testng-results>
