<?xml version="1.0" encoding="UTF-8"?>
<testng-results ignored="0" total="1" passed="1" failed="0" skipped="0">
  <reporter-output>
  </reporter-output>
  <suite started-at="2024-02-20T21:38:04 IST" name="Default suite" finished-at="2024-02-20T21:38:22 IST" duration-ms="18160">
    <groups>
    </groups>
    <test started-at="2024-02-20T21:38:04 IST" name="Default test" finished-at="2024-02-20T21:38:22 IST" duration-ms="18160">
      <class name="com.billhub.qa.testcases.BAPageTest">
        <test-method is-config="true" signature="setup()[pri:0, instance:com.billhub.qa.testcases.BAPageTest@666b83a4]" started-at="2024-02-20T21:38:04 IST" name="setup" finished-at="2024-02-20T21:38:21 IST" duration-ms="16552" status="PASS">
          <reporter-output>
          </reporter-output>
        </test-method> <!-- setup -->
        <test-method signature="searchBAByNameTest()[pri:9, instance:com.billhub.qa.testcases.BAPageTest@666b83a4]" started-at="2024-02-20T21:38:21 IST" name="searchBAByNameTest" finished-at="2024-02-20T21:38:22 IST" duration-ms="1211" status="PASS">
          <reporter-output>
          </reporter-output>
        </test-method> <!-- searchBAByNameTest -->
        <test-method is-config="true" signature="tearDown()[pri:0, instance:com.billhub.qa.testcases.BAPageTest@666b83a4]" started-at="2024-02-20T21:38:22 IST" name="tearDown" finished-at="2024-02-20T21:38:22 IST" duration-ms="338" status="PASS">
          <reporter-output>
          </reporter-output>
        </test-method> <!-- tearDown -->
      </class> <!-- com.billhub.qa.testcases.BAPageTest -->
    </test> <!-- Default test -->
  </suite> <!-- Default suite -->
</testng-results>
