<?xml version="1.0" encoding="UTF-8"?>
<testng-results ignored="0" total="8" passed="8" failed="0" skipped="0">
  <reporter-output>
  </reporter-output>
  <suite started-at="2024-03-22T11:51:40 IST" name="BillHub Test Automation Test Suite" finished-at="2024-03-22T12:05:44 IST" duration-ms="844607">
    <groups>
    </groups>
    <test started-at="2024-03-22T11:51:40 IST" name="BillHub App Test Cases" finished-at="2024-03-22T12:05:44 IST" duration-ms="844607">
      <class name="com.billhub.qa.testcases.CreatePOBasedInvoicePageTest">
        <test-method is-config="true" signature="setup()[pri:0, instance:com.billhub.qa.testcases.CreatePOBasedInvoicePageTest@6d9fb2d1]" started-at="2024-03-22T11:51:40 IST" name="setup" finished-at="2024-03-22T11:52:08 IST" duration-ms="28455" status="PASS">
          <reporter-output>
          </reporter-output>
        </test-method> <!-- setup -->
        <test-method signature="gstCodeVerificationTest()[pri:1, instance:com.billhub.qa.testcases.CreatePOBasedInvoicePageTest@6d9fb2d1]" started-at="2024-03-22T11:52:08 IST" name="gstCodeVerificationTest" finished-at="2024-03-22T11:52:49 IST" duration-ms="40622" status="PASS">
          <reporter-output>
          </reporter-output>
        </test-method> <!-- gstCodeVerificationTest -->
        <test-method signature="tdCodeVerificationTest()[pri:2, instance:com.billhub.qa.testcases.CreatePOBasedInvoicePageTest@6d9fb2d1]" started-at="2024-03-22T11:52:49 IST" name="tdCodeVerificationTest" finished-at="2024-03-22T11:53:29 IST" duration-ms="40549" status="PASS">
          <reporter-output>
          </reporter-output>
        </test-method> <!-- tdCodeVerificationTest -->
        <test-method signature="additionalAmountVerificationTest()[pri:3, instance:com.billhub.qa.testcases.CreatePOBasedInvoicePageTest@6d9fb2d1]" started-at="2024-03-22T11:53:29 IST" name="additionalAmountVerificationTest" finished-at="2024-03-22T11:54:10 IST" duration-ms="40585" status="PASS">
          <reporter-output>
          </reporter-output>
        </test-method> <!-- additionalAmountVerificationTest -->
        <test-method signature="createInvoiceWithoutDataTest()[pri:4, instance:com.billhub.qa.testcases.CreatePOBasedInvoicePageTest@6d9fb2d1]" started-at="2024-03-22T11:54:10 IST" name="createInvoiceWithoutDataTest" finished-at="2024-03-22T11:54:51 IST" duration-ms="40800" status="PASS">
          <reporter-output>
          </reporter-output>
        </test-method> <!-- createInvoiceWithoutDataTest -->
        <test-method signature="submitMemoWithValidDataTest()[pri:5, instance:com.billhub.qa.testcases.CreatePOBasedInvoicePageTest@6d9fb2d1]" started-at="2024-03-22T11:54:51 IST" name="submitMemoWithValidDataTest" finished-at="2024-03-22T11:58:16 IST" duration-ms="204881" status="PASS">
          <reporter-output>
          </reporter-output>
        </test-method> <!-- submitMemoWithValidDataTest -->
        <test-method signature="submitMemoWithDuplicateDataTest()[pri:6, instance:com.billhub.qa.testcases.CreatePOBasedInvoicePageTest@6d9fb2d1]" started-at="2024-03-22T11:58:16 IST" name="submitMemoWithDuplicateDataTest" finished-at="2024-03-22T11:58:58 IST" duration-ms="42081" status="PASS">
          <reporter-output>
          </reporter-output>
        </test-method> <!-- submitMemoWithDuplicateDataTest -->
        <test-method signature="createMultipleInvoiceInSingleMemoTest()[pri:7, instance:com.billhub.qa.testcases.CreatePOBasedInvoicePageTest@6d9fb2d1]" started-at="2024-03-22T11:58:58 IST" name="createMultipleInvoiceInSingleMemoTest" finished-at="2024-03-22T12:05:44 IST" duration-ms="406443" status="PASS">
          <reporter-output>
          </reporter-output>
        </test-method> <!-- createMultipleInvoiceInSingleMemoTest -->
        <test-method signature="splitPoQuantityAndCreateMultipleInvoicesTest()[pri:8, instance:com.billhub.qa.testcases.CreatePOBasedInvoicePageTest@6d9fb2d1]" started-at="2024-03-22T12:05:44 IST" name="splitPoQuantityAndCreateMultipleInvoicesTest" finished-at="2024-03-22T12:05:44 IST" duration-ms="1" status="PASS">
          <reporter-output>
          </reporter-output>
        </test-method> <!-- splitPoQuantityAndCreateMultipleInvoicesTest -->
        <test-method is-config="true" signature="tearDown()[pri:0, instance:com.billhub.qa.testcases.CreatePOBasedInvoicePageTest@6d9fb2d1]" started-at="2024-03-22T12:05:44 IST" name="tearDown" finished-at="2024-03-22T12:05:44 IST" duration-ms="123" status="PASS">
          <reporter-output>
          </reporter-output>
        </test-method> <!-- tearDown -->
      </class> <!-- com.billhub.qa.testcases.CreatePOBasedInvoicePageTest -->
    </test> <!-- BillHub App Test Cases -->
  </suite> <!-- BillHub Test Automation Test Suite -->
</testng-results>
