<?xml version="1.0" encoding="UTF-8"?>
<testng-results ignored="0" total="1" passed="1" failed="0" skipped="0">
  <reporter-output>
  </reporter-output>
  <suite started-at="2024-02-22T21:33:44 IST" name="Default suite" finished-at="2024-02-22T21:34:18 IST" duration-ms="34275">
    <groups>
    </groups>
    <test started-at="2024-02-22T21:33:44 IST" name="Default test" finished-at="2024-02-22T21:34:18 IST" duration-ms="34275">
      <class name="com.billhub.qa.testcases.ReasonPageTest">
        <test-method is-config="true" signature="setup()[pri:0, instance:com.billhub.qa.testcases.ReasonPageTest@4a3329b9]" started-at="2024-02-22T21:33:44 IST" name="setup" finished-at="2024-02-22T21:34:16 IST" duration-ms="32359" status="PASS">
          <reporter-output>
          </reporter-output>
        </test-method> <!-- setup -->
        <test-method signature="updateReasonTest()[pri:5, instance:com.billhub.qa.testcases.ReasonPageTest@4a3329b9]" started-at="2024-02-22T21:34:16 IST" name="updateReasonTest" finished-at="2024-02-22T21:34:18 IST" duration-ms="1796" status="PASS">
          <reporter-output>
          </reporter-output>
        </test-method> <!-- updateReasonTest -->
        <test-method is-config="true" signature="tearDown()[pri:0, instance:com.billhub.qa.testcases.ReasonPageTest@4a3329b9]" started-at="2024-02-22T21:34:18 IST" name="tearDown" finished-at="2024-02-22T21:34:18 IST" duration-ms="78" status="PASS">
          <reporter-output>
          </reporter-output>
        </test-method> <!-- tearDown -->
      </class> <!-- com.billhub.qa.testcases.ReasonPageTest -->
    </test> <!-- Default test -->
  </suite> <!-- Default suite -->
</testng-results>
