<?xml version="1.0" encoding="UTF-8"?>
<testng-results ignored="0" total="1" passed="1" failed="0" skipped="0">
  <reporter-output>
  </reporter-output>
  <suite started-at="2024-02-04T21:45:11 IST" name="Default suite" finished-at="2024-02-04T21:46:03 IST" duration-ms="51769">
    <groups>
    </groups>
    <test started-at="2024-02-04T21:45:11 IST" name="Default test" finished-at="2024-02-04T21:46:03 IST" duration-ms="51769">
      <class name="com.billhub.qa.testcases.BAPageTest">
        <test-method is-config="true" signature="setup()[pri:0, instance:com.billhub.qa.testcases.BAPageTest@3c19aaa5]" started-at="2024-02-04T21:45:11 IST" name="setup" finished-at="2024-02-04T21:45:22 IST" duration-ms="10809" status="PASS">
          <reporter-output>
          </reporter-output>
        </test-method> <!-- setup -->
        <test-method signature="addNewBaTest()[pri:0, instance:com.billhub.qa.testcases.BAPageTest@3c19aaa5]" started-at="2024-02-04T21:45:22 IST" name="addNewBaTest" finished-at="2024-02-04T21:46:03 IST" duration-ms="40856" status="PASS">
          <reporter-output>
          </reporter-output>
        </test-method> <!-- addNewBaTest -->
        <test-method is-config="true" signature="tearDown()[pri:0, instance:com.billhub.qa.testcases.BAPageTest@3c19aaa5]" started-at="2024-02-04T21:46:03 IST" name="tearDown" finished-at="2024-02-04T21:46:03 IST" duration-ms="64" status="PASS">
          <reporter-output>
          </reporter-output>
        </test-method> <!-- tearDown -->
      </class> <!-- com.billhub.qa.testcases.BAPageTest -->
    </test> <!-- Default test -->
  </suite> <!-- Default suite -->
</testng-results>
