<?xml version="1.0" encoding="UTF-8"?>
<!-- Generated by org.testng.reporters.JUnitXMLReporter -->
<testsuite ignored="13" hostname="LAPTOP-T9TC6QDG" failures="0" tests="6" name="BillHub App Test Cases" time="70.872" errors="0" timestamp="2024-03-18T17:22:39 IST">
  <testcase classname="com.billhub.qa.testcases.BAPageTest" name="addNewBaWithValidDataTest" time="1.486"/>
  <testcase classname="com.billhub.qa.testcases.BAPageTest" name="addNewBAWithInactiveStatusTest" time="4.594"/>
  <testcase classname="com.billhub.qa.testcases.BAPageTest" name="addNewBAWithActiveStatusTest" time="1.213"/>
  <testcase classname="com.billhub.qa.testcases.BAPageTest" name="validateAddedBAInTheDatabaseTest" time="0.253"/>
  <testcase classname="com.billhub.qa.testcases.BAPageTest" name="addNewBaWithInvalidDataTest" time="17.625"/>
  <testcase classname="com.billhub.qa.testcases.BAPageTest" name="addNewBAWithDuplicateDataTest" time="11.93"/>
  <testcase classname="com.billhub.qa.testcases.POBasedInvoiceAcknowledgementPageTest" name="validateInvoiceFilePreviewTest" time="0.0">
    <ignored/>
  </testcase> <!-- validateInvoiceFilePreviewTest -->
  <testcase classname="com.billhub.qa.testcases.POBasedInvoiceAcknowledgementPageTest" name="searchByInvalidTransactionBatchIdTest" time="0.0">
    <ignored/>
  </testcase> <!-- searchByInvalidTransactionBatchIdTest -->
  <testcase classname="com.billhub.qa.testcases.POBasedInvoiceAcknowledgementPageTest" name="ValidateRejectTheAcknowledgedInvoiceTest" time="0.0">
    <ignored/>
  </testcase> <!-- ValidateRejectTheAcknowledgedInvoiceTest -->
  <testcase classname="com.billhub.qa.testcases.POBasedInvoiceAcknowledgementPageTest" name="acknowledgingInvalidGRNTest" time="0.0">
    <ignored/>
  </testcase> <!-- acknowledgingInvalidGRNTest -->
  <testcase classname="com.billhub.qa.testcases.POBasedInvoiceAcknowledgementPageTest" name="validatingTwoDocumentNumbersTest" time="0.0">
    <ignored/>
  </testcase> <!-- validatingTwoDocumentNumbersTest -->
  <testcase classname="com.billhub.qa.testcases.POBasedInvoiceAcknowledgementPageTest" name="downloadingBookedInvoiceTest" time="0.0">
    <ignored/>
  </testcase> <!-- downloadingBookedInvoiceTest -->
  <testcase classname="com.billhub.qa.testcases.POBasedInvoiceAcknowledgementPageTest" name="downloadingInvoiceBeforeBookingTest" time="0.0">
    <ignored/>
  </testcase> <!-- downloadingInvoiceBeforeBookingTest -->
  <testcase classname="com.billhub.qa.testcases.POBasedInvoiceAcknowledgementPageTest" name="searchingInvoiceWithMultipleFieldsTest" time="0.0">
    <ignored/>
  </testcase> <!-- searchingInvoiceWithMultipleFieldsTest -->
  <testcase classname="com.billhub.qa.testcases.POBasedInvoiceAcknowledgementPageTest" name="searchingInvoiceWithInvalidDataTest" time="0.0">
    <ignored/>
  </testcase> <!-- searchingInvoiceWithInvalidDataTest -->
  <testcase classname="com.billhub.qa.testcases.POBasedInvoiceAcknowledgementPageTest" name="validateRejectedStatusTest" time="0.0">
    <ignored/>
  </testcase> <!-- validateRejectedStatusTest -->
  <testcase classname="com.billhub.qa.testcases.POBasedInvoiceAcknowledgementPageTest" name="ValidateReassignTheMemoTest" time="0.0">
    <ignored/>
  </testcase> <!-- ValidateReassignTheMemoTest -->
  <testcase classname="com.billhub.qa.testcases.POBasedInvoiceAcknowledgementPageTest" name="verifyInvoiceWithInvalidTaxCodeTest" time="0.0">
    <ignored/>
  </testcase> <!-- verifyInvoiceWithInvalidTaxCodeTest -->
  <testcase classname="com.billhub.qa.testcases.POBasedInvoiceAcknowledgementPageTest" name="ValidateRejectTheMemoTest" time="0.0">
    <ignored/>
  </testcase> <!-- ValidateRejectTheMemoTest -->
</testsuite> <!-- BillHub App Test Cases -->
