<?xml version="1.0" encoding="UTF-8"?>
<!-- Generated by org.testng.reporters.JUnitXMLReporter -->
<testsuite ignored="0" hostname="LAPTOP-T9TC6QDG" failures="1" tests="13" name="BillHub App Test Cases" time="1125.501" errors="0" timestamp="2024-03-20T16:50:41 IST">
  <testcase classname="com.billhub.qa.testcases.UserPageTest" name="addNewUserWithValidDataTest" time="81.82"/>
  <testcase classname="com.billhub.qa.testcases.UserPageTest" name="addNewUserWithInactiveStatusTest" time="81.627"/>
  <testcase classname="com.billhub.qa.testcases.UserPageTest" name="addNewUserWithActiveStatusTest" time="80.503"/>
  <testcase classname="com.billhub.qa.testcases.UserPageTest" name="validateAddedUserInTheDatabaseTest" time="80.447"/>
  <testcase classname="com.billhub.qa.testcases.UserPageTest" name="addNewUserWithInvalidDataTest" time="81.034"/>
  <testcase classname="com.billhub.qa.testcases.UserPageTest" name="addNewUserWithDuplicateDataTest" time="61.611"/>
  <testcase classname="com.billhub.qa.testcases.UserPageTest" name="addNewUserWithoutDataTest" time="80.79"/>
  <testcase classname="com.billhub.qa.testcases.UserPageTest" name="searchUserByNameTest" time="60.463"/>
  <testcase classname="com.billhub.qa.testcases.UserPageTest" name="searchUserByBAGroupIDTest" time="60.376"/>
  <testcase classname="com.billhub.qa.testcases.UserPageTest" name="createCommercialForDifferentLocationTest" time="80.288"/>
  <testcase classname="com.billhub.qa.testcases.UserPageTest" name="createMDMAndReadOnlyUsersTest" time="162.056">
    <failure type="java.lang.AssertionError" message="User is present but not found on searching expected [true] but found [false]">
      <![CDATA[java.lang.AssertionError: User is present but not found on searching expected [true] but found [false]
at com.billhub.qa.testcases.UserPageTest.createMDMAndReadOnlyUsersTest(UserPageTest.java:152)
at java.base/java.util.ArrayList.forEach(ArrayList.java:1596)
... Removed 28 stack frames]]>
    </failure>
  </testcase> <!-- createMDMAndReadOnlyUsersTest -->
  <testcase classname="com.billhub.qa.testcases.UserPageTest" name="createAccountForSpecificCompanyTest" time="80.435"/>
  <testcase classname="com.billhub.qa.testcases.UserPageTest" name="updateUserTest" time="101.71"/>
</testsuite> <!-- BillHub App Test Cases -->
