<?xml version="1.0" encoding="UTF-8"?>
<!-- Generated by org.testng.reporters.JUnitXMLReporter -->
<testsuite ignored="0" hostname="LAPTOP-T9TC6QDG" failures="0" tests="8" name="BillHub App Test Cases" time="599.726" errors="0" timestamp="2024-03-07T10:05:31 IST">
  <testcase classname="com.billhub.qa.testcases.CreatePOBasedInvoiceWithExcelsheetTest" name="gstCodeVerificationTest" time="0.398"/>
  <testcase classname="com.billhub.qa.testcases.CreatePOBasedInvoiceWithExcelsheetTest" name="tdCodeVerificationTest" time="0.353"/>
  <testcase classname="com.billhub.qa.testcases.CreatePOBasedInvoiceWithExcelsheetTest" name="additionalAmountVerificationTest" time="0.357"/>
  <testcase classname="com.billhub.qa.testcases.CreatePOBasedInvoiceWithExcelsheetTest" name="submitMemoWithValidDataTest" time="78.368"/>
  <testcase classname="com.billhub.qa.testcases.CreatePOBasedInvoiceWithExcelsheetTest" name="submitMemoWithDuplicateDataTest" time="96.422"/>
  <testcase classname="com.billhub.qa.testcases.CreatePOBasedInvoiceWithExcelsheetTest" name="submitMemoWithoutDataTest" time="92.821"/>
  <testcase classname="com.billhub.qa.testcases.CreatePOBasedInvoiceWithExcelsheetTest" name="createMultipleInvoiceInSingleMemoTest" time="235.916"/>
  <testcase classname="com.billhub.qa.testcases.CreatePOBasedInvoiceWithExcelsheetTest" name="splitPoQuantityAndCreateMultipleInvoicesTest" time="0.002"/>
</testsuite> <!-- BillHub App Test Cases -->
