<?xml version="1.0" encoding="UTF-8"?>
<!-- Generated by org.testng.reporters.JUnitXMLReporter -->
<testsuite ignored="0" hostname="LAPTOP-T9TC6QDG" failures="1" tests="6" name="BillHub App Test Cases" time="286.593" errors="0" timestamp="2024-03-19T15:00:06 IST">
  <testcase classname="com.billhub.qa.testcases.WithholdingTaxPageTest" name="AddTaxWithValidDataTest" time="46.402"/>
  <testcase classname="com.billhub.qa.testcases.WithholdingTaxPageTest" name="duplicateWithholdingTaxAddTest" time="45.884">
    <failure type="java.lang.AssertionError" message="Test Failed!: duplicate credentials has been saved expected [false] but found [true]">
      <![CDATA[java.lang.AssertionError: Test Failed!: duplicate credentials has been saved expected [false] but found [true]
at com.billhub.qa.testcases.WithholdingTaxPageTest.duplicateWithholdingTaxAddTest(WithholdingTaxPageTest.java:62)
at java.base/java.util.ArrayList.forEach(ArrayList.java:1596)
... Removed 28 stack frames]]>
    </failure>
  </testcase> <!-- duplicateWithholdingTaxAddTest -->
  <testcase classname="com.billhub.qa.testcases.WithholdingTaxPageTest" name="SearchWithholdingTaxByRate" time="15.27"/>
  <testcase classname="com.billhub.qa.testcases.WithholdingTaxPageTest" name="withholdingTaxAppearanceTest" time="30.199"/>
  <testcase classname="com.billhub.qa.testcases.WithholdingTaxPageTest" name="AddTaxWithBlankDataTest" time="60.759"/>
  <testcase classname="com.billhub.qa.testcases.WithholdingTaxPageTest" name="AddTaxWithInvalidDataTest" time="60.614"/>
</testsuite> <!-- BillHub App Test Cases -->
