<?xml version="1.0" encoding="UTF-8"?>
<!-- Generated by org.testng.reporters.JUnitXMLReporter -->
<testsuite ignored="0" hostname="LAPTOP-T9TC6QDG" failures="2" tests="20" name="BillHub App Test Cases" time="462.047" errors="0" timestamp="2024-02-19T16:16:51 IST">
  <testcase classname="com.billhub.qa.testcases.BAPageTest" name="addNewBaWithValidDataTest" time="2.035"/>
  <testcase classname="com.billhub.qa.testcases.BAPageTest" name="addNewBAWithInactiveStatusTest" time="1.995"/>
  <testcase classname="com.billhub.qa.testcases.BAPageTest" name="addNewBaWithInvalidDataTest" time="11.744"/>
  <testcase classname="com.billhub.qa.testcases.BAPageTest" name="addNewBAWithDuplicateDataTest" time="11.871"/>
  <testcase classname="com.billhub.qa.testcases.BAPageTest" name="updateBATest" time="1.966"/>
  <testcase classname="com.billhub.qa.testcases.BAPageTest" name="addNewBAWithActiveStatusTest" time="1.523"/>
  <testcase classname="com.billhub.qa.testcases.BAPageTest" name="validateAddedBAInTheDatabaseTest" time="1.228"/>
  <testcase classname="com.billhub.qa.testcases.BAPageTest" name="addNewBaWithoutDataTest" time="11.62">
    <failure type="java.lang.AssertionError" message="Expected error popup box found none. expected [true] but found [false]">
      <![CDATA[java.lang.AssertionError: Expected error popup box found none. expected [true] but found [false]
at com.billhub.qa.testcases.BAPageTest.addNewBaWithoutDataTest(BAPageTest.java:116)
at java.base/java.util.ArrayList.forEach(ArrayList.java:1596)
... Removed 28 stack frames]]>
    </failure>
  </testcase> <!-- addNewBaWithoutDataTest -->
  <testcase classname="com.billhub.qa.testcases.BAPageTest" name="searchBAByNameTest" time="0.76"/>
  <testcase classname="com.billhub.qa.testcases.BAPageTest" name="searchBAByCodeTest" time="1.255"/>
  <testcase classname="com.billhub.qa.testcases.UserPageTest" name="addNewUserWithValidDataTest" time="4.75"/>
  <testcase classname="com.billhub.qa.testcases.UserPageTest" name="addNewUserWithInactiveStatusTest" time="1.956"/>
  <testcase classname="com.billhub.qa.testcases.UserPageTest" name="addNewUserWithInvalidDataTest" time="11.52"/>
  <testcase classname="com.billhub.qa.testcases.UserPageTest" name="addNewUserWithDuplicateDataTest" time="11.548"/>
  <testcase classname="com.billhub.qa.testcases.UserPageTest" name="updateUserTest" time="2.314"/>
  <testcase classname="com.billhub.qa.testcases.UserPageTest" name="addNewUserWithActiveStatusTest" time="1.224"/>
  <testcase classname="com.billhub.qa.testcases.UserPageTest" name="validateAddedUserInTheDatabaseTest" time="1.359"/>
  <testcase classname="com.billhub.qa.testcases.UserPageTest" name="addNewUserWithoutDataTest" time="11.274">
    <failure type="java.lang.AssertionError" message="Expected error popup box found none. expected [true] but found [false]">
      <![CDATA[java.lang.AssertionError: Expected error popup box found none. expected [true] but found [false]
at com.billhub.qa.testcases.UserPageTest.addNewUserWithoutDataTest(UserPageTest.java:106)
at java.base/java.util.ArrayList.forEach(ArrayList.java:1596)
... Removed 28 stack frames]]>
    </failure>
  </testcase> <!-- addNewUserWithoutDataTest -->
  <testcase classname="com.billhub.qa.testcases.UserPageTest" name="searchUserByNameTest" time="1.183"/>
  <testcase classname="com.billhub.qa.testcases.UserPageTest" name="searchUserByBAGroupIDTest" time="1.22"/>
</testsuite> <!-- BillHub App Test Cases -->
