<?xml version="1.0" encoding="UTF-8"?>
<!-- Generated by org.testng.reporters.JUnitXMLReporter -->
<testsuite ignored="0" hostname="LAPTOP-T9TC6QDG" failures="8" tests="38" name="BillHub App Test Cases" time="315.166" errors="0" timestamp="2024-02-27T17:25:47 IST">
  <testcase classname="com.billhub.qa.testcases.BAPageTest" name="addNewBaWithValidDataTest" time="1.559"/>
  <testcase classname="com.billhub.qa.testcases.BAPageTest" name="addNewBAWithInactiveStatusTest" time="4.563"/>
  <testcase classname="com.billhub.qa.testcases.BAPageTest" name="addNewBAWithActiveStatusTest" time="1.249"/>
  <testcase classname="com.billhub.qa.testcases.BAPageTest" name="validateAddedBAInTheDatabaseTest" time="0.244"/>
  <testcase classname="com.billhub.qa.testcases.BAPageTest" name="addNewBaWithInvalidDataTest" time="12.726"/>
  <testcase classname="com.billhub.qa.testcases.BAPageTest" name="addNewBAWithDuplicateDataTest" time="11.138"/>
  <testcase classname="com.billhub.qa.testcases.BAPageTest" name="addNewBaWithoutDataTest" time="10.918"/>
  <testcase classname="com.billhub.qa.testcases.BAPageTest" name="updateBATest" time="6.804"/>
  <testcase classname="com.billhub.qa.testcases.BAPageTest" name="searchBAByNameTest" time="11.352">
    <failure type="java.lang.AssertionError" message="BA is present but not found on searching expected [true] but found [false]">
      <![CDATA[java.lang.AssertionError: BA is present but not found on searching expected [true] but found [false]
at com.billhub.qa.testcases.BAPageTest.searchBAByNameTest(BAPageTest.java:137)
at java.base/java.util.ArrayList.forEach(ArrayList.java:1596)
... Removed 28 stack frames]]>
    </failure>
  </testcase> <!-- searchBAByNameTest -->
  <testcase classname="com.billhub.qa.testcases.BAPageTest" name="searchBAByCodeTest" time="0.468"/>
  <testcase classname="com.billhub.qa.testcases.UserPageTest" name="addNewUserWithValidDataTest" time="12.145">
    <failure type="java.lang.AssertionError" message="User was not added. expected [true] but found [false]">
      <![CDATA[java.lang.AssertionError: User was not added. expected [true] but found [false]
at com.billhub.qa.testcases.UserPageTest.addNewUserWithValidDataTest(UserPageTest.java:59)
at java.base/java.util.ArrayList.forEach(ArrayList.java:1596)
... Removed 28 stack frames]]>
    </failure>
  </testcase> <!-- addNewUserWithValidDataTest -->
  <testcase classname="com.billhub.qa.testcases.UserPageTest" name="addNewUserWithInactiveStatusTest" time="11.583">
    <failure type="java.lang.AssertionError" message="User was not added. expected [true] but found [false]">
      <![CDATA[java.lang.AssertionError: User was not added. expected [true] but found [false]
at com.billhub.qa.testcases.UserPageTest.addNewUserWithInactiveStatusTest(UserPageTest.java:69)
at java.base/java.util.ArrayList.forEach(ArrayList.java:1596)
... Removed 28 stack frames]]>
    </failure>
  </testcase> <!-- addNewUserWithInactiveStatusTest -->
  <testcase classname="com.billhub.qa.testcases.UserPageTest" name="addNewUserWithActiveStatusTest" time="0.831"/>
  <testcase classname="com.billhub.qa.testcases.UserPageTest" name="validateAddedUserInTheDatabaseTest" time="0.244"/>
  <testcase classname="com.billhub.qa.testcases.UserPageTest" name="addNewUserWithInvalidDataTest" time="10.828"/>
  <testcase classname="com.billhub.qa.testcases.UserPageTest" name="addNewUserWithDuplicateDataTest" time="10.998"/>
  <testcase classname="com.billhub.qa.testcases.UserPageTest" name="addNewUserWithoutDataTest" time="11.159"/>
  <testcase classname="com.billhub.qa.testcases.UserPageTest" name="searchUserByNameTest" time="0.307"/>
  <testcase classname="com.billhub.qa.testcases.UserPageTest" name="searchUserByBAGroupIDTest" time="0.259"/>
  <testcase classname="com.billhub.qa.testcases.UserPageTest" name="createCommercialForDifferentLocationTest" time="0.244"/>
  <testcase classname="com.billhub.qa.testcases.UserPageTest" name="createMDMAndReadOnlyUsersTest" time="21.842">
    <failure type="java.lang.AssertionError" message="User is present but not found on searching expected [true] but found [false]">
      <![CDATA[java.lang.AssertionError: User is present but not found on searching expected [true] but found [false]
at com.billhub.qa.testcases.UserPageTest.createMDMAndReadOnlyUsersTest(UserPageTest.java:152)
at java.base/java.util.ArrayList.forEach(ArrayList.java:1596)
... Removed 28 stack frames]]>
    </failure>
  </testcase> <!-- createMDMAndReadOnlyUsersTest -->
  <testcase classname="com.billhub.qa.testcases.UserPageTest" name="createAccountForSpecificCompanyTest" time="0.445"/>
  <testcase classname="com.billhub.qa.testcases.UserPageTest" name="updateUserTest" time="1.539"/>
  <testcase classname="com.billhub.qa.testcases.TaxCodePageTest" name="addNewTaxCodeWithValidDataTest" time="10.825">
    <failure type="java.lang.AssertionError" message="Tax Code was not added expected [true] but found [false]">
      <![CDATA[java.lang.AssertionError: Tax Code was not added expected [true] but found [false]
at com.billhub.qa.testcases.TaxCodePageTest.addNewTaxCodeWithValidDataTest(TaxCodePageTest.java:53)
at java.base/java.util.ArrayList.forEach(ArrayList.java:1596)
... Removed 28 stack frames]]>
    </failure>
  </testcase> <!-- addNewTaxCodeWithValidDataTest -->
  <testcase classname="com.billhub.qa.testcases.TaxCodePageTest" name="validateAddedTaxCodeInTheDatabaseTest" time="0.778"/>
  <testcase classname="com.billhub.qa.testcases.TaxCodePageTest" name="addNewTaxCodeWithInvalidDataTest" time="10.557"/>
  <testcase classname="com.billhub.qa.testcases.TaxCodePageTest" name="addNewTaxCodeWithoutDataTest" time="10.415"/>
  <testcase classname="com.billhub.qa.testcases.TaxCodePageTest" name="addNewTaxCodeWithDuplicateDataTest" time="10.623"/>
  <testcase classname="com.billhub.qa.testcases.TaxCodePageTest" name="searchByTaxCodeTest" time="0.25"/>
  <testcase classname="com.billhub.qa.testcases.TaxCodePageTest" name="searchByTaxPercentageTest" time="10.787">
    <failure type="java.lang.AssertionError" message="Tax code is present but not found on searching. expected [true] but found [false]">
      <![CDATA[java.lang.AssertionError: Tax code is present but not found on searching. expected [true] but found [false]
at com.billhub.qa.testcases.TaxCodePageTest.searchByTaxPercentageTest(TaxCodePageTest.java:102)
at java.base/java.util.ArrayList.forEach(ArrayList.java:1596)
... Removed 28 stack frames]]>
    </failure>
  </testcase> <!-- searchByTaxPercentageTest -->
  <testcase classname="com.billhub.qa.testcases.TaxCodePageTest" name="updateTaxCodeTest" time="20.312">
    <failure type="org.openqa.selenium.TimeoutException" message="Expected condition failed: waiting for element to be clickable: By.cssSelector: i[class=&amp;apos;fa fa-edit&amp;apos;] (tried for 5 second(s) with 500 milliseconds interval)
Build info: version: &amp;apos;4.17.0&amp;apos;, revision: &amp;apos;e52b1be057*&amp;apos;
System info: os.name: &amp;apos;Windows 11&amp;apos;, os.arch: &amp;apos;amd64&amp;apos;, os.version: &amp;apos;10.0&amp;apos;, java.version: &amp;apos;21.0.2&amp;apos;
Driver info: org.openqa.selenium.chrome.ChromeDriver
Capabilities {acceptInsecureCerts: false, browserName: chrome, browserVersion: 122.0.6261.69, chrome: {chromedriverVersion: 122.0.6261.69 (81bc525b6a36..., userDataDir: C:\Users\nisha\AppData\Loca...}, fedcm:accounts: true, goog:chromeOptions: {debuggerAddress: localhost:63145}, networkConnectionEnabled: false, pageLoadStrategy: normal, platformName: windows, proxy: Proxy(), se:cdp: ws://localhost:63145/devtoo..., se:cdpVersion: 122.0.6261.69, setWindowRect: true, strictFileInteractability: false, timeouts: {implicit: 0, pageLoad: 300000, script: 30000}, unhandledPromptBehavior: dismiss and notify, webauthn:extension:credBlob: true, webauthn:extension:largeBlob: true, webauthn:extension:minPinLength: true, webauthn:extension:prf: true, webauthn:virtualAuthenticators: true}
Session ID: 4e573196b1c4b0b696f4d21af1294da9">
      <![CDATA[org.openqa.selenium.TimeoutException: Expected condition failed: waiting for element to be clickable: By.cssSelector: i[class='fa fa-edit'] (tried for 5 second(s) with 500 milliseconds interval)
Build info: version: '4.17.0', revision: 'e52b1be057*'
System info: os.name: 'Windows 11', os.arch: 'amd64', os.version: '10.0', java.version: '21.0.2'
Driver info: org.openqa.selenium.chrome.ChromeDriver
Capabilities {acceptInsecureCerts: false, browserName: chrome, browserVersion: 122.0.6261.69, chrome: {chromedriverVersion: 122.0.6261.69 (81bc525b6a36..., userDataDir: C:\Users\nisha\AppData\Loca...}, fedcm:accounts: true, goog:chromeOptions: {debuggerAddress: localhost:63145}, networkConnectionEnabled: false, pageLoadStrategy: normal, platformName: windows, proxy: Proxy(), se:cdp: ws://localhost:63145/devtoo..., se:cdpVersion: 122.0.6261.69, setWindowRect: true, strictFileInteractability: false, timeouts: {implicit: 0, pageLoad: 300000, script: 30000}, unhandledPromptBehavior: dismiss and notify, webauthn:extension:credBlob: true, webauthn:extension:largeBlob: true, webauthn:extension:minPinLength: true, webauthn:extension:prf: true, webauthn:virtualAuthenticators: true}
Session ID: 4e573196b1c4b0b696f4d21af1294da9
at org.openqa.selenium.support.ui.WebDriverWait.timeoutException(WebDriverWait.java:84)
at org.openqa.selenium.support.ui.FluentWait.until(FluentWait.java:228)
at com.billhub.qa.utils.TestUtils.locateAndClickEditBtn(TestUtils.java:87)
at com.billhub.qa.pages.TaxCodePage.updateTaxCode(TaxCodePage.java:127)
at com.billhub.qa.testcases.TaxCodePageTest.updateTaxCodeTest(TaxCodePageTest.java:109)
at java.base/java.util.ArrayList.forEach(ArrayList.java:1596)
... Removed 25 stack frames]]>
    </failure>
  </testcase> <!-- updateTaxCodeTest -->
  <testcase classname="com.billhub.qa.testcases.ReasonPageTest" name="addNewReasonWithValidDataTest" time="1.017"/>
  <testcase classname="com.billhub.qa.testcases.ReasonPageTest" name="addNewReasonWithInvalidDataTest" time="13.733"/>
  <testcase classname="com.billhub.qa.testcases.ReasonPageTest" name="addNewReasonWithoutDataTest" time="10.408"/>
  <testcase classname="com.billhub.qa.testcases.ReasonPageTest" name="addNewReasonWithDuplicateDataTest" time="0.756">
    <failure type="java.lang.AssertionError" message="Duplicate data was added. expected [false] but found [true]">
      <![CDATA[java.lang.AssertionError: Duplicate data was added. expected [false] but found [true]
at com.billhub.qa.testcases.ReasonPageTest.addNewReasonWithDuplicateDataTest(ReasonPageTest.java:75)
at java.base/java.util.ArrayList.forEach(ArrayList.java:1596)
... Removed 28 stack frames]]>
    </failure>
  </testcase> <!-- addNewReasonWithDuplicateDataTest -->
  <testcase classname="com.billhub.qa.testcases.ReasonPageTest" name="updateReasonTest" time="4.721"/>
  <testcase classname="com.billhub.qa.testcases.ReasonPageTest" name="searchByReasonNameTest" time="1.262"/>
  <testcase classname="com.billhub.qa.testcases.ReasonPageTest" name="searchByReasonCodeTest" time="0.262"/>
</testsuite> <!-- BillHub App Test Cases -->
