<?xml version="1.0" encoding="UTF-8"?>
<!-- Generated by org.testng.reporters.JUnitXMLReporter -->
<testsuite ignored="0" hostname="LAPTOP-T9TC6QDG" failures="1" tests="7" name="BillHub App Test Cases" time="58.569" errors="0" timestamp="2024-02-29T10:35:36 IST">
  <testcase classname="com.billhub.qa.testcases.ReasonPageTest" name="addNewReasonWithValidDataTest" time="0.817"/>
  <testcase classname="com.billhub.qa.testcases.ReasonPageTest" name="addNewReasonWithInvalidDataTest" time="13.785"/>
  <testcase classname="com.billhub.qa.testcases.ReasonPageTest" name="addNewReasonWithoutDataTest" time="10.422"/>
  <testcase classname="com.billhub.qa.testcases.ReasonPageTest" name="addNewReasonWithDuplicateDataTest" time="0.77">
    <failure type="java.lang.AssertionError" message="Duplicate data was added. expected [false] but found [true]">
      <![CDATA[java.lang.AssertionError: Duplicate data was added. expected [false] but found [true]
at com.billhub.qa.testcases.ReasonPageTest.addNewReasonWithDuplicateDataTest(ReasonPageTest.java:75)
at java.base/java.util.ArrayList.forEach(ArrayList.java:1596)
... Removed 28 stack frames]]>
    </failure>
  </testcase> <!-- addNewReasonWithDuplicateDataTest -->
  <testcase classname="com.billhub.qa.testcases.ReasonPageTest" name="updateReasonTest" time="4.852"/>
  <testcase classname="com.billhub.qa.testcases.ReasonPageTest" name="searchByReasonNameTest" time="1.262"/>
  <testcase classname="com.billhub.qa.testcases.ReasonPageTest" name="searchByReasonCodeTest" time="0.259"/>
</testsuite> <!-- BillHub App Test Cases -->
