<?xml version="1.0" encoding="UTF-8"?>
<!-- Generated by org.testng.reporters.JUnitXMLReporter -->
<testsuite ignored="0" hostname="LAPTOP-T9TC6QDG" failures="0" tests="3" name="BillHub App Test Cases" time="111.517" errors="0" timestamp="2024-03-14T19:13:53 IST">
  <testcase classname="com.billhub.qa.testcases.CreatePOBasedInvoiceWithExcelsheetTest" name="gstCodeVerificationTest" time="0.439"/>
  <testcase classname="com.billhub.qa.testcases.CreatePOBasedInvoiceWithExcelsheetTest" name="tdCodeVerificationTest" time="0.412"/>
  <testcase classname="com.billhub.qa.testcases.CreatePOBasedInvoiceWithExcelsheetTest" name="additionalAmountVerificationTest" time="0.417"/>
</testsuite> <!-- BillHub App Test Cases -->
