<?xml version="1.0" encoding="UTF-8"?>
<!-- Generated by org.testng.reporters.JUnitXMLReporter -->
<testsuite ignored="0" hostname="LAPTOP-T9TC6QDG" failures="1" tests="6" name="BillHub App Test Cases" time="89.507" errors="0" timestamp="2024-03-29T20:53:36 IST">
  <testcase classname="com.billhub.qa.testcases.VerificationWithExcelsheetForPoTest" name="InvoiceVerificationWithValidDataTest" time="7.603"/>
  <testcase classname="com.billhub.qa.testcases.VerificationWithExcelsheetForPoTest" name="validateVerifiedStatusTest" time="2.535"/>
  <testcase classname="com.billhub.qa.testcases.VerificationWithExcelsheetForPoTest" name="validateInvoiceVerificationWithInvalidTaxCodeTest" time="2.611"/>
  <testcase classname="com.billhub.qa.testcases.VerificationWithExcelsheetForPoTest" name="validateLogButtonFunctionalityTest" time="0.74"/>
  <testcase classname="com.billhub.qa.testcases.VerificationWithExcelsheetForPoTest" name="InvoiceVerificationWithDifferentDataInTwoSheetsTest" time="44.87">
    <failure type="java.lang.AssertionError" message="Invoice was verified with different data in two sheets. expected [true] but found [false]">
      <![CDATA[java.lang.AssertionError: Invoice was verified with different data in two sheets. expected [true] but found [false]
at com.billhub.qa.testcases.VerificationWithExcelsheetForPoTest.InvoiceVerificationWithDifferentDataInTwoSheetsTest(VerificationWithExcelsheetForPoTest.java:72)
at java.base/java.util.ArrayList.forEach(ArrayList.java:1596)
... Removed 28 stack frames]]>
    </failure>
  </testcase> <!-- InvoiceVerificationWithDifferentDataInTwoSheetsTest -->
  <testcase classname="com.billhub.qa.testcases.VerificationWithExcelsheetForPoTest" name="InvoiceVerificationWithInvalidDataTest" time="4.041"/>
</testsuite> <!-- BillHub App Test Cases -->
