<?xml version="1.0" encoding="UTF-8"?>
<!-- Generated by org.testng.reporters.JUnitXMLReporter -->
<testsuite ignored="42" hostname="LAPTOP-T9TC6QDG" failures="0" tests="11" name="BillHub App Test Cases" time="201.846" errors="0" timestamp="2024-03-28T19:43:36 IST">
  <testcase classname="com.billhub.qa.testcases.CreatePOBasedInvoicePageTest" name="submitMemoWithValidDataTest" time="13.7"/>
  <testcase classname="com.billhub.qa.testcases.POBasedInvoiceAcknowledgementPageTest" name="validateAcknowledgeTheMemoTest" time="4.22"/>
  <testcase classname="com.billhub.qa.testcases.POBasedInvoiceAcknowledgementPageTest" name="validateAcknowledgedStatusTest" time="2.586"/>
  <testcase classname="com.billhub.qa.testcases.POBasedInvoiceAcknowledgementPageTest" name="verifyInvoiceWithValidDataTest" time="4.983"/>
  <testcase classname="com.billhub.qa.testcases.POBasedInvoiceAcknowledgementPageTest" name="validateVerifiedStatusTest" time="2.4"/>
  <testcase classname="com.billhub.qa.testcases.POBasedInvoiceAcknowledgementPageTest" name="bookingInvoiceWithValidDataTest" time="2.845"/>
  <testcase classname="com.billhub.qa.testcases.POBasedInvoiceAcknowledgementPageTest" name="searchByTransactionBatchIdTest" time="4.881"/>
  <testcase classname="com.billhub.qa.testcases.InvoiceValidationByAccounts_1022_Test" name="validateCorrectInvoicesTest" time="3.07"/>
  <testcase classname="com.billhub.qa.testcases.InvoiceValidationByTaxation_1022_Test" name="validateCorrectInvoicesTest" time="2.58"/>
  <testcase classname="com.billhub.qa.testcases.CreatePaymentRequestForPOPageTest" name="validateExcelsheetDataTest" time="6.659"/>
  <testcase classname="com.billhub.qa.testcases.CreatePaymentRequestForPOPageTest" name="ValidateDownloadPaymentRequestTest" time="6.334"/>
  <testcase classname="com.billhub.qa.testcases.POBasedInvoiceAcknowledgementPageTest" name="validateInvoiceFilePreviewTest" time="0.0">
    <ignored/>
  </testcase> <!-- validateInvoiceFilePreviewTest -->
  <testcase classname="com.billhub.qa.testcases.InvoiceValidationByTaxation_1022_Test" name="validateExportButtonTest" time="0.0">
    <ignored/>
  </testcase> <!-- validateExportButtonTest -->
  <testcase classname="com.billhub.qa.testcases.InvoiceValidationByTaxation_1022_Test" name="searchInvoicesWithInvalidData" time="0.0">
    <ignored/>
  </testcase> <!-- searchInvoicesWithInvalidData -->
  <testcase classname="com.billhub.qa.testcases.InvoiceValidationByTaxation_1022_Test" name="searchInvoicesWithMultipleFieldsTest" time="0.0">
    <ignored/>
  </testcase> <!-- searchInvoicesWithMultipleFieldsTest -->
  <testcase classname="com.billhub.qa.testcases.CreatePOBasedInvoicePageTest" name="createInvoiceWithoutDataTest" time="0.0">
    <ignored/>
  </testcase> <!-- createInvoiceWithoutDataTest -->
  <testcase classname="com.billhub.qa.testcases.CreatePOBasedInvoicePageTest" name="createMultipleInvoiceInSingleMemoTest" time="0.0">
    <ignored/>
  </testcase> <!-- createMultipleInvoiceInSingleMemoTest -->
  <testcase classname="com.billhub.qa.testcases.POBasedInvoiceAcknowledgementPageTest" name="ValidateRejectTheMemoTest" time="0.0">
    <ignored/>
  </testcase> <!-- ValidateRejectTheMemoTest -->
  <testcase classname="com.billhub.qa.testcases.POBasedInvoiceAcknowledgementPageTest" name="verifyInvoiceWithInvalidTaxCodeTest" time="0.0">
    <ignored/>
  </testcase> <!-- verifyInvoiceWithInvalidTaxCodeTest -->
  <testcase classname="com.billhub.qa.testcases.InvoiceValidationByAccounts_1022_Test" name="validateRaiseQueryTest" time="0.0">
    <ignored/>
  </testcase> <!-- validateRaiseQueryTest -->
  <testcase classname="com.billhub.qa.testcases.CreatePOBasedInvoicePageTest" name="gstCodeVerificationTest" time="0.0">
    <ignored/>
  </testcase> <!-- gstCodeVerificationTest -->
  <testcase classname="com.billhub.qa.testcases.POBasedInvoiceAcknowledgementPageTest" name="ValidateReassignTheMemoTest" time="0.0">
    <ignored/>
  </testcase> <!-- ValidateReassignTheMemoTest -->
  <testcase classname="com.billhub.qa.testcases.InvoiceValidationByAccounts_1022_Test" name="validateAllInvoicesTest" time="0.0">
    <ignored/>
  </testcase> <!-- validateAllInvoicesTest -->
  <testcase classname="com.billhub.qa.testcases.InvoiceValidationByAccounts_1022_Test" name="validatePendingInvoicesTest" time="0.0">
    <ignored/>
  </testcase> <!-- validatePendingInvoicesTest -->
  <testcase classname="com.billhub.qa.testcases.POBasedInvoiceAcknowledgementPageTest" name="searchByInvalidTransactionBatchIdTest" time="0.0">
    <ignored/>
  </testcase> <!-- searchByInvalidTransactionBatchIdTest -->
  <testcase classname="com.billhub.qa.testcases.CreatePOBasedInvoicePageTest" name="submitMemoWithDuplicateDataTest" time="0.0">
    <ignored/>
  </testcase> <!-- submitMemoWithDuplicateDataTest -->
  <testcase classname="com.billhub.qa.testcases.InvoiceValidationByTaxation_1022_Test" name="validateRaiseQueryTest" time="0.0">
    <ignored/>
  </testcase> <!-- validateRaiseQueryTest -->
  <testcase classname="com.billhub.qa.testcases.InvoiceValidationByTaxation_1022_Test" name="validatePendingInvoicesTest" time="0.0">
    <ignored/>
  </testcase> <!-- validatePendingInvoicesTest -->
  <testcase classname="com.billhub.qa.testcases.POBasedInvoiceAcknowledgementPageTest" name="ValidateRejectTheAcknowledgedInvoiceTest" time="0.0">
    <ignored/>
  </testcase> <!-- ValidateRejectTheAcknowledgedInvoiceTest -->
  <testcase classname="com.billhub.qa.testcases.POBasedInvoiceAcknowledgementPageTest" name="downloadingInvoiceBeforeBookingTest" time="0.0">
    <ignored/>
  </testcase> <!-- downloadingInvoiceBeforeBookingTest -->
  <testcase classname="com.billhub.qa.testcases.POBasedInvoiceAcknowledgementPageTest" name="validatingTwoDocumentNumbersTest" time="0.0">
    <ignored/>
  </testcase> <!-- validatingTwoDocumentNumbersTest -->
  <testcase classname="com.billhub.qa.testcases.CreatePaymentRequestForPOPageTest" name="ValidateRejectPaymentRequestTest" time="0.0">
    <ignored/>
  </testcase> <!-- ValidateRejectPaymentRequestTest -->
  <testcase classname="com.billhub.qa.testcases.CreatePaymentRequestForPOPageTest" name="searchInvoicesByInvalidBaNameTest" time="0.0">
    <ignored/>
  </testcase> <!-- searchInvoicesByInvalidBaNameTest -->
  <testcase classname="com.billhub.qa.testcases.InvoiceValidationByAccounts_1022_Test" name="searchInvoicesWithMultipleFieldsTest" time="0.0">
    <ignored/>
  </testcase> <!-- searchInvoicesWithMultipleFieldsTest -->
  <testcase classname="com.billhub.qa.testcases.InvoiceValidationByAccounts_1022_Test" name="validateDownloadButtonTest" time="0.0">
    <ignored/>
  </testcase> <!-- validateDownloadButtonTest -->
  <testcase classname="com.billhub.qa.testcases.InvoiceValidationByTaxation_1022_Test" name="validateAllInvoicesTest" time="0.0">
    <ignored/>
  </testcase> <!-- validateAllInvoicesTest -->
  <testcase classname="com.billhub.qa.testcases.POBasedInvoiceAcknowledgementPageTest" name="searchingInvoiceWithMultipleFieldsTest" time="0.0">
    <ignored/>
  </testcase> <!-- searchingInvoiceWithMultipleFieldsTest -->
  <testcase classname="com.billhub.qa.testcases.InvoiceValidationByAccounts_1022_Test" name="validateBlanketApproveTest" time="0.0">
    <ignored/>
  </testcase> <!-- validateBlanketApproveTest -->
  <testcase classname="com.billhub.qa.testcases.CreatePaymentRequestForPOPageTest" name="searchWithInvalidRequestNumberTest" time="0.0">
    <ignored/>
  </testcase> <!-- searchWithInvalidRequestNumberTest -->
  <testcase classname="com.billhub.qa.testcases.POBasedInvoiceAcknowledgementPageTest" name="acknowledgingInvalidGRNTest" time="0.0">
    <ignored/>
  </testcase> <!-- acknowledgingInvalidGRNTest -->
  <testcase classname="com.billhub.qa.testcases.CreatePOBasedInvoicePageTest" name="tdCodeVerificationTest" time="0.0">
    <ignored/>
  </testcase> <!-- tdCodeVerificationTest -->
  <testcase classname="com.billhub.qa.testcases.POBasedInvoiceAcknowledgementPageTest" name="downloadingBookedInvoiceTest" time="0.0">
    <ignored/>
  </testcase> <!-- downloadingBookedInvoiceTest -->
  <testcase classname="com.billhub.qa.testcases.POBasedInvoiceAcknowledgementPageTest" name="searchingInvoiceWithInvalidDataTest" time="0.0">
    <ignored/>
  </testcase> <!-- searchingInvoiceWithInvalidDataTest -->
  <testcase classname="com.billhub.qa.testcases.POBasedInvoiceAcknowledgementPageTest" name="validateSubmittedPoBasedInvoiceInDashboardTest" time="0.0">
    <ignored/>
  </testcase> <!-- validateSubmittedPoBasedInvoiceInDashboardTest -->
  <testcase classname="com.billhub.qa.testcases.InvoiceValidationByAccounts_1022_Test" name="searchInvoicesWithInvalidData" time="0.0">
    <ignored/>
  </testcase> <!-- searchInvoicesWithInvalidData -->
  <testcase classname="com.billhub.qa.testcases.InvoiceValidationByTaxation_1022_Test" name="validateDownloadButtonTest" time="0.0">
    <ignored/>
  </testcase> <!-- validateDownloadButtonTest -->
  <testcase classname="com.billhub.qa.testcases.CreatePOBasedInvoicePageTest" name="additionalAmountVerificationTest" time="0.0">
    <ignored/>
  </testcase> <!-- additionalAmountVerificationTest -->
  <testcase classname="com.billhub.qa.testcases.CreatePOBasedInvoicePageTest" name="splitPoQuantityAndCreateMultipleInvoicesTest" time="0.0">
    <ignored/>
  </testcase> <!-- splitPoQuantityAndCreateMultipleInvoicesTest -->
  <testcase classname="com.billhub.qa.testcases.InvoiceValidationByTaxation_1022_Test" name="validateBlanketApproveTest" time="0.0">
    <ignored/>
  </testcase> <!-- validateBlanketApproveTest -->
  <testcase classname="com.billhub.qa.testcases.CreatePaymentRequestForPOPageTest" name="searchInvoicesByValidBaNameTest" time="0.0">
    <ignored/>
  </testcase> <!-- searchInvoicesByValidBaNameTest -->
  <testcase classname="com.billhub.qa.testcases.InvoiceValidationByAccounts_1022_Test" name="validateExportButtonTest" time="0.0">
    <ignored/>
  </testcase> <!-- validateExportButtonTest -->
  <testcase classname="com.billhub.qa.testcases.POBasedInvoiceAcknowledgementPageTest" name="validateRejectedStatusTest" time="0.0">
    <ignored/>
  </testcase> <!-- validateRejectedStatusTest -->
  <testcase classname="com.billhub.qa.testcases.CreatePaymentRequestForPOPageTest" name="searchWithValidRequestNumberTest" time="0.0">
    <ignored/>
  </testcase> <!-- searchWithValidRequestNumberTest -->
</testsuite> <!-- BillHub App Test Cases -->
