<?xml version="1.0" encoding="UTF-8"?>
<!-- Generated by org.testng.reporters.JUnitXMLReporter -->
<testsuite ignored="0" hostname="LAPTOP-T9TC6QDG" failures="3" tests="10" name="BillHub App Test Cases" time="202.437" errors="0" timestamp="2024-02-13T19:57:51 IST">
  <testcase classname="com.billhub.qa.testcases.BAPageTest" name="addNewBAWithActiveStatusTest" time="0.179"/>
  <testcase classname="com.billhub.qa.testcases.BAPageTest" name="addNewBAWithDuplicateDataTest" time="1.995">
    <failure type="java.lang.AssertionError" message="BA was added without data. expected [false] but found [true]">
      <![CDATA[java.lang.AssertionError: BA was added without data. expected [false] but found [true]
at com.billhub.qa.testcases.BAPageTest.addNewBAWithDuplicateDataTest(BAPageTest.java:78)
at java.base/java.util.ArrayList.forEach(ArrayList.java:1596)
... Removed 28 stack frames]]>
    </failure>
  </testcase> <!-- addNewBAWithDuplicateDataTest -->
  <testcase classname="com.billhub.qa.testcases.BAPageTest" name="addNewBAWithInactiveStatusTest" time="2.13"/>
  <testcase classname="com.billhub.qa.testcases.BAPageTest" name="addNewBaWithInvalidDataTest" time="11.673"/>
  <testcase classname="com.billhub.qa.testcases.BAPageTest" name="addNewBaWithValidDataTest" time="11.738">
    <failure type="java.lang.AssertionError" message="BA was not added. expected [true] but found [false]">
      <![CDATA[java.lang.AssertionError: BA was not added. expected [true] but found [false]
at com.billhub.qa.testcases.BAPageTest.addNewBaWithValidDataTest(BAPageTest.java:45)
at java.base/java.util.ArrayList.forEach(ArrayList.java:1596)
... Removed 28 stack frames]]>
    </failure>
  </testcase> <!-- addNewBaWithValidDataTest -->
  <testcase classname="com.billhub.qa.testcases.BAPageTest" name="addNewBaWithoutDataTest" time="11.468">
    <failure type="java.lang.AssertionError" message="Expected error popup box found none. expected [true] but found [false]">
      <![CDATA[java.lang.AssertionError: Expected error popup box found none. expected [true] but found [false]
at com.billhub.qa.testcases.BAPageTest.addNewBaWithoutDataTest(BAPageTest.java:65)
at java.base/java.util.ArrayList.forEach(ArrayList.java:1596)
... Removed 28 stack frames]]>
    </failure>
  </testcase> <!-- addNewBaWithoutDataTest -->
  <testcase classname="com.billhub.qa.testcases.BAPageTest" name="searchBAByCodeTest" time="0.584"/>
  <testcase classname="com.billhub.qa.testcases.BAPageTest" name="searchBAByNameTest" time="1.441"/>
  <testcase classname="com.billhub.qa.testcases.BAPageTest" name="updateBA" time="1.942"/>
  <testcase classname="com.billhub.qa.testcases.BAPageTest" name="validateAddedBAInTheDatabaseTest" time="0.769"/>
</testsuite> <!-- BillHub App Test Cases -->
