<?xml version="1.0" encoding="UTF-8"?>
<!-- Generated by org.testng.reporters.JUnitXMLReporter -->
<testsuite ignored="0" hostname="LAPTOP-T9TC6QDG" failures="0" tests="8" name="BillHub App Test Cases" time="629.074" errors="0" timestamp="2024-03-08T12:29:22 IST">
  <testcase classname="com.billhub.qa.testcases.CreatePOBasedInvoiceWithExcelsheetTest" name="gstCodeVerificationTest" time="0.589"/>
  <testcase classname="com.billhub.qa.testcases.CreatePOBasedInvoiceWithExcelsheetTest" name="tdCodeVerificationTest" time="0.663"/>
  <testcase classname="com.billhub.qa.testcases.CreatePOBasedInvoiceWithExcelsheetTest" name="additionalAmountVerificationTest" time="0.609"/>
  <testcase classname="com.billhub.qa.testcases.CreatePOBasedInvoiceWithExcelsheetTest" name="submitMemoWithValidDataTest" time="78.096"/>
  <testcase classname="com.billhub.qa.testcases.CreatePOBasedInvoiceWithExcelsheetTest" name="submitMemoWithDuplicateDataTest" time="96.905"/>
  <testcase classname="com.billhub.qa.testcases.CreatePOBasedInvoiceWithExcelsheetTest" name="submitMemoWithoutDataTest" time="96.998"/>
  <testcase classname="com.billhub.qa.testcases.CreatePOBasedInvoiceWithExcelsheetTest" name="createMultipleInvoiceInSingleMemoTest" time="237.375"/>
  <testcase classname="com.billhub.qa.testcases.CreatePOBasedInvoiceWithExcelsheetTest" name="splitPoQuantityAndCreateMultipleInvoicesTest" time="0.001"/>
</testsuite> <!-- BillHub App Test Cases -->
