<?xml version="1.0" encoding="UTF-8"?>
<!-- Generated by org.testng.reporters.JUnitXMLReporter -->
<testsuite ignored="0" hostname="LAPTOP-T9TC6QDG" failures="3" tests="7" name="BillHub App Test Cases" time="38.266" errors="0" timestamp="2024-02-22T21:22:30 IST">
  <testcase classname="com.billhub.qa.testcases.ReasonPageTest" name="addNewReasonWithValidDataTest" time="1.468"/>
  <testcase classname="com.billhub.qa.testcases.ReasonPageTest" name="addNewReasonWithInvalidDataTest" time="1.115">
    <failure type="java.lang.AssertionError" message="Reason was not added expected [false] but found [true]">
      <![CDATA[java.lang.AssertionError: Reason was not added expected [false] but found [true]
at com.billhub.qa.testcases.ReasonPageTest.addNewReasonWithInvalidDataTest(ReasonPageTest.java:55)
at java.base/java.util.ArrayList.forEach(ArrayList.java:1596)
... Removed 28 stack frames]]>
    </failure>
  </testcase> <!-- addNewReasonWithInvalidDataTest -->
  <testcase classname="com.billhub.qa.testcases.ReasonPageTest" name="addNewReasonWithoutDataTest" time="1.114"/>
  <testcase classname="com.billhub.qa.testcases.ReasonPageTest" name="addNewReasonWithDuplicateDataTest" time="1.511">
    <failure type="java.lang.AssertionError" message="Duplicate data was added. expected [false] but found [true]">
      <![CDATA[java.lang.AssertionError: Duplicate data was added. expected [false] but found [true]
at com.billhub.qa.testcases.ReasonPageTest.addNewReasonWithDuplicateDataTest(ReasonPageTest.java:71)
at java.base/java.util.ArrayList.forEach(ArrayList.java:1596)
... Removed 28 stack frames]]>
    </failure>
  </testcase> <!-- addNewReasonWithDuplicateDataTest -->
  <testcase classname="com.billhub.qa.testcases.ReasonPageTest" name="updateReasonTest" time="0.732">
    <failure type="org.openqa.selenium.InvalidSelectorException" message="invalid selector: No selector specified
  (Session info: chrome=122.0.6261.57)
For documentation on this error, please visit: https://www.selenium.dev/documentation/webdriver/troubleshooting/errors#invalid-selector-exception
Build info: version: &amp;apos;4.17.0&amp;apos;, revision: &amp;apos;e52b1be057*&amp;apos;
System info: os.name: &amp;apos;Windows 11&amp;apos;, os.arch: &amp;apos;amd64&amp;apos;, os.version: &amp;apos;10.0&amp;apos;, java.version: &amp;apos;21.0.2&amp;apos;
Driver info: org.openqa.selenium.chrome.ChromeDriver
Command: [660623b65c8f8a2493332fe0c948eaa2, findElement {using=css selector, value=}]
Capabilities {acceptInsecureCerts: false, browserName: chrome, browserVersion: 122.0.6261.57, chrome: {chromedriverVersion: 122.0.6261.57 (87957e464700..., userDataDir: C:\Users\nisha\AppData\Loca...}, fedcm:accounts: true, goog:chromeOptions: {debuggerAddress: localhost:51878}, networkConnectionEnabled: false, pageLoadStrategy: normal, platformName: windows, proxy: Proxy(), se:cdp: ws://localhost:51878/devtoo..., se:cdpVersion: 122.0.6261.57, setWindowRect: true, strictFileInteractability: false, timeouts: {implicit: 0, pageLoad: 300000, script: 30000}, unhandledPromptBehavior: dismiss and notify, webauthn:extension:credBlob: true, webauthn:extension:largeBlob: true, webauthn:extension:minPinLength: true, webauthn:extension:prf: true, webauthn:virtualAuthenticators: true}
Session ID: 660623b65c8f8a2493332fe0c948eaa2">
      <![CDATA[org.openqa.selenium.InvalidSelectorException: invalid selector: No selector specified
  (Session info: chrome=122.0.6261.57)
For documentation on this error, please visit: https://www.selenium.dev/documentation/webdriver/troubleshooting/errors#invalid-selector-exception
Build info: version: '4.17.0', revision: 'e52b1be057*'
System info: os.name: 'Windows 11', os.arch: 'amd64', os.version: '10.0', java.version: '21.0.2'
Driver info: org.openqa.selenium.chrome.ChromeDriver
Command: [660623b65c8f8a2493332fe0c948eaa2, findElement {using=css selector, value=}]
Capabilities {acceptInsecureCerts: false, browserName: chrome, browserVersion: 122.0.6261.57, chrome: {chromedriverVersion: 122.0.6261.57 (87957e464700..., userDataDir: C:\Users\nisha\AppData\Loca...}, fedcm:accounts: true, goog:chromeOptions: {debuggerAddress: localhost:51878}, networkConnectionEnabled: false, pageLoadStrategy: normal, platformName: windows, proxy: Proxy(), se:cdp: ws://localhost:51878/devtoo..., se:cdpVersion: 122.0.6261.57, setWindowRect: true, strictFileInteractability: false, timeouts: {implicit: 0, pageLoad: 300000, script: 30000}, unhandledPromptBehavior: dismiss and notify, webauthn:extension:credBlob: true, webauthn:extension:largeBlob: true, webauthn:extension:minPinLength: true, webauthn:extension:prf: true, webauthn:virtualAuthenticators: true}
Session ID: 660623b65c8f8a2493332fe0c948eaa2
at org.openqa.selenium.remote.codec.w3c.W3CHttpResponseCodec.createException(W3CHttpResponseCodec.java:185)
at org.openqa.selenium.remote.codec.w3c.W3CHttpResponseCodec.decode(W3CHttpResponseCodec.java:134)
at org.openqa.selenium.remote.codec.w3c.W3CHttpResponseCodec.decode(W3CHttpResponseCodec.java:51)
at org.openqa.selenium.remote.HttpCommandExecutor.execute(HttpCommandExecutor.java:190)
at org.openqa.selenium.remote.service.DriverCommandExecutor.invokeExecute(DriverCommandExecutor.java:216)
at org.openqa.selenium.remote.service.DriverCommandExecutor.execute(DriverCommandExecutor.java:174)
at org.openqa.selenium.remote.RemoteWebDriver.execute(RemoteWebDriver.java:519)
at org.openqa.selenium.remote.ElementLocation$ElementFinder$2.findElement(ElementLocation.java:165)
at org.openqa.selenium.remote.ElementLocation.findElement(ElementLocation.java:59)
at org.openqa.selenium.remote.RemoteWebDriver.findElement(RemoteWebDriver.java:356)
at org.openqa.selenium.remote.RemoteWebDriver.findElement(RemoteWebDriver.java:350)
at org.openqa.selenium.support.ui.ExpectedConditions$7.apply(ExpectedConditions.java:194)
at org.openqa.selenium.support.ui.ExpectedConditions$7.apply(ExpectedConditions.java:190)
at org.openqa.selenium.support.ui.ExpectedConditions$22.apply(ExpectedConditions.java:627)
at org.openqa.selenium.support.ui.ExpectedConditions$22.apply(ExpectedConditions.java:624)
at org.openqa.selenium.support.ui.FluentWait.until(FluentWait.java:203)
at com.billhub.qa.utils.TestUtils.locateAndClickEditBtn(TestUtils.java:56)
at com.billhub.qa.pages.ReasonPage.updateReason(ReasonPage.java:101)
at com.billhub.qa.testcases.ReasonPageTest.updateReasonTest(ReasonPageTest.java:79)
at java.base/java.util.ArrayList.forEach(ArrayList.java:1596)
... Removed 28 stack frames]]>
    </failure>
  </testcase> <!-- updateReasonTest -->
  <testcase classname="com.billhub.qa.testcases.ReasonPageTest" name="searchByReasonNameTest" time="0.268"/>
  <testcase classname="com.billhub.qa.testcases.ReasonPageTest" name="searchByReasonCodeTest" time="0.207"/>
</testsuite> <!-- BillHub App Test Cases -->
