<?xml version="1.0" encoding="UTF-8"?>
<!-- Generated by org.testng.reporters.JUnitXMLReporter -->
<testsuite ignored="42" hostname="LAPTOP-T9TC6QDG" failures="1" tests="11" name="BillHub App Test Cases" time="62.698" errors="0" timestamp="2024-03-28T15:41:13 IST">
  <testcase classname="com.billhub.qa.testcases.POBasedInvoiceAcknowledgementPageTest" name="@BeforeClass setup" time="3.595">
    <failure type="org.openqa.selenium.NoSuchWindowException" message="no such window: target window already closed
from unknown error: web view not found
  (Session info: chrome=123.0.6312.60)
Build info: version: &amp;apos;4.17.0&amp;apos;, revision: &amp;apos;e52b1be057*&amp;apos;
System info: os.name: &amp;apos;Windows 11&amp;apos;, os.arch: &amp;apos;amd64&amp;apos;, os.version: &amp;apos;10.0&amp;apos;, java.version: &amp;apos;21.0.2&amp;apos;
Driver info: org.openqa.selenium.chrome.ChromeDriver
Command: [c8656ad0347a0f56572adb405ad91b89, findElement {value=//input[@id=&amp;apos;emailInput&amp;apos;], using=xpath}]
Capabilities {acceptInsecureCerts: false, browserName: chrome, browserVersion: 123.0.6312.60, chrome: {chromedriverVersion: 123.0.6312.86 (9b72c47a0536..., userDataDir: C:\Users\nisha\AppData\Loca...}, fedcm:accounts: true, goog:chromeOptions: {debuggerAddress: localhost:50748}, networkConnectionEnabled: false, pageLoadStrategy: normal, platformName: windows, proxy: Proxy(), se:cdp: ws://localhost:50748/devtoo..., se:cdpVersion: 123.0.6312.60, setWindowRect: true, strictFileInteractability: false, timeouts: {implicit: 0, pageLoad: 300000, script: 30000}, unhandledPromptBehavior: dismiss and notify, webauthn:extension:credBlob: true, webauthn:extension:largeBlob: true, webauthn:extension:minPinLength: true, webauthn:extension:prf: true, webauthn:virtualAuthenticators: true}
Session ID: c8656ad0347a0f56572adb405ad91b89">
      <![CDATA[org.openqa.selenium.NoSuchWindowException: no such window: target window already closed
from unknown error: web view not found
  (Session info: chrome=123.0.6312.60)
Build info: version: '4.17.0', revision: 'e52b1be057*'
System info: os.name: 'Windows 11', os.arch: 'amd64', os.version: '10.0', java.version: '21.0.2'
Driver info: org.openqa.selenium.chrome.ChromeDriver
Command: [c8656ad0347a0f56572adb405ad91b89, findElement {value=//input[@id='emailInput'], using=xpath}]
Capabilities {acceptInsecureCerts: false, browserName: chrome, browserVersion: 123.0.6312.60, chrome: {chromedriverVersion: 123.0.6312.86 (9b72c47a0536..., userDataDir: C:\Users\nisha\AppData\Loca...}, fedcm:accounts: true, goog:chromeOptions: {debuggerAddress: localhost:50748}, networkConnectionEnabled: false, pageLoadStrategy: normal, platformName: windows, proxy: Proxy(), se:cdp: ws://localhost:50748/devtoo..., se:cdpVersion: 123.0.6312.60, setWindowRect: true, strictFileInteractability: false, timeouts: {implicit: 0, pageLoad: 300000, script: 30000}, unhandledPromptBehavior: dismiss and notify, webauthn:extension:credBlob: true, webauthn:extension:largeBlob: true, webauthn:extension:minPinLength: true, webauthn:extension:prf: true, webauthn:virtualAuthenticators: true}
Session ID: c8656ad0347a0f56572adb405ad91b89
at org.openqa.selenium.remote.codec.w3c.W3CHttpResponseCodec.createException(W3CHttpResponseCodec.java:185)
at org.openqa.selenium.remote.codec.w3c.W3CHttpResponseCodec.decode(W3CHttpResponseCodec.java:134)
at org.openqa.selenium.remote.codec.w3c.W3CHttpResponseCodec.decode(W3CHttpResponseCodec.java:51)
at org.openqa.selenium.remote.HttpCommandExecutor.execute(HttpCommandExecutor.java:190)
at org.openqa.selenium.remote.service.DriverCommandExecutor.invokeExecute(DriverCommandExecutor.java:216)
at org.openqa.selenium.remote.service.DriverCommandExecutor.execute(DriverCommandExecutor.java:174)
at org.openqa.selenium.remote.RemoteWebDriver.execute(RemoteWebDriver.java:519)
at org.openqa.selenium.remote.ElementLocation$ElementFinder$2.findElement(ElementLocation.java:165)
at org.openqa.selenium.remote.ElementLocation.findElement(ElementLocation.java:59)
at org.openqa.selenium.remote.RemoteWebDriver.findElement(RemoteWebDriver.java:356)
at org.openqa.selenium.remote.RemoteWebDriver.findElement(RemoteWebDriver.java:350)
at org.openqa.selenium.support.pagefactory.DefaultElementLocator.findElement(DefaultElementLocator.java:68)
at org.openqa.selenium.support.pagefactory.internal.LocatingElementHandler.invoke(LocatingElementHandler.java:38)
at jdk.proxy2/jdk.proxy2.$Proxy28.sendKeys(Unknown Source)
at com.billhub.qa.pages.LoginPage.loginAsCommercial(LoginPage.java:47)
at com.billhub.qa.testcases.POBasedInvoiceAcknowledgementPageTest.setup(POBasedInvoiceAcknowledgementPageTest.java:27)
at java.base/java.util.ArrayList.forEach(ArrayList.java:1596)
... Removed 26 stack frames]]>
    </failure>
  </testcase> <!-- @BeforeClass setup -->
  <testcase classname="com.billhub.qa.testcases.POBasedInvoiceAcknowledgementPageTest" name="@AfterClass tearDown" time="0.0">
    <skipped/>
  </testcase> <!-- @AfterClass tearDown -->
  <testcase classname="com.billhub.qa.testcases.InvoiceValidationByAccounts_1022_Test" name="@BeforeClass setup" time="1.727">
    <failure type="org.openqa.selenium.NoSuchWindowException" message="no such window: target window already closed
from unknown error: web view not found
  (Session info: chrome=123.0.6312.60)
Build info: version: &amp;apos;4.17.0&amp;apos;, revision: &amp;apos;e52b1be057*&amp;apos;
System info: os.name: &amp;apos;Windows 11&amp;apos;, os.arch: &amp;apos;amd64&amp;apos;, os.version: &amp;apos;10.0&amp;apos;, java.version: &amp;apos;21.0.2&amp;apos;
Driver info: org.openqa.selenium.chrome.ChromeDriver
Command: [1da9ad271756c1adb0c3bdc170f2ba94, findElement {value=//input[@id=&amp;apos;emailInput&amp;apos;], using=xpath}]
Capabilities {acceptInsecureCerts: false, browserName: chrome, browserVersion: 123.0.6312.60, chrome: {chromedriverVersion: 123.0.6312.86 (9b72c47a0536..., userDataDir: C:\Users\nisha\AppData\Loca...}, fedcm:accounts: true, goog:chromeOptions: {debuggerAddress: localhost:50769}, networkConnectionEnabled: false, pageLoadStrategy: normal, platformName: windows, proxy: Proxy(), se:cdp: ws://localhost:50769/devtoo..., se:cdpVersion: 123.0.6312.60, setWindowRect: true, strictFileInteractability: false, timeouts: {implicit: 0, pageLoad: 300000, script: 30000}, unhandledPromptBehavior: dismiss and notify, webauthn:extension:credBlob: true, webauthn:extension:largeBlob: true, webauthn:extension:minPinLength: true, webauthn:extension:prf: true, webauthn:virtualAuthenticators: true}
Session ID: 1da9ad271756c1adb0c3bdc170f2ba94">
      <![CDATA[org.openqa.selenium.NoSuchWindowException: no such window: target window already closed
from unknown error: web view not found
  (Session info: chrome=123.0.6312.60)
Build info: version: '4.17.0', revision: 'e52b1be057*'
System info: os.name: 'Windows 11', os.arch: 'amd64', os.version: '10.0', java.version: '21.0.2'
Driver info: org.openqa.selenium.chrome.ChromeDriver
Command: [1da9ad271756c1adb0c3bdc170f2ba94, findElement {value=//input[@id='emailInput'], using=xpath}]
Capabilities {acceptInsecureCerts: false, browserName: chrome, browserVersion: 123.0.6312.60, chrome: {chromedriverVersion: 123.0.6312.86 (9b72c47a0536..., userDataDir: C:\Users\nisha\AppData\Loca...}, fedcm:accounts: true, goog:chromeOptions: {debuggerAddress: localhost:50769}, networkConnectionEnabled: false, pageLoadStrategy: normal, platformName: windows, proxy: Proxy(), se:cdp: ws://localhost:50769/devtoo..., se:cdpVersion: 123.0.6312.60, setWindowRect: true, strictFileInteractability: false, timeouts: {implicit: 0, pageLoad: 300000, script: 30000}, unhandledPromptBehavior: dismiss and notify, webauthn:extension:credBlob: true, webauthn:extension:largeBlob: true, webauthn:extension:minPinLength: true, webauthn:extension:prf: true, webauthn:virtualAuthenticators: true}
Session ID: 1da9ad271756c1adb0c3bdc170f2ba94
at org.openqa.selenium.remote.codec.w3c.W3CHttpResponseCodec.createException(W3CHttpResponseCodec.java:185)
at org.openqa.selenium.remote.codec.w3c.W3CHttpResponseCodec.decode(W3CHttpResponseCodec.java:134)
at org.openqa.selenium.remote.codec.w3c.W3CHttpResponseCodec.decode(W3CHttpResponseCodec.java:51)
at org.openqa.selenium.remote.HttpCommandExecutor.execute(HttpCommandExecutor.java:190)
at org.openqa.selenium.remote.service.DriverCommandExecutor.invokeExecute(DriverCommandExecutor.java:216)
at org.openqa.selenium.remote.service.DriverCommandExecutor.execute(DriverCommandExecutor.java:174)
at org.openqa.selenium.remote.RemoteWebDriver.execute(RemoteWebDriver.java:519)
at org.openqa.selenium.remote.ElementLocation$ElementFinder$2.findElement(ElementLocation.java:165)
at org.openqa.selenium.remote.ElementLocation.findElement(ElementLocation.java:59)
at org.openqa.selenium.remote.RemoteWebDriver.findElement(RemoteWebDriver.java:356)
at org.openqa.selenium.remote.RemoteWebDriver.findElement(RemoteWebDriver.java:350)
at org.openqa.selenium.support.pagefactory.DefaultElementLocator.findElement(DefaultElementLocator.java:68)
at org.openqa.selenium.support.pagefactory.internal.LocatingElementHandler.invoke(LocatingElementHandler.java:38)
at jdk.proxy2/jdk.proxy2.$Proxy28.sendKeys(Unknown Source)
at com.billhub.qa.pages.LoginPage.loginAsAccount(LoginPage.java:56)
at com.billhub.qa.testcases.InvoiceValidationByAccounts_1022_Test.setup(InvoiceValidationByAccounts_1022_Test.java:29)
at java.base/java.util.ArrayList.forEach(ArrayList.java:1596)
... Removed 26 stack frames]]>
    </failure>
  </testcase> <!-- @BeforeClass setup -->
  <testcase classname="com.billhub.qa.testcases.InvoiceValidationByAccounts_1022_Test" name="@AfterClass tearDown" time="0.0">
    <skipped/>
  </testcase> <!-- @AfterClass tearDown -->
  <testcase classname="com.billhub.qa.testcases.InvoiceValidationByTaxation_1022_Test" name="@BeforeClass setup" time="1.705">
    <failure type="org.openqa.selenium.NoSuchWindowException" message="no such window: target window already closed
from unknown error: web view not found
  (Session info: chrome=123.0.6312.60)
Build info: version: &amp;apos;4.17.0&amp;apos;, revision: &amp;apos;e52b1be057*&amp;apos;
System info: os.name: &amp;apos;Windows 11&amp;apos;, os.arch: &amp;apos;amd64&amp;apos;, os.version: &amp;apos;10.0&amp;apos;, java.version: &amp;apos;21.0.2&amp;apos;
Driver info: org.openqa.selenium.chrome.ChromeDriver
Command: [1494fbdfcfd4943f8d395a92728acd72, findElement {value=//input[@id=&amp;apos;emailInput&amp;apos;], using=xpath}]
Capabilities {acceptInsecureCerts: false, browserName: chrome, browserVersion: 123.0.6312.60, chrome: {chromedriverVersion: 123.0.6312.86 (9b72c47a0536..., userDataDir: C:\Users\nisha\AppData\Loca...}, fedcm:accounts: true, goog:chromeOptions: {debuggerAddress: localhost:50789}, networkConnectionEnabled: false, pageLoadStrategy: normal, platformName: windows, proxy: Proxy(), se:cdp: ws://localhost:50789/devtoo..., se:cdpVersion: 123.0.6312.60, setWindowRect: true, strictFileInteractability: false, timeouts: {implicit: 0, pageLoad: 300000, script: 30000}, unhandledPromptBehavior: dismiss and notify, webauthn:extension:credBlob: true, webauthn:extension:largeBlob: true, webauthn:extension:minPinLength: true, webauthn:extension:prf: true, webauthn:virtualAuthenticators: true}
Session ID: 1494fbdfcfd4943f8d395a92728acd72">
      <![CDATA[org.openqa.selenium.NoSuchWindowException: no such window: target window already closed
from unknown error: web view not found
  (Session info: chrome=123.0.6312.60)
Build info: version: '4.17.0', revision: 'e52b1be057*'
System info: os.name: 'Windows 11', os.arch: 'amd64', os.version: '10.0', java.version: '21.0.2'
Driver info: org.openqa.selenium.chrome.ChromeDriver
Command: [1494fbdfcfd4943f8d395a92728acd72, findElement {value=//input[@id='emailInput'], using=xpath}]
Capabilities {acceptInsecureCerts: false, browserName: chrome, browserVersion: 123.0.6312.60, chrome: {chromedriverVersion: 123.0.6312.86 (9b72c47a0536..., userDataDir: C:\Users\nisha\AppData\Loca...}, fedcm:accounts: true, goog:chromeOptions: {debuggerAddress: localhost:50789}, networkConnectionEnabled: false, pageLoadStrategy: normal, platformName: windows, proxy: Proxy(), se:cdp: ws://localhost:50789/devtoo..., se:cdpVersion: 123.0.6312.60, setWindowRect: true, strictFileInteractability: false, timeouts: {implicit: 0, pageLoad: 300000, script: 30000}, unhandledPromptBehavior: dismiss and notify, webauthn:extension:credBlob: true, webauthn:extension:largeBlob: true, webauthn:extension:minPinLength: true, webauthn:extension:prf: true, webauthn:virtualAuthenticators: true}
Session ID: 1494fbdfcfd4943f8d395a92728acd72
at org.openqa.selenium.remote.codec.w3c.W3CHttpResponseCodec.createException(W3CHttpResponseCodec.java:185)
at org.openqa.selenium.remote.codec.w3c.W3CHttpResponseCodec.decode(W3CHttpResponseCodec.java:134)
at org.openqa.selenium.remote.codec.w3c.W3CHttpResponseCodec.decode(W3CHttpResponseCodec.java:51)
at org.openqa.selenium.remote.HttpCommandExecutor.execute(HttpCommandExecutor.java:190)
at org.openqa.selenium.remote.service.DriverCommandExecutor.invokeExecute(DriverCommandExecutor.java:216)
at org.openqa.selenium.remote.service.DriverCommandExecutor.execute(DriverCommandExecutor.java:174)
at org.openqa.selenium.remote.RemoteWebDriver.execute(RemoteWebDriver.java:519)
at org.openqa.selenium.remote.ElementLocation$ElementFinder$2.findElement(ElementLocation.java:165)
at org.openqa.selenium.remote.ElementLocation.findElement(ElementLocation.java:59)
at org.openqa.selenium.remote.RemoteWebDriver.findElement(RemoteWebDriver.java:356)
at org.openqa.selenium.remote.RemoteWebDriver.findElement(RemoteWebDriver.java:350)
at org.openqa.selenium.support.pagefactory.DefaultElementLocator.findElement(DefaultElementLocator.java:68)
at org.openqa.selenium.support.pagefactory.internal.LocatingElementHandler.invoke(LocatingElementHandler.java:38)
at jdk.proxy2/jdk.proxy2.$Proxy28.sendKeys(Unknown Source)
at com.billhub.qa.pages.LoginPage.loginAsTaxation(LoginPage.java:65)
at com.billhub.qa.testcases.InvoiceValidationByTaxation_1022_Test.setup(InvoiceValidationByTaxation_1022_Test.java:28)
at java.base/java.util.ArrayList.forEach(ArrayList.java:1596)
... Removed 26 stack frames]]>
    </failure>
  </testcase> <!-- @BeforeClass setup -->
  <testcase classname="com.billhub.qa.testcases.InvoiceValidationByTaxation_1022_Test" name="@AfterClass tearDown" time="0.0">
    <skipped/>
  </testcase> <!-- @AfterClass tearDown -->
  <testcase classname="com.billhub.qa.testcases.CreatePaymentRequestForPOPageTest" name="@BeforeClass setup" time="1.676">
    <failure type="org.openqa.selenium.NoSuchWindowException" message="no such window: target window already closed
from unknown error: web view not found
  (Session info: chrome=123.0.6312.60)
Build info: version: &amp;apos;4.17.0&amp;apos;, revision: &amp;apos;e52b1be057*&amp;apos;
System info: os.name: &amp;apos;Windows 11&amp;apos;, os.arch: &amp;apos;amd64&amp;apos;, os.version: &amp;apos;10.0&amp;apos;, java.version: &amp;apos;21.0.2&amp;apos;
Driver info: org.openqa.selenium.chrome.ChromeDriver
Command: [9f8e40bb86effa517d94ba1b3db89be4, findElement {value=//input[@id=&amp;apos;emailInput&amp;apos;], using=xpath}]
Capabilities {acceptInsecureCerts: false, browserName: chrome, browserVersion: 123.0.6312.60, chrome: {chromedriverVersion: 123.0.6312.86 (9b72c47a0536..., userDataDir: C:\Users\nisha\AppData\Loca...}, fedcm:accounts: true, goog:chromeOptions: {debuggerAddress: localhost:50809}, networkConnectionEnabled: false, pageLoadStrategy: normal, platformName: windows, proxy: Proxy(), se:cdp: ws://localhost:50809/devtoo..., se:cdpVersion: 123.0.6312.60, setWindowRect: true, strictFileInteractability: false, timeouts: {implicit: 0, pageLoad: 300000, script: 30000}, unhandledPromptBehavior: dismiss and notify, webauthn:extension:credBlob: true, webauthn:extension:largeBlob: true, webauthn:extension:minPinLength: true, webauthn:extension:prf: true, webauthn:virtualAuthenticators: true}
Session ID: 9f8e40bb86effa517d94ba1b3db89be4">
      <![CDATA[org.openqa.selenium.NoSuchWindowException: no such window: target window already closed
from unknown error: web view not found
  (Session info: chrome=123.0.6312.60)
Build info: version: '4.17.0', revision: 'e52b1be057*'
System info: os.name: 'Windows 11', os.arch: 'amd64', os.version: '10.0', java.version: '21.0.2'
Driver info: org.openqa.selenium.chrome.ChromeDriver
Command: [9f8e40bb86effa517d94ba1b3db89be4, findElement {value=//input[@id='emailInput'], using=xpath}]
Capabilities {acceptInsecureCerts: false, browserName: chrome, browserVersion: 123.0.6312.60, chrome: {chromedriverVersion: 123.0.6312.86 (9b72c47a0536..., userDataDir: C:\Users\nisha\AppData\Loca...}, fedcm:accounts: true, goog:chromeOptions: {debuggerAddress: localhost:50809}, networkConnectionEnabled: false, pageLoadStrategy: normal, platformName: windows, proxy: Proxy(), se:cdp: ws://localhost:50809/devtoo..., se:cdpVersion: 123.0.6312.60, setWindowRect: true, strictFileInteractability: false, timeouts: {implicit: 0, pageLoad: 300000, script: 30000}, unhandledPromptBehavior: dismiss and notify, webauthn:extension:credBlob: true, webauthn:extension:largeBlob: true, webauthn:extension:minPinLength: true, webauthn:extension:prf: true, webauthn:virtualAuthenticators: true}
Session ID: 9f8e40bb86effa517d94ba1b3db89be4
at org.openqa.selenium.remote.codec.w3c.W3CHttpResponseCodec.createException(W3CHttpResponseCodec.java:185)
at org.openqa.selenium.remote.codec.w3c.W3CHttpResponseCodec.decode(W3CHttpResponseCodec.java:134)
at org.openqa.selenium.remote.codec.w3c.W3CHttpResponseCodec.decode(W3CHttpResponseCodec.java:51)
at org.openqa.selenium.remote.HttpCommandExecutor.execute(HttpCommandExecutor.java:190)
at org.openqa.selenium.remote.service.DriverCommandExecutor.invokeExecute(DriverCommandExecutor.java:216)
at org.openqa.selenium.remote.service.DriverCommandExecutor.execute(DriverCommandExecutor.java:174)
at org.openqa.selenium.remote.RemoteWebDriver.execute(RemoteWebDriver.java:519)
at org.openqa.selenium.remote.ElementLocation$ElementFinder$2.findElement(ElementLocation.java:165)
at org.openqa.selenium.remote.ElementLocation.findElement(ElementLocation.java:59)
at org.openqa.selenium.remote.RemoteWebDriver.findElement(RemoteWebDriver.java:356)
at org.openqa.selenium.remote.RemoteWebDriver.findElement(RemoteWebDriver.java:350)
at org.openqa.selenium.support.pagefactory.DefaultElementLocator.findElement(DefaultElementLocator.java:68)
at org.openqa.selenium.support.pagefactory.internal.LocatingElementHandler.invoke(LocatingElementHandler.java:38)
at jdk.proxy2/jdk.proxy2.$Proxy28.sendKeys(Unknown Source)
at com.billhub.qa.pages.LoginPage.loginAsCommercial(LoginPage.java:47)
at com.billhub.qa.testcases.CreatePaymentRequestForPOPageTest.setup(CreatePaymentRequestForPOPageTest.java:26)
at java.base/java.util.ArrayList.forEach(ArrayList.java:1596)
... Removed 26 stack frames]]>
    </failure>
  </testcase> <!-- @BeforeClass setup -->
  <testcase classname="com.billhub.qa.testcases.CreatePaymentRequestForPOPageTest" name="@AfterClass tearDown" time="0.0">
    <skipped/>
  </testcase> <!-- @AfterClass tearDown -->
  <testcase classname="com.billhub.qa.testcases.CreatePOBasedInvoicePageTest" name="submitMemoWithValidDataTest" time="23.209">
    <failure type="org.openqa.selenium.UnhandledAlertException" message="unexpected alert open: {Alert text : }
  (Session info: chrome=123.0.6312.60): {Alert text : 
Build info: version: &amp;apos;4.17.0&amp;apos;, revision: &amp;apos;e52b1be057*&amp;apos;
System info: os.name: &amp;apos;Windows 11&amp;apos;, os.arch: &amp;apos;amd64&amp;apos;, os.version: &amp;apos;10.0&amp;apos;, java.version: &amp;apos;21.0.2&amp;apos;
Driver info: org.openqa.selenium.chrome.ChromeDriver
Command: [e01c3b03ec6da1073ae6961f1077614e, screenshot {}]
Capabilities {acceptInsecureCerts: false, browserName: chrome, browserVersion: 123.0.6312.60, chrome: {chromedriverVersion: 123.0.6312.86 (9b72c47a0536..., userDataDir: C:\Users\nisha\AppData\Loca...}, fedcm:accounts: true, goog:chromeOptions: {debuggerAddress: localhost:50697}, networkConnectionEnabled: false, pageLoadStrategy: normal, platformName: windows, proxy: Proxy(), se:cdp: ws://localhost:50697/devtoo..., se:cdpVersion: 123.0.6312.60, setWindowRect: true, strictFileInteractability: false, timeouts: {implicit: 0, pageLoad: 300000, script: 30000}, unhandledPromptBehavior: dismiss and notify, webauthn:extension:credBlob: true, webauthn:extension:largeBlob: true, webauthn:extension:minPinLength: true, webauthn:extension:prf: true, webauthn:virtualAuthenticators: true}
Session ID: e01c3b03ec6da1073ae6961f1077614e">
      <![CDATA[org.openqa.selenium.UnhandledAlertException: unexpected alert open: {Alert text : }
  (Session info: chrome=123.0.6312.60): {Alert text : 
Build info: version: '4.17.0', revision: 'e52b1be057*'
System info: os.name: 'Windows 11', os.arch: 'amd64', os.version: '10.0', java.version: '21.0.2'
Driver info: org.openqa.selenium.chrome.ChromeDriver
Command: [e01c3b03ec6da1073ae6961f1077614e, screenshot {}]
Capabilities {acceptInsecureCerts: false, browserName: chrome, browserVersion: 123.0.6312.60, chrome: {chromedriverVersion: 123.0.6312.86 (9b72c47a0536..., userDataDir: C:\Users\nisha\AppData\Loca...}, fedcm:accounts: true, goog:chromeOptions: {debuggerAddress: localhost:50697}, networkConnectionEnabled: false, pageLoadStrategy: normal, platformName: windows, proxy: Proxy(), se:cdp: ws://localhost:50697/devtoo..., se:cdpVersion: 123.0.6312.60, setWindowRect: true, strictFileInteractability: false, timeouts: {implicit: 0, pageLoad: 300000, script: 30000}, unhandledPromptBehavior: dismiss and notify, webauthn:extension:credBlob: true, webauthn:extension:largeBlob: true, webauthn:extension:minPinLength: true, webauthn:extension:prf: true, webauthn:virtualAuthenticators: true}
Session ID: e01c3b03ec6da1073ae6961f1077614e
at org.openqa.selenium.remote.codec.w3c.W3CHttpResponseCodec.decode(W3CHttpResponseCodec.java:132)
at org.openqa.selenium.remote.codec.w3c.W3CHttpResponseCodec.decode(W3CHttpResponseCodec.java:51)
at org.openqa.selenium.remote.HttpCommandExecutor.execute(HttpCommandExecutor.java:190)
at org.openqa.selenium.remote.service.DriverCommandExecutor.invokeExecute(DriverCommandExecutor.java:216)
at org.openqa.selenium.remote.service.DriverCommandExecutor.execute(DriverCommandExecutor.java:174)
at org.openqa.selenium.remote.RemoteWebDriver.execute(RemoteWebDriver.java:519)
at org.openqa.selenium.remote.RemoteWebDriver.execute(RemoteWebDriver.java:592)
at org.openqa.selenium.remote.RemoteWebDriver.execute(RemoteWebDriver.java:596)
at org.openqa.selenium.remote.RemoteWebDriver.getScreenshotAs(RemoteWebDriver.java:322)
at com.billhub.qa.utils.TestUtils.takeScreenshot(TestUtils.java:251)
at com.billhub.qa.extentReportListener.ExtentReportNG.onTestFailure(ExtentReportNG.java:46)
at java.base/java.util.ArrayList.forEach(ArrayList.java:1596)
... Removed 24 stack frames]]>
    </failure>
  </testcase> <!-- submitMemoWithValidDataTest -->
  <testcase classname="com.billhub.qa.testcases.POBasedInvoiceAcknowledgementPageTest" name="validateAcknowledgeTheMemoTest" time="0.0">
    <skipped/>
  </testcase> <!-- validateAcknowledgeTheMemoTest -->
  <testcase classname="com.billhub.qa.testcases.POBasedInvoiceAcknowledgementPageTest" name="validateAcknowledgedStatusTest" time="0.0">
    <skipped/>
  </testcase> <!-- validateAcknowledgedStatusTest -->
  <testcase classname="com.billhub.qa.testcases.POBasedInvoiceAcknowledgementPageTest" name="verifyInvoiceWithValidDataTest" time="0.0">
    <skipped/>
  </testcase> <!-- verifyInvoiceWithValidDataTest -->
  <testcase classname="com.billhub.qa.testcases.POBasedInvoiceAcknowledgementPageTest" name="validateVerifiedStatusTest" time="0.0">
    <skipped/>
  </testcase> <!-- validateVerifiedStatusTest -->
  <testcase classname="com.billhub.qa.testcases.POBasedInvoiceAcknowledgementPageTest" name="bookingInvoiceWithValidDataTest" time="0.0">
    <skipped/>
  </testcase> <!-- bookingInvoiceWithValidDataTest -->
  <testcase classname="com.billhub.qa.testcases.POBasedInvoiceAcknowledgementPageTest" name="searchByTransactionBatchIdTest" time="0.0">
    <skipped/>
  </testcase> <!-- searchByTransactionBatchIdTest -->
  <testcase classname="com.billhub.qa.testcases.InvoiceValidationByAccounts_1022_Test" name="validateCorrectInvoicesTest" time="0.0">
    <skipped/>
  </testcase> <!-- validateCorrectInvoicesTest -->
  <testcase classname="com.billhub.qa.testcases.InvoiceValidationByTaxation_1022_Test" name="validateCorrectInvoicesTest" time="0.0">
    <skipped/>
  </testcase> <!-- validateCorrectInvoicesTest -->
  <testcase classname="com.billhub.qa.testcases.CreatePaymentRequestForPOPageTest" name="validateExcelsheetDataTest" time="0.0">
    <skipped/>
  </testcase> <!-- validateExcelsheetDataTest -->
  <testcase classname="com.billhub.qa.testcases.CreatePaymentRequestForPOPageTest" name="ValidateDownloadPaymentRequestTest" time="0.0">
    <skipped/>
  </testcase> <!-- ValidateDownloadPaymentRequestTest -->
  <testcase classname="com.billhub.qa.testcases.CreatePaymentRequestForPOPageTest" name="searchWithValidRequestNumberTest" time="0.0">
    <ignored/>
  </testcase> <!-- searchWithValidRequestNumberTest -->
  <testcase classname="com.billhub.qa.testcases.POBasedInvoiceAcknowledgementPageTest" name="validateSubmittedPoBasedInvoiceInDashboardTest" time="0.0">
    <ignored/>
  </testcase> <!-- validateSubmittedPoBasedInvoiceInDashboardTest -->
  <testcase classname="com.billhub.qa.testcases.InvoiceValidationByTaxation_1022_Test" name="searchInvoicesWithInvalidData" time="0.0">
    <ignored/>
  </testcase> <!-- searchInvoicesWithInvalidData -->
  <testcase classname="com.billhub.qa.testcases.CreatePOBasedInvoicePageTest" name="splitPoQuantityAndCreateMultipleInvoicesTest" time="0.0">
    <ignored/>
  </testcase> <!-- splitPoQuantityAndCreateMultipleInvoicesTest -->
  <testcase classname="com.billhub.qa.testcases.POBasedInvoiceAcknowledgementPageTest" name="searchingInvoiceWithMultipleFieldsTest" time="0.0">
    <ignored/>
  </testcase> <!-- searchingInvoiceWithMultipleFieldsTest -->
  <testcase classname="com.billhub.qa.testcases.CreatePaymentRequestForPOPageTest" name="searchWithInvalidRequestNumberTest" time="0.0">
    <ignored/>
  </testcase> <!-- searchWithInvalidRequestNumberTest -->
  <testcase classname="com.billhub.qa.testcases.CreatePOBasedInvoicePageTest" name="submitMemoWithDuplicateDataTest" time="0.0">
    <ignored/>
  </testcase> <!-- submitMemoWithDuplicateDataTest -->
  <testcase classname="com.billhub.qa.testcases.POBasedInvoiceAcknowledgementPageTest" name="downloadingInvoiceBeforeBookingTest" time="0.0">
    <ignored/>
  </testcase> <!-- downloadingInvoiceBeforeBookingTest -->
  <testcase classname="com.billhub.qa.testcases.POBasedInvoiceAcknowledgementPageTest" name="validatingTwoDocumentNumbersTest" time="0.0">
    <ignored/>
  </testcase> <!-- validatingTwoDocumentNumbersTest -->
  <testcase classname="com.billhub.qa.testcases.CreatePaymentRequestForPOPageTest" name="searchInvoicesByValidBaNameTest" time="0.0">
    <ignored/>
  </testcase> <!-- searchInvoicesByValidBaNameTest -->
  <testcase classname="com.billhub.qa.testcases.CreatePOBasedInvoicePageTest" name="gstCodeVerificationTest" time="0.0">
    <ignored/>
  </testcase> <!-- gstCodeVerificationTest -->
  <testcase classname="com.billhub.qa.testcases.POBasedInvoiceAcknowledgementPageTest" name="validateInvoiceFilePreviewTest" time="0.0">
    <ignored/>
  </testcase> <!-- validateInvoiceFilePreviewTest -->
  <testcase classname="com.billhub.qa.testcases.POBasedInvoiceAcknowledgementPageTest" name="searchByInvalidTransactionBatchIdTest" time="0.0">
    <ignored/>
  </testcase> <!-- searchByInvalidTransactionBatchIdTest -->
  <testcase classname="com.billhub.qa.testcases.InvoiceValidationByAccounts_1022_Test" name="validateRaiseQueryTest" time="0.0">
    <ignored/>
  </testcase> <!-- validateRaiseQueryTest -->
  <testcase classname="com.billhub.qa.testcases.CreatePaymentRequestForPOPageTest" name="ValidateRejectPaymentRequestTest" time="0.0">
    <ignored/>
  </testcase> <!-- ValidateRejectPaymentRequestTest -->
  <testcase classname="com.billhub.qa.testcases.POBasedInvoiceAcknowledgementPageTest" name="acknowledgingInvalidGRNTest" time="0.0">
    <ignored/>
  </testcase> <!-- acknowledgingInvalidGRNTest -->
  <testcase classname="com.billhub.qa.testcases.InvoiceValidationByAccounts_1022_Test" name="validateAllInvoicesTest" time="0.0">
    <ignored/>
  </testcase> <!-- validateAllInvoicesTest -->
  <testcase classname="com.billhub.qa.testcases.POBasedInvoiceAcknowledgementPageTest" name="verifyInvoiceWithInvalidTaxCodeTest" time="0.0">
    <ignored/>
  </testcase> <!-- verifyInvoiceWithInvalidTaxCodeTest -->
  <testcase classname="com.billhub.qa.testcases.InvoiceValidationByTaxation_1022_Test" name="validateRaiseQueryTest" time="0.0">
    <ignored/>
  </testcase> <!-- validateRaiseQueryTest -->
  <testcase classname="com.billhub.qa.testcases.POBasedInvoiceAcknowledgementPageTest" name="ValidateReassignTheMemoTest" time="0.0">
    <ignored/>
  </testcase> <!-- ValidateReassignTheMemoTest -->
  <testcase classname="com.billhub.qa.testcases.CreatePOBasedInvoicePageTest" name="createInvoiceWithoutDataTest" time="0.0">
    <ignored/>
  </testcase> <!-- createInvoiceWithoutDataTest -->
  <testcase classname="com.billhub.qa.testcases.POBasedInvoiceAcknowledgementPageTest" name="ValidateRejectTheMemoTest" time="0.0">
    <ignored/>
  </testcase> <!-- ValidateRejectTheMemoTest -->
  <testcase classname="com.billhub.qa.testcases.CreatePOBasedInvoicePageTest" name="createMultipleInvoiceInSingleMemoTest" time="0.0">
    <ignored/>
  </testcase> <!-- createMultipleInvoiceInSingleMemoTest -->
  <testcase classname="com.billhub.qa.testcases.POBasedInvoiceAcknowledgementPageTest" name="searchingInvoiceWithInvalidDataTest" time="0.0">
    <ignored/>
  </testcase> <!-- searchingInvoiceWithInvalidDataTest -->
  <testcase classname="com.billhub.qa.testcases.CreatePOBasedInvoicePageTest" name="tdCodeVerificationTest" time="0.0">
    <ignored/>
  </testcase> <!-- tdCodeVerificationTest -->
  <testcase classname="com.billhub.qa.testcases.InvoiceValidationByAccounts_1022_Test" name="validateBlanketApproveTest" time="0.0">
    <ignored/>
  </testcase> <!-- validateBlanketApproveTest -->
  <testcase classname="com.billhub.qa.testcases.POBasedInvoiceAcknowledgementPageTest" name="validateRejectedStatusTest" time="0.0">
    <ignored/>
  </testcase> <!-- validateRejectedStatusTest -->
  <testcase classname="com.billhub.qa.testcases.InvoiceValidationByTaxation_1022_Test" name="validateAllInvoicesTest" time="0.0">
    <ignored/>
  </testcase> <!-- validateAllInvoicesTest -->
  <testcase classname="com.billhub.qa.testcases.CreatePOBasedInvoicePageTest" name="additionalAmountVerificationTest" time="0.0">
    <ignored/>
  </testcase> <!-- additionalAmountVerificationTest -->
  <testcase classname="com.billhub.qa.testcases.POBasedInvoiceAcknowledgementPageTest" name="downloadingBookedInvoiceTest" time="0.0">
    <ignored/>
  </testcase> <!-- downloadingBookedInvoiceTest -->
  <testcase classname="com.billhub.qa.testcases.InvoiceValidationByAccounts_1022_Test" name="validateExportButtonTest" time="0.0">
    <ignored/>
  </testcase> <!-- validateExportButtonTest -->
  <testcase classname="com.billhub.qa.testcases.InvoiceValidationByAccounts_1022_Test" name="validateDownloadButtonTest" time="0.0">
    <ignored/>
  </testcase> <!-- validateDownloadButtonTest -->
  <testcase classname="com.billhub.qa.testcases.InvoiceValidationByAccounts_1022_Test" name="searchInvoicesWithInvalidData" time="0.0">
    <ignored/>
  </testcase> <!-- searchInvoicesWithInvalidData -->
  <testcase classname="com.billhub.qa.testcases.InvoiceValidationByAccounts_1022_Test" name="validatePendingInvoicesTest" time="0.0">
    <ignored/>
  </testcase> <!-- validatePendingInvoicesTest -->
  <testcase classname="com.billhub.qa.testcases.InvoiceValidationByAccounts_1022_Test" name="searchInvoicesWithMultipleFieldsTest" time="0.0">
    <ignored/>
  </testcase> <!-- searchInvoicesWithMultipleFieldsTest -->
  <testcase classname="com.billhub.qa.testcases.POBasedInvoiceAcknowledgementPageTest" name="ValidateRejectTheAcknowledgedInvoiceTest" time="0.0">
    <ignored/>
  </testcase> <!-- ValidateRejectTheAcknowledgedInvoiceTest -->
  <testcase classname="com.billhub.qa.testcases.InvoiceValidationByTaxation_1022_Test" name="validateBlanketApproveTest" time="0.0">
    <ignored/>
  </testcase> <!-- validateBlanketApproveTest -->
  <testcase classname="com.billhub.qa.testcases.InvoiceValidationByTaxation_1022_Test" name="validatePendingInvoicesTest" time="0.0">
    <ignored/>
  </testcase> <!-- validatePendingInvoicesTest -->
  <testcase classname="com.billhub.qa.testcases.InvoiceValidationByTaxation_1022_Test" name="validateExportButtonTest" time="0.0">
    <ignored/>
  </testcase> <!-- validateExportButtonTest -->
  <testcase classname="com.billhub.qa.testcases.InvoiceValidationByTaxation_1022_Test" name="validateDownloadButtonTest" time="0.0">
    <ignored/>
  </testcase> <!-- validateDownloadButtonTest -->
  <testcase classname="com.billhub.qa.testcases.CreatePaymentRequestForPOPageTest" name="searchInvoicesByInvalidBaNameTest" time="0.0">
    <ignored/>
  </testcase> <!-- searchInvoicesByInvalidBaNameTest -->
  <testcase classname="com.billhub.qa.testcases.InvoiceValidationByTaxation_1022_Test" name="searchInvoicesWithMultipleFieldsTest" time="0.0">
    <ignored/>
  </testcase> <!-- searchInvoicesWithMultipleFieldsTest -->
</testsuite> <!-- BillHub App Test Cases -->
