<?xml version="1.0" encoding="UTF-8"?>
<!-- Generated by org.testng.reporters.JUnitXMLReporter -->
<testsuite ignored="21" hostname="LAPTOP-T9TC6QDG" failures="0" tests="7" name="BillHub App Test Cases" time="550.314" errors="0" timestamp="2024-03-22T13:05:31 IST">
  <testcase classname="com.billhub.qa.testcases.CreatePOBasedInvoicePageTest" name="submitMemoWithValidDataTest" time="205.002"/>
  <testcase classname="com.billhub.qa.testcases.POBasedInvoiceAcknowledgementPageTest" name="validateAcknowledgeTheMemoTest" time="62.122"/>
  <testcase classname="com.billhub.qa.testcases.POBasedInvoiceAcknowledgementPageTest" name="validateAcknowledgedStatusTest" time="41.377"/>
  <testcase classname="com.billhub.qa.testcases.POBasedInvoiceAcknowledgementPageTest" name="verifyInvoiceWithValidDataTest" time="103.871"/>
  <testcase classname="com.billhub.qa.testcases.POBasedInvoiceAcknowledgementPageTest" name="validateVerifiedStatusTest" time="40.843"/>
  <testcase classname="com.billhub.qa.testcases.POBasedInvoiceAcknowledgementPageTest" name="bookingInvoiceWithValidDataTest" time="42.915"/>
  <testcase classname="com.billhub.qa.testcases.POBasedInvoiceAcknowledgementPageTest" name="searchByTransactionBatchIdTest" time="21.407"/>
  <testcase classname="com.billhub.qa.testcases.POBasedInvoiceAcknowledgementPageTest" name="ValidateReassignTheMemoTest" time="0.0">
    <ignored/>
  </testcase> <!-- ValidateReassignTheMemoTest -->
  <testcase classname="com.billhub.qa.testcases.POBasedInvoiceAcknowledgementPageTest" name="downloadingBookedInvoiceTest" time="0.0">
    <ignored/>
  </testcase> <!-- downloadingBookedInvoiceTest -->
  <testcase classname="com.billhub.qa.testcases.CreatePOBasedInvoicePageTest" name="gstCodeVerificationTest" time="0.0">
    <ignored/>
  </testcase> <!-- gstCodeVerificationTest -->
  <testcase classname="com.billhub.qa.testcases.POBasedInvoiceAcknowledgementPageTest" name="ValidateRejectTheAcknowledgedInvoiceTest" time="0.0">
    <ignored/>
  </testcase> <!-- ValidateRejectTheAcknowledgedInvoiceTest -->
  <testcase classname="com.billhub.qa.testcases.POBasedInvoiceAcknowledgementPageTest" name="ValidateRejectTheMemoTest" time="0.0">
    <ignored/>
  </testcase> <!-- ValidateRejectTheMemoTest -->
  <testcase classname="com.billhub.qa.testcases.POBasedInvoiceAcknowledgementPageTest" name="validateInvoiceFilePreviewTest" time="0.0">
    <ignored/>
  </testcase> <!-- validateInvoiceFilePreviewTest -->
  <testcase classname="com.billhub.qa.testcases.CreatePOBasedInvoicePageTest" name="createInvoiceWithoutDataTest" time="0.0">
    <ignored/>
  </testcase> <!-- createInvoiceWithoutDataTest -->
  <testcase classname="com.billhub.qa.testcases.POBasedInvoiceAcknowledgementPageTest" name="searchingInvoiceWithInvalidDataTest" time="0.0">
    <ignored/>
  </testcase> <!-- searchingInvoiceWithInvalidDataTest -->
  <testcase classname="com.billhub.qa.testcases.POBasedInvoiceAcknowledgementPageTest" name="searchByInvalidTransactionBatchIdTest" time="0.0">
    <ignored/>
  </testcase> <!-- searchByInvalidTransactionBatchIdTest -->
  <testcase classname="com.billhub.qa.testcases.CreatePOBasedInvoicePageTest" name="createMultipleInvoiceInSingleMemoTest" time="0.0">
    <ignored/>
  </testcase> <!-- createMultipleInvoiceInSingleMemoTest -->
  <testcase classname="com.billhub.qa.testcases.CreatePOBasedInvoicePageTest" name="tdCodeVerificationTest" time="0.0">
    <ignored/>
  </testcase> <!-- tdCodeVerificationTest -->
  <testcase classname="com.billhub.qa.testcases.CreatePOBasedInvoicePageTest" name="additionalAmountVerificationTest" time="0.0">
    <ignored/>
  </testcase> <!-- additionalAmountVerificationTest -->
  <testcase classname="com.billhub.qa.testcases.CreatePOBasedInvoicePageTest" name="submitMemoWithDuplicateDataTest" time="0.0">
    <ignored/>
  </testcase> <!-- submitMemoWithDuplicateDataTest -->
  <testcase classname="com.billhub.qa.testcases.POBasedInvoiceAcknowledgementPageTest" name="verifyInvoiceWithInvalidTaxCodeTest" time="0.0">
    <ignored/>
  </testcase> <!-- verifyInvoiceWithInvalidTaxCodeTest -->
  <testcase classname="com.billhub.qa.testcases.POBasedInvoiceAcknowledgementPageTest" name="validateRejectedStatusTest" time="0.0">
    <ignored/>
  </testcase> <!-- validateRejectedStatusTest -->
  <testcase classname="com.billhub.qa.testcases.POBasedInvoiceAcknowledgementPageTest" name="acknowledgingInvalidGRNTest" time="0.0">
    <ignored/>
  </testcase> <!-- acknowledgingInvalidGRNTest -->
  <testcase classname="com.billhub.qa.testcases.POBasedInvoiceAcknowledgementPageTest" name="validateSubmittedPoBasedInvoiceInDashboardTest" time="0.0">
    <ignored/>
  </testcase> <!-- validateSubmittedPoBasedInvoiceInDashboardTest -->
  <testcase classname="com.billhub.qa.testcases.POBasedInvoiceAcknowledgementPageTest" name="validatingTwoDocumentNumbersTest" time="0.0">
    <ignored/>
  </testcase> <!-- validatingTwoDocumentNumbersTest -->
  <testcase classname="com.billhub.qa.testcases.CreatePOBasedInvoicePageTest" name="splitPoQuantityAndCreateMultipleInvoicesTest" time="0.0">
    <ignored/>
  </testcase> <!-- splitPoQuantityAndCreateMultipleInvoicesTest -->
  <testcase classname="com.billhub.qa.testcases.POBasedInvoiceAcknowledgementPageTest" name="downloadingInvoiceBeforeBookingTest" time="0.0">
    <ignored/>
  </testcase> <!-- downloadingInvoiceBeforeBookingTest -->
  <testcase classname="com.billhub.qa.testcases.POBasedInvoiceAcknowledgementPageTest" name="searchingInvoiceWithMultipleFieldsTest" time="0.0">
    <ignored/>
  </testcase> <!-- searchingInvoiceWithMultipleFieldsTest -->
</testsuite> <!-- BillHub App Test Cases -->
